#
# An unexpected error has occurred (11)
#
Stack:
/opt/Xilinx/Vivado/2019.1/tps/lnx64/jre9.0.4/lib//server/libjvm.so(+0xb6aadb) [0x7efffaee9adb]
/opt/Xilinx/Vivado/2019.1/tps/lnx64/jre9.0.4/lib//server/libjvm.so(JVM_handle_linux_signal+0xbb) [0x7efffaeeee1b]
/opt/Xilinx/Vivado/2019.1/tps/lnx64/jre9.0.4/lib//server/libjvm.so(+0xb647b8) [0x7efffaee37b8]
/lib/x86_64-linux-gnu/libc.so.6(+0x43090) [0x7f004117b090]
/opt/Xilinx/Vivado/2019.1/lib/lnx64.o/librdi_labtools.so(std::_Rb_tree<XHWName, std::pair<XHWName const, XHWProperty>, std::_Select1st<std::pair<XHWName const, XHWProperty> >, std::less<XHWName>, std::allocator<std::pair<XHWName const, XHWProperty> > >::find(XHWName const&)+0xe) [0x7f000259244e]
/opt/Xilinx/Vivado/2019.1/lib/lnx64.o/librdi_labtools.so(LTDHWDevice::setAllRegisterProperties()+0x184) [0x7f00025850a4]
/opt/Xilinx/Vivado/2019.1/lib/lnx64.o/librdi_labtools.so(LTDHWDevice::refreshDeviceProperties()+0x308) [0x7f000258d9d8]
/opt/Xilinx/Vivado/2019.1/lib/lnx64.o/librdi_labtools.so(LTDHWDevice::refresh(bool*)+0x199) [0x7f000258f279]
/opt/Xilinx/Vivado/2019.1/lib/lnx64.o/librdi_labtoolstasks.so(+0x5c39c7) [0x7effd223d9c7]
/opt/Xilinx/Vivado/2019.1/lib/lnx64.o/librdi_common.so(+0x8068e2) [0x7f00422ed8e2]
/opt/Xilinx/Vivado/2019.1/lib/lnx64.o/libtcl8.5.so(+0x334af) [0x7f003cc134af]
/opt/Xilinx/Vivado/2019.1/lib/lnx64.o/libtcl8.5.so(+0x76875) [0x7f003cc56875]
/opt/Xilinx/Vivado/2019.1/lib/lnx64.o/libtcl8.5.so(+0x7e029) [0x7f003cc5e029]
/opt/Xilinx/Vivado/2019.1/lib/lnx64.o/libtcl8.5.so(TclEvalObjEx+0x76) [0x7f003cc15156]
/opt/Xilinx/Vivado/2019.1/lib/lnx64.o/librdi_common.so(+0x804df1) [0x7f00422ebdf1]
/opt/Xilinx/Vivado/2019.1/lib/lnx64.o/libtcl8.5.so(Tcl_ServiceEvent+0x7f) [0x7f003cc87b0f]
/opt/Xilinx/Vivado/2019.1/lib/lnx64.o/libtcl8.5.so(Tcl_DoOneEvent+0x154) [0x7f003cc87e44]
/opt/Xilinx/Vivado/2019.1/lib/lnx64.o/librdi_commontasks.so(+0x231625) [0x7f0036fb6625]
/opt/Xilinx/Vivado/2019.1/lib/lnx64.o/librdi_commontasks.so(+0x23b163) [0x7f0036fc0163]
/opt/Xilinx/Vivado/2019.1/lib/lnx64.o/librdi_commontasks.so(+0x23c1fe) [0x7f0036fc11fe]
/opt/Xilinx/Vivado/2019.1/lib/lnx64.o/librdi_common.so(+0x8068e2) [0x7f00422ed8e2]
/opt/Xilinx/Vivado/2019.1/lib/lnx64.o/libtcl8.5.so(+0x334af) [0x7f003cc134af]
/opt/Xilinx/Vivado/2019.1/lib/lnx64.o/libtcl8.5.so(Tcl_EvalObjv+0x32) [0x7f003cc135e2]
/opt/Xilinx/Vivado/2019.1/lib/lnx64.o/libtcl8.5.so(TclEvalObjEx+0x322) [0x7f003cc15402]
/opt/Xilinx/Vivado/2019.1/lib/lnx64.o/librdi_commonmain.so(+0x7424) [0x7f00418e3424]
/opt/Xilinx/Vivado/2019.1/lib/lnx64.o/libtcl8.5.so(Tcl_Main+0x1d0) [0x7f003cc80210]
/opt/Xilinx/Vivado/2019.1/lib/lnx64.o/librdi_common.so(+0x84ac9b) [0x7f0042331c9b]
/lib/x86_64-linux-gnu/libpthread.so.0(+0x8609) [0x7f004111d609]
/lib/x86_64-linux-gnu/libc.so.6(clone+0x43) [0x7f0041257133]
