Copyright 1986-2019 Xilinx, Inc. All Rights Reserved.
-------------------------------------------------------------------------------------------------------------------------------------------
| Tool Version     : Vivado v.2019.1 (lin64) Build 2552052 Fri May 24 14:47:09 MDT 2019
| Date             : Wed Feb  1 15:19:21 2023
| Host             : coding running 64-bit Ubuntu 20.04.5 LTS
| Command          : report_power -file leon5mp_power_routed.rpt -pb leon5mp_power_summary_routed.pb -rpx leon5mp_power_routed.rpx
| Design           : leon5mp
| Device           : xc7k325tffg900-2
| Design State     : routed
| Grade            : commercial
| Process          : typical
| Characterization : Production
-------------------------------------------------------------------------------------------------------------------------------------------

Power Report

Table of Contents
-----------------
1. Summary
1.1 On-Chip Components
1.2 Power Supply Summary
1.3 Confidence Level
2. Settings
2.1 Environment
2.2 Clock Constraints
3. Detailed Reports
3.1 By Hierarchy

1. Summary
----------

+--------------------------+--------------+
| Total On-Chip Power (W)  | 2.580        |
| Design Power Budget (W)  | Unspecified* |
| Power Budget Margin (W)  | NA           |
| Dynamic (W)              | 2.401        |
| Device Static (W)        | 0.178        |
| Effective TJA (C/W)      | 1.8          |
| Max Ambient (C)          | 80.4         |
| Junction Temperature (C) | 29.6         |
| Confidence Level         | Low          |
| Setting File             | ---          |
| Simulation Activity File | ---          |
| Design Nets Matched      | NA           |
+--------------------------+--------------+
* Specify Design Power Budget using, set_operating_conditions -design_power_budget <value in Watts>


1.1 On-Chip Components
----------------------

+--------------------------+-----------+----------+-----------+-----------------+
| On-Chip                  | Power (W) | Used     | Available | Utilization (%) |
+--------------------------+-----------+----------+-----------+-----------------+
| Clocks                   |     0.134 |       55 |       --- |             --- |
| Slice Logic              |     0.169 |    99164 |       --- |             --- |
|   LUT as Logic           |     0.161 |    54465 |    203800 |           26.72 |
|   Register               |     0.003 |    30567 |    407600 |            7.50 |
|   CARRY4                 |     0.002 |      876 |     50950 |            1.72 |
|   LUT as Distributed RAM |     0.002 |     1412 |     64000 |            2.21 |
|   F7/F8 Muxes            |    <0.001 |     2608 |    203800 |            1.28 |
|   LUT as Shift Register  |    <0.001 |      623 |     64000 |            0.97 |
|   BUFG                   |    <0.001 |        1 |        32 |            3.13 |
|   Others                 |    <0.001 |      649 |       --- |             --- |
| Signals                  |     0.258 |    80491 |       --- |             --- |
| Block RAM                |     0.021 |     32.5 |       445 |            7.30 |
| MMCM                     |     0.095 |        1 |        10 |           10.00 |
| PLL                      |     0.324 |        3 |        10 |           30.00 |
| DSPs                     |     0.006 |        6 |       840 |            0.71 |
| I/O                      |     0.999 |      193 |       500 |           38.60 |
| PHASER                   |     0.392 |       44 |       --- |             --- |
| XADC                     |     0.004 |        1 |       --- |             --- |
| Static Power             |     0.178 |          |           |                 |
| Total                    |     2.580 |          |           |                 |
+--------------------------+-----------+----------+-----------+-----------------+


1.2 Power Supply Summary
------------------------

+-----------+-------------+-----------+-------------+------------+
| Source    | Voltage (V) | Total (A) | Dynamic (A) | Static (A) |
+-----------+-------------+-----------+-------------+------------+
| Vccint    |       1.000 |     0.797 |       0.714 |      0.084 |
| Vccaux    |       1.800 |     0.627 |       0.598 |      0.029 |
| Vcco33    |       3.300 |     0.000 |       0.000 |      0.000 |
| Vcco25    |       2.500 |     0.003 |       0.002 |      0.001 |
| Vcco18    |       1.800 |     0.000 |       0.000 |      0.000 |
| Vcco15    |       1.500 |     0.402 |       0.401 |      0.001 |
| Vcco135   |       1.350 |     0.000 |       0.000 |      0.000 |
| Vcco12    |       1.200 |     0.000 |       0.000 |      0.000 |
| Vccaux_io |       1.800 |     0.000 |       0.000 |      0.000 |
| Vccbram   |       1.000 |     0.004 |       0.001 |      0.003 |
| MGTAVcc   |       1.000 |     0.000 |       0.000 |      0.000 |
| MGTAVtt   |       1.200 |     0.000 |       0.000 |      0.000 |
| MGTVccaux |       1.800 |     0.000 |       0.000 |      0.000 |
| Vccadc    |       1.800 |     0.022 |       0.002 |      0.020 |
+-----------+-------------+-----------+-------------+------------+


1.3 Confidence Level
--------------------

+-----------------------------+------------+--------------------------------------------------------+------------------------------------------------------------------------------------------------------------+
| User Input Data             | Confidence | Details                                                | Action                                                                                                     |
+-----------------------------+------------+--------------------------------------------------------+------------------------------------------------------------------------------------------------------------+
| Design implementation state | High       | Design is routed                                       |                                                                                                            |
| Clock nodes activity        | High       | User specified more than 95% of clocks                 |                                                                                                            |
| I/O nodes activity          | Low        | More than 75% of inputs are missing user specification | Provide missing input activity with simulation results or by editing the "By Resource Type -> I/Os" view   |
| Internal nodes activity     | Medium     | User specified less than 25% of internal nodes         | Provide missing internal nodes activity with simulation results or by editing the "By Resource Type" views |
| Device models               | High       | Device models are Production                           |                                                                                                            |
|                             |            |                                                        |                                                                                                            |
| Overall confidence level    | Low        |                                                        |                                                                                                            |
+-----------------------------+------------+--------------------------------------------------------+------------------------------------------------------------------------------------------------------------+


2. Settings
-----------

2.1 Environment
---------------

+-----------------------+--------------------------+
| Ambient Temp (C)      | 25.0                     |
| ThetaJA (C/W)         | 1.8                      |
| Airflow (LFM)         | 250                      |
| Heat Sink             | medium (Medium Profile)  |
| ThetaSA (C/W)         | 3.3                      |
| Board Selection       | medium (10"x10")         |
| # of Board Layers     | 12to15 (12 to 15 Layers) |
| Board Temperature (C) | 25.0                     |
+-----------------------+--------------------------+


2.2 Clock Constraints
---------------------

+-----------------------------------------------------------------------------------------------------------------------------------------------------------+------------------------------------------------------------------------------------------------------------------------------------------------------------------------------------------------------------+-----------------+
| Clock                                                                                                                                                     | Domain                                                                                                                                                                                                     | Constraint (ns) |
+-----------------------------------------------------------------------------------------------------------------------------------------------------------+------------------------------------------------------------------------------------------------------------------------------------------------------------------------------------------------------------+-----------------+
| CLKFBIN                                                                                                                                                   | mig_gen.gen_mig.clkgenmigref0/xc7l.v/CLKFBIN                                                                                                                                                               |            10.0 |
| PLLE2_ADV0_CLKFB_0                                                                                                                                        | PLLE2_ADV0_CLKFB_0                                                                                                                                                                                         |            20.0 |
| clk200                                                                                                                                                    | clk200p                                                                                                                                                                                                    |             5.0 |
| clk25_nobuf_0                                                                                                                                             | clk25_nobuf_0                                                                                                                                                                                              |            40.0 |
| clk25_nobuf_90                                                                                                                                            | clk25_nobuf_90                                                                                                                                                                                             |            40.0 |
| clk_nobuf                                                                                                                                                 | mig_gen.gen_mig.clkgenmigref0/xc7l.v/clk_nobuf                                                                                                                                                             |             5.0 |
| clk_pll_i                                                                                                                                                 | mig_gen.gen_mig.ddrc/MCB_inst/u_mig_mig/u_ddr3_infrastructure/clk_pll_i                                                                                                                                    |            10.0 |
| freq_refclk                                                                                                                                               | mig_gen.gen_mig.ddrc/MCB_inst/u_mig_mig/u_ddr3_infrastructure/freq_refclk                                                                                                                                  |             1.2 |
| io_ref_nobuf_0                                                                                                                                            | io_ref_nobuf_0                                                                                                                                                                                             |             4.0 |
| iserdes_clkdiv                                                                                                                                            | mig_gen.gen_mig.ddrc/MCB_inst/u_mig_mig/u_memc_ui_top_axi/mem_intfc0/ddr_phy_top0/u_ddr_mc_phy_wrapper/u_ddr_mc_phy/ddr_phy_4lanes_0.u_ddr_phy_4lanes/ddr_byte_lane_A.ddr_byte_lane_A/iserdes_clkdiv       |            10.0 |
| iserdes_clkdiv_1                                                                                                                                          | mig_gen.gen_mig.ddrc/MCB_inst/u_mig_mig/u_memc_ui_top_axi/mem_intfc0/ddr_phy_top0/u_ddr_mc_phy_wrapper/u_ddr_mc_phy/ddr_phy_4lanes_0.u_ddr_phy_4lanes/ddr_byte_lane_B.ddr_byte_lane_B/iserdes_clkdiv       |            10.0 |
| iserdes_clkdiv_2                                                                                                                                          | mig_gen.gen_mig.ddrc/MCB_inst/u_mig_mig/u_memc_ui_top_axi/mem_intfc0/ddr_phy_top0/u_ddr_mc_phy_wrapper/u_ddr_mc_phy/ddr_phy_4lanes_0.u_ddr_phy_4lanes/ddr_byte_lane_C.ddr_byte_lane_C/iserdes_clkdiv       |            10.0 |
| iserdes_clkdiv_3                                                                                                                                          | mig_gen.gen_mig.ddrc/MCB_inst/u_mig_mig/u_memc_ui_top_axi/mem_intfc0/ddr_phy_top0/u_ddr_mc_phy_wrapper/u_ddr_mc_phy/ddr_phy_4lanes_0.u_ddr_phy_4lanes/ddr_byte_lane_D.ddr_byte_lane_D/iserdes_clkdiv       |            10.0 |
| iserdes_clkdiv_4                                                                                                                                          | mig_gen.gen_mig.ddrc/MCB_inst/u_mig_mig/u_memc_ui_top_axi/mem_intfc0/ddr_phy_top0/u_ddr_mc_phy_wrapper/u_ddr_mc_phy/ddr_phy_4lanes_2.u_ddr_phy_4lanes/ddr_byte_lane_A.ddr_byte_lane_A/iserdes_clkdiv       |            10.0 |
| iserdes_clkdiv_5                                                                                                                                          | mig_gen.gen_mig.ddrc/MCB_inst/u_mig_mig/u_memc_ui_top_axi/mem_intfc0/ddr_phy_top0/u_ddr_mc_phy_wrapper/u_ddr_mc_phy/ddr_phy_4lanes_2.u_ddr_phy_4lanes/ddr_byte_lane_B.ddr_byte_lane_B/iserdes_clkdiv       |            10.0 |
| iserdes_clkdiv_6                                                                                                                                          | mig_gen.gen_mig.ddrc/MCB_inst/u_mig_mig/u_memc_ui_top_axi/mem_intfc0/ddr_phy_top0/u_ddr_mc_phy_wrapper/u_ddr_mc_phy/ddr_phy_4lanes_2.u_ddr_phy_4lanes/ddr_byte_lane_C.ddr_byte_lane_C/iserdes_clkdiv       |            10.0 |
| iserdes_clkdiv_7                                                                                                                                          | mig_gen.gen_mig.ddrc/MCB_inst/u_mig_mig/u_memc_ui_top_axi/mem_intfc0/ddr_phy_top0/u_ddr_mc_phy_wrapper/u_ddr_mc_phy/ddr_phy_4lanes_2.u_ddr_phy_4lanes/ddr_byte_lane_D.ddr_byte_lane_D/iserdes_clkdiv       |            10.0 |
| mem_refclk                                                                                                                                                | mig_gen.gen_mig.ddrc/MCB_inst/u_mig_mig/u_ddr3_infrastructure/mem_refclk                                                                                                                                   |             2.5 |
| oserdes_clk                                                                                                                                               | mig_gen.gen_mig.ddrc/MCB_inst/u_mig_mig/u_memc_ui_top_axi/mem_intfc0/ddr_phy_top0/u_ddr_mc_phy_wrapper/u_ddr_mc_phy/ddr_phy_4lanes_0.u_ddr_phy_4lanes/ddr_byte_lane_A.ddr_byte_lane_A/oserdes_clk          |             2.5 |
| oserdes_clk_1                                                                                                                                             | mig_gen.gen_mig.ddrc/MCB_inst/u_mig_mig/u_memc_ui_top_axi/mem_intfc0/ddr_phy_top0/u_ddr_mc_phy_wrapper/u_ddr_mc_phy/ddr_phy_4lanes_0.u_ddr_phy_4lanes/ddr_byte_lane_B.ddr_byte_lane_B/oserdes_clk          |             2.5 |
| oserdes_clk_10                                                                                                                                            | mig_gen.gen_mig.ddrc/MCB_inst/u_mig_mig/u_memc_ui_top_axi/mem_intfc0/ddr_phy_top0/u_ddr_mc_phy_wrapper/u_ddr_mc_phy/ddr_phy_4lanes_2.u_ddr_phy_4lanes/ddr_byte_lane_D.ddr_byte_lane_D/oserdes_clk          |             2.5 |
| oserdes_clk_2                                                                                                                                             | mig_gen.gen_mig.ddrc/MCB_inst/u_mig_mig/u_memc_ui_top_axi/mem_intfc0/ddr_phy_top0/u_ddr_mc_phy_wrapper/u_ddr_mc_phy/ddr_phy_4lanes_0.u_ddr_phy_4lanes/ddr_byte_lane_C.ddr_byte_lane_C/oserdes_clk          |             2.5 |
| oserdes_clk_3                                                                                                                                             | mig_gen.gen_mig.ddrc/MCB_inst/u_mig_mig/u_memc_ui_top_axi/mem_intfc0/ddr_phy_top0/u_ddr_mc_phy_wrapper/u_ddr_mc_phy/ddr_phy_4lanes_0.u_ddr_phy_4lanes/ddr_byte_lane_D.ddr_byte_lane_D/oserdes_clk          |             2.5 |
| oserdes_clk_4                                                                                                                                             | mig_gen.gen_mig.ddrc/MCB_inst/u_mig_mig/u_memc_ui_top_axi/mem_intfc0/ddr_phy_top0/u_ddr_mc_phy_wrapper/u_ddr_mc_phy/ddr_phy_4lanes_1.u_ddr_phy_4lanes/ddr_byte_lane_A.ddr_byte_lane_A/oserdes_clk          |             2.5 |
| oserdes_clk_5                                                                                                                                             | mig_gen.gen_mig.ddrc/MCB_inst/u_mig_mig/u_memc_ui_top_axi/mem_intfc0/ddr_phy_top0/u_ddr_mc_phy_wrapper/u_ddr_mc_phy/ddr_phy_4lanes_1.u_ddr_phy_4lanes/ddr_byte_lane_B.ddr_byte_lane_B/oserdes_clk          |             2.5 |
| oserdes_clk_6                                                                                                                                             | mig_gen.gen_mig.ddrc/MCB_inst/u_mig_mig/u_memc_ui_top_axi/mem_intfc0/ddr_phy_top0/u_ddr_mc_phy_wrapper/u_ddr_mc_phy/ddr_phy_4lanes_1.u_ddr_phy_4lanes/ddr_byte_lane_C.ddr_byte_lane_C/oserdes_clk          |             2.5 |
| oserdes_clk_7                                                                                                                                             | mig_gen.gen_mig.ddrc/MCB_inst/u_mig_mig/u_memc_ui_top_axi/mem_intfc0/ddr_phy_top0/u_ddr_mc_phy_wrapper/u_ddr_mc_phy/ddr_phy_4lanes_2.u_ddr_phy_4lanes/ddr_byte_lane_A.ddr_byte_lane_A/oserdes_clk          |             2.5 |
| oserdes_clk_8                                                                                                                                             | mig_gen.gen_mig.ddrc/MCB_inst/u_mig_mig/u_memc_ui_top_axi/mem_intfc0/ddr_phy_top0/u_ddr_mc_phy_wrapper/u_ddr_mc_phy/ddr_phy_4lanes_2.u_ddr_phy_4lanes/ddr_byte_lane_B.ddr_byte_lane_B/oserdes_clk          |             2.5 |
| oserdes_clk_9                                                                                                                                             | mig_gen.gen_mig.ddrc/MCB_inst/u_mig_mig/u_memc_ui_top_axi/mem_intfc0/ddr_phy_top0/u_ddr_mc_phy_wrapper/u_ddr_mc_phy/ddr_phy_4lanes_2.u_ddr_phy_4lanes/ddr_byte_lane_C.ddr_byte_lane_C/oserdes_clk          |             2.5 |
| oserdes_clkdiv                                                                                                                                            | mig_gen.gen_mig.ddrc/MCB_inst/u_mig_mig/u_memc_ui_top_axi/mem_intfc0/ddr_phy_top0/u_ddr_mc_phy_wrapper/u_ddr_mc_phy/ddr_phy_4lanes_0.u_ddr_phy_4lanes/ddr_byte_lane_A.ddr_byte_lane_A/oserdes_clkdiv       |             5.0 |
| oserdes_clkdiv_1                                                                                                                                          | mig_gen.gen_mig.ddrc/MCB_inst/u_mig_mig/u_memc_ui_top_axi/mem_intfc0/ddr_phy_top0/u_ddr_mc_phy_wrapper/u_ddr_mc_phy/ddr_phy_4lanes_0.u_ddr_phy_4lanes/ddr_byte_lane_B.ddr_byte_lane_B/oserdes_clkdiv       |             5.0 |
| oserdes_clkdiv_10                                                                                                                                         | mig_gen.gen_mig.ddrc/MCB_inst/u_mig_mig/u_memc_ui_top_axi/mem_intfc0/ddr_phy_top0/u_ddr_mc_phy_wrapper/u_ddr_mc_phy/ddr_phy_4lanes_2.u_ddr_phy_4lanes/ddr_byte_lane_D.ddr_byte_lane_D/oserdes_clkdiv       |             5.0 |
| oserdes_clkdiv_2                                                                                                                                          | mig_gen.gen_mig.ddrc/MCB_inst/u_mig_mig/u_memc_ui_top_axi/mem_intfc0/ddr_phy_top0/u_ddr_mc_phy_wrapper/u_ddr_mc_phy/ddr_phy_4lanes_0.u_ddr_phy_4lanes/ddr_byte_lane_C.ddr_byte_lane_C/oserdes_clkdiv       |             5.0 |
| oserdes_clkdiv_3                                                                                                                                          | mig_gen.gen_mig.ddrc/MCB_inst/u_mig_mig/u_memc_ui_top_axi/mem_intfc0/ddr_phy_top0/u_ddr_mc_phy_wrapper/u_ddr_mc_phy/ddr_phy_4lanes_0.u_ddr_phy_4lanes/ddr_byte_lane_D.ddr_byte_lane_D/oserdes_clkdiv       |             5.0 |
| oserdes_clkdiv_4                                                                                                                                          | mig_gen.gen_mig.ddrc/MCB_inst/u_mig_mig/u_memc_ui_top_axi/mem_intfc0/ddr_phy_top0/u_ddr_mc_phy_wrapper/u_ddr_mc_phy/ddr_phy_4lanes_1.u_ddr_phy_4lanes/ddr_byte_lane_A.ddr_byte_lane_A/oserdes_clkdiv       |            10.0 |
| oserdes_clkdiv_5                                                                                                                                          | mig_gen.gen_mig.ddrc/MCB_inst/u_mig_mig/u_memc_ui_top_axi/mem_intfc0/ddr_phy_top0/u_ddr_mc_phy_wrapper/u_ddr_mc_phy/ddr_phy_4lanes_1.u_ddr_phy_4lanes/ddr_byte_lane_B.ddr_byte_lane_B/oserdes_clkdiv       |            10.0 |
| oserdes_clkdiv_6                                                                                                                                          | mig_gen.gen_mig.ddrc/MCB_inst/u_mig_mig/u_memc_ui_top_axi/mem_intfc0/ddr_phy_top0/u_ddr_mc_phy_wrapper/u_ddr_mc_phy/ddr_phy_4lanes_1.u_ddr_phy_4lanes/ddr_byte_lane_C.ddr_byte_lane_C/oserdes_clkdiv       |            10.0 |
| oserdes_clkdiv_7                                                                                                                                          | mig_gen.gen_mig.ddrc/MCB_inst/u_mig_mig/u_memc_ui_top_axi/mem_intfc0/ddr_phy_top0/u_ddr_mc_phy_wrapper/u_ddr_mc_phy/ddr_phy_4lanes_2.u_ddr_phy_4lanes/ddr_byte_lane_A.ddr_byte_lane_A/oserdes_clkdiv       |             5.0 |
| oserdes_clkdiv_8                                                                                                                                          | mig_gen.gen_mig.ddrc/MCB_inst/u_mig_mig/u_memc_ui_top_axi/mem_intfc0/ddr_phy_top0/u_ddr_mc_phy_wrapper/u_ddr_mc_phy/ddr_phy_4lanes_2.u_ddr_phy_4lanes/ddr_byte_lane_B.ddr_byte_lane_B/oserdes_clkdiv       |             5.0 |
| oserdes_clkdiv_9                                                                                                                                          | mig_gen.gen_mig.ddrc/MCB_inst/u_mig_mig/u_memc_ui_top_axi/mem_intfc0/ddr_phy_top0/u_ddr_mc_phy_wrapper/u_ddr_mc_phy/ddr_phy_4lanes_2.u_ddr_phy_4lanes/ddr_byte_lane_C.ddr_byte_lane_C/oserdes_clkdiv       |             5.0 |
| phy_rxclk                                                                                                                                                 | phy_rxclk                                                                                                                                                                                                  |             8.0 |
| pll_clk3_out                                                                                                                                              | mig_gen.gen_mig.ddrc/MCB_inst/u_mig_mig/u_ddr3_infrastructure/pll_clk3_out                                                                                                                                 |            10.0 |
| pll_clkfbout                                                                                                                                              | mig_gen.gen_mig.ddrc/MCB_inst/u_mig_mig/u_ddr3_infrastructure/pll_clkfbout                                                                                                                                 |             5.0 |
| sync_pulse                                                                                                                                                | mig_gen.gen_mig.ddrc/MCB_inst/u_mig_mig/u_ddr3_infrastructure/sync_pulse                                                                                                                                   |            40.0 |
| u_memc_ui_top_axi/mem_intfc0/ddr_phy_top0/u_ddr_mc_phy_wrapper/u_ddr_mc_phy/ddr_phy_4lanes_0.u_ddr_phy_4lanes/ddr_byte_lane_A.ddr_byte_lane_A/iserdes_clk | mig_gen.gen_mig.ddrc/MCB_inst/u_mig_mig/u_memc_ui_top_axi/mem_intfc0/ddr_phy_top0/u_ddr_mc_phy_wrapper/u_ddr_mc_phy/ddr_phy_4lanes_0.u_ddr_phy_4lanes/ddr_byte_lane_A.ddr_byte_lane_A/A_rst_primitives_reg |             2.5 |
| u_memc_ui_top_axi/mem_intfc0/ddr_phy_top0/u_ddr_mc_phy_wrapper/u_ddr_mc_phy/ddr_phy_4lanes_0.u_ddr_phy_4lanes/ddr_byte_lane_B.ddr_byte_lane_B/iserdes_clk | mig_gen.gen_mig.ddrc/MCB_inst/u_mig_mig/u_memc_ui_top_axi/mem_intfc0/ddr_phy_top0/u_ddr_mc_phy_wrapper/u_ddr_mc_phy/ddr_phy_4lanes_0.u_ddr_phy_4lanes/ddr_byte_lane_B.ddr_byte_lane_B/A_rst_primitives_reg |             2.5 |
| u_memc_ui_top_axi/mem_intfc0/ddr_phy_top0/u_ddr_mc_phy_wrapper/u_ddr_mc_phy/ddr_phy_4lanes_0.u_ddr_phy_4lanes/ddr_byte_lane_C.ddr_byte_lane_C/iserdes_clk | mig_gen.gen_mig.ddrc/MCB_inst/u_mig_mig/u_memc_ui_top_axi/mem_intfc0/ddr_phy_top0/u_ddr_mc_phy_wrapper/u_ddr_mc_phy/ddr_phy_4lanes_0.u_ddr_phy_4lanes/ddr_byte_lane_C.ddr_byte_lane_C/A_rst_primitives_reg |             2.5 |
| u_memc_ui_top_axi/mem_intfc0/ddr_phy_top0/u_ddr_mc_phy_wrapper/u_ddr_mc_phy/ddr_phy_4lanes_0.u_ddr_phy_4lanes/ddr_byte_lane_D.ddr_byte_lane_D/iserdes_clk | mig_gen.gen_mig.ddrc/MCB_inst/u_mig_mig/u_memc_ui_top_axi/mem_intfc0/ddr_phy_top0/u_ddr_mc_phy_wrapper/u_ddr_mc_phy/ddr_phy_4lanes_0.u_ddr_phy_4lanes/ddr_byte_lane_D.ddr_byte_lane_D/A_rst_primitives_reg |             2.5 |
| u_memc_ui_top_axi/mem_intfc0/ddr_phy_top0/u_ddr_mc_phy_wrapper/u_ddr_mc_phy/ddr_phy_4lanes_2.u_ddr_phy_4lanes/ddr_byte_lane_A.ddr_byte_lane_A/iserdes_clk | mig_gen.gen_mig.ddrc/MCB_inst/u_mig_mig/u_memc_ui_top_axi/mem_intfc0/ddr_phy_top0/u_ddr_mc_phy_wrapper/u_ddr_mc_phy/ddr_phy_4lanes_2.u_ddr_phy_4lanes/ddr_byte_lane_A.ddr_byte_lane_A/A_rst_primitives_reg |             2.5 |
| u_memc_ui_top_axi/mem_intfc0/ddr_phy_top0/u_ddr_mc_phy_wrapper/u_ddr_mc_phy/ddr_phy_4lanes_2.u_ddr_phy_4lanes/ddr_byte_lane_B.ddr_byte_lane_B/iserdes_clk | mig_gen.gen_mig.ddrc/MCB_inst/u_mig_mig/u_memc_ui_top_axi/mem_intfc0/ddr_phy_top0/u_ddr_mc_phy_wrapper/u_ddr_mc_phy/ddr_phy_4lanes_2.u_ddr_phy_4lanes/ddr_byte_lane_B.ddr_byte_lane_B/A_rst_primitives_reg |             2.5 |
| u_memc_ui_top_axi/mem_intfc0/ddr_phy_top0/u_ddr_mc_phy_wrapper/u_ddr_mc_phy/ddr_phy_4lanes_2.u_ddr_phy_4lanes/ddr_byte_lane_C.ddr_byte_lane_C/iserdes_clk | mig_gen.gen_mig.ddrc/MCB_inst/u_mig_mig/u_memc_ui_top_axi/mem_intfc0/ddr_phy_top0/u_ddr_mc_phy_wrapper/u_ddr_mc_phy/ddr_phy_4lanes_2.u_ddr_phy_4lanes/ddr_byte_lane_C.ddr_byte_lane_C/A_rst_primitives_reg |             2.5 |
| u_memc_ui_top_axi/mem_intfc0/ddr_phy_top0/u_ddr_mc_phy_wrapper/u_ddr_mc_phy/ddr_phy_4lanes_2.u_ddr_phy_4lanes/ddr_byte_lane_D.ddr_byte_lane_D/iserdes_clk | mig_gen.gen_mig.ddrc/MCB_inst/u_mig_mig/u_memc_ui_top_axi/mem_intfc0/ddr_phy_top0/u_ddr_mc_phy_wrapper/u_ddr_mc_phy/ddr_phy_4lanes_2.u_ddr_phy_4lanes/ddr_byte_lane_D.ddr_byte_lane_D/A_rst_primitives_reg |             2.5 |
+-----------------------------------------------------------------------------------------------------------------------------------------------------------+------------------------------------------------------------------------------------------------------------------------------------------------------------------------------------------------------------+-----------------+


3. Detailed Reports
-------------------

3.1 By Hierarchy
----------------

+---------------------------------+-----------+
| Name                            | Power (W) |
+---------------------------------+-----------+
| leon5mp                         |     2.401 |
|   ahbjtaggen0.ahbjtag0          |     0.004 |
|     newcom.jtagcom0             |     0.002 |
|     tap0                        |     0.002 |
|       kc7v.u0                   |     0.002 |
|   dcomgen.dcom0                 |     0.002 |
|     dcom_uart0                  |     0.002 |
|   eth0.e1                       |     0.021 |
|     m100.u0                     |     0.021 |
|       edclramnft.r0             |     0.001 |
|       edclramnft.r1             |     0.001 |
|       ethc0                     |     0.017 |
|       nft.tx_fifo0              |     0.002 |
|   eth0.rgmii0                   |     0.001 |
|   eth0.rst1                     |     0.001 |
|   i2cm.i2c0                     |     0.001 |
|     byte_ctrl                   |     0.001 |
|       bit_ctrl                  |     0.001 |
|   l5sys                         |     0.436 |
|     ac0                         |     0.005 |
|     ap0                         |     0.001 |
|       apbx                      |     0.001 |
|     cpuloop[0].nocgcpu.core     |     0.398 |
|       cc0                       |     0.130 |
|       cmem1                     |     0.021 |
|       div0                      |     0.002 |
|       iu0                       |     0.172 |
|       mul0                      |     0.006 |
|       nfpugen.nfpu0             |     0.059 |
|       ramrf.iurf0               |     0.007 |
|     dbgmod                      |     0.027 |
|       tb0.atmem0                |     0.006 |
|     gpt0                        |     0.002 |
|     irqmp0                      |     0.001 |
|     uart0                       |     0.002 |
|   mctrl_gen.addr_pad            |     0.002 |
|   mctrl_gen.mctrl0              |     0.002 |
|   mctrl_gen.oen_pad             |     0.001 |
|     xcv.x0                      |     0.001 |
|   mig_gen.gen_mig.clkgenmigref0 |     0.138 |
|     xc7l.v                      |     0.138 |
|   mig_gen.gen_mig.ddrc          |     1.687 |
|     MCB_inst                    |     1.681 |
|       u_mig_mig                 |     1.681 |
|     bridge                      |     0.006 |
|       ahb2axibx                 |     0.006 |
+---------------------------------+-----------+


