#-----------------------------------------------------------
# Vivado v2019.1 (64-bit)
# SW Build 2552052 on Fri May 24 14:47:09 MDT 2019
# IP Build 2548770 on Fri May 24 18:01:18 MDT 2019
# Start of session at: Wed Feb  1 14:17:11 2023
# Process ID: 5911
# Current directory: /home/zhichao/Downloads/GRLIB/grlib-gpl-2022.4-b4280/designs/leon5-xilinx-kc705
# Command line: vivado -mode gui -source ./vivado/leon5mp_vivado.tcl
# Log file: /home/zhichao/Downloads/GRLIB/grlib-gpl-2022.4-b4280/designs/leon5-xilinx-kc705/vivado.log
# Journal file: /home/zhichao/Downloads/GRLIB/grlib-gpl-2022.4-b4280/designs/leon5-xilinx-kc705/vivado.jou
#-----------------------------------------------------------
start_gui
source ./vivado/leon5mp_vivado.tcl
# create_project leon5-xilinx-kc705 ./vivado/leon5-xilinx-kc705 -part XC7K325Tffg900-2 -force
INFO: [IP_Flow 19-234] Refreshing IP repositories
INFO: [IP_Flow 19-1704] No user IP repositories specified
INFO: [IP_Flow 19-2313] Loaded Vivado IP repository '/opt/Xilinx/Vivado/2019.1/data/ip'.
# set_property top testbench [get_filesets sim_1]
# set_property top_lib work [get_filesets sim_1]
# set_property target_language verilog [current_project]
# set_property strategy {Vivado Synthesis Defaults} [get_runs synth_1]
# set_property strategy {Performance_ExplorePostRoutePhysOpt} [get_runs impl_1]
# read_vhdl -library grlib ../../lib/grlib/stdlib/version.vhd
# read_vhdl -library grlib ../../lib/grlib/stdlib/config_types.vhd
# read_vhdl -library grlib grlib_config_leon5.vhd
# read_vhdl -library grlib ../../lib/grlib/stdlib/stdlib.vhd
# read_vhdl -library grlib ../../lib/grlib/stdlib/stdio.vhd
# set_property used_in_synthesis false [get_files ../../lib/grlib/stdlib/stdio.vhd]
# read_vhdl -library grlib ../../lib/grlib/stdlib/testlib.vhd
# set_property used_in_synthesis false [get_files ../../lib/grlib/stdlib/testlib.vhd]
# read_vhdl -library grlib ../../lib/grlib/util/util.vhd
# set_property used_in_synthesis false [get_files ../../lib/grlib/util/util.vhd]
# read_vhdl -library grlib ../../lib/grlib/sparc/sparc.vhd
# read_vhdl -library grlib ../../lib/grlib/sparc/sparc_disas.vhd
# set_property used_in_synthesis false [get_files ../../lib/grlib/sparc/sparc_disas.vhd]
# read_vhdl -library grlib ../../lib/grlib/sparc/cpu_disas.vhd
# set_property used_in_synthesis false [get_files ../../lib/grlib/sparc/cpu_disas.vhd]
# read_vhdl -library grlib ../../lib/grlib/riscv/riscv.vhd
# read_vhdl -library grlib ../../lib/grlib/riscv/riscv_disas.vhd
# set_property used_in_synthesis false [get_files ../../lib/grlib/riscv/riscv_disas.vhd]
# read_vhdl -library grlib ../../lib/grlib/riscv/cpu_disas.vhd
# set_property used_in_synthesis false [get_files ../../lib/grlib/riscv/cpu_disas.vhd]
# read_vhdl -library grlib ../../lib/grlib/modgen/multlib.vhd
# read_vhdl -library grlib ../../lib/grlib/modgen/leaves.vhd
# read_vhdl -library grlib ../../lib/grlib/amba/amba.vhd
# read_vhdl -library grlib ../../lib/grlib/amba/devices.vhd
# read_vhdl -library grlib ../../lib/grlib/amba/defmst.vhd
# read_vhdl -library grlib ../../lib/grlib/amba/apbctrl.vhd
# read_vhdl -library grlib ../../lib/grlib/amba/apbctrlx.vhd
# read_vhdl -library grlib ../../lib/grlib/amba/apbctrlsp.vhd
# read_vhdl -library grlib ../../lib/grlib/amba/apbctrldp.vhd
# read_vhdl -library grlib ../../lib/grlib/amba/apbctrl3p.vhd
# read_vhdl -library grlib ../../lib/grlib/amba/apbctrl4p.vhd
# read_vhdl -library grlib ../../lib/grlib/amba/ahbctrl.vhd
# read_vhdl -library grlib ../../lib/grlib/amba/dma2ahb_pkg.vhd
# read_vhdl -library grlib ../../lib/grlib/amba/dma2ahb.vhd
# read_vhdl -library grlib ../../lib/grlib/amba/ahbmst.vhd
# read_vhdl -library grlib ../../lib/grlib/amba/ahblitm2ahbm.vhd
# read_vhdl -library grlib ../../lib/grlib/amba/dma2ahb_tp.vhd
# set_property used_in_synthesis false [get_files ../../lib/grlib/amba/dma2ahb_tp.vhd]
# read_vhdl -library grlib ../../lib/grlib/amba/amba_tp.vhd
# set_property used_in_synthesis false [get_files ../../lib/grlib/amba/amba_tp.vhd]
# read_vhdl -library grlib ../../lib/grlib/dftlib/dftlib.vhd
# read_vhdl -library grlib ../../lib/grlib/dftlib/trstmux.vhd
# read_vhdl -library grlib ../../lib/grlib/dftlib/synciotest.vhd
# read_vhdl -library grlib ../../lib/grlib/generic_bm/generic_bm_pkg.vhd
# read_vhdl -library grlib ../../lib/grlib/generic_bm/ahb_be.vhd
# read_vhdl -library grlib ../../lib/grlib/generic_bm/axi4_be.vhd
# read_vhdl -library grlib ../../lib/grlib/generic_bm/bmahbmst.vhd
# read_vhdl -library grlib ../../lib/grlib/generic_bm/bm_fre.vhd
# read_vhdl -library grlib ../../lib/grlib/generic_bm/bm_me_rc.vhd
# read_vhdl -library grlib ../../lib/grlib/generic_bm/bm_me_wc.vhd
# read_vhdl -library grlib ../../lib/grlib/generic_bm/fifo_control_rc.vhd
# read_vhdl -library grlib ../../lib/grlib/generic_bm/fifo_control_wc.vhd
# read_vhdl -library grlib ../../lib/grlib/generic_bm/generic_bm_ahb.vhd
# read_vhdl -library grlib ../../lib/grlib/generic_bm/generic_bm_axi.vhd
# read_vhdl -library techmap ../../lib/techmap/gencomp/gencomp.vhd
# read_vhdl -library techmap ../../lib/techmap/gencomp/netcomp.vhd
# read_vhdl -library techmap ../../lib/techmap/alltech/allclkgen.vhd
# read_vhdl -library techmap ../../lib/techmap/alltech/allddr.vhd
# read_vhdl -library techmap ../../lib/techmap/alltech/allmem.vhd
# read_vhdl -library techmap ../../lib/techmap/alltech/allmul.vhd
# read_vhdl -library techmap ../../lib/techmap/alltech/allpads.vhd
# read_vhdl -library techmap ../../lib/techmap/alltech/alltap.vhd
# read_vhdl -library techmap ../../lib/techmap/inferred/memory_inferred.vhd
# read_vhdl -library techmap ../../lib/techmap/inferred/ddr_inferred.vhd
# read_vhdl -library techmap ../../lib/techmap/inferred/mul_inferred.vhd
# read_vhdl -library techmap ../../lib/techmap/inferred/ddr_phy_inferred.vhd
# read_vhdl -library techmap ../../lib/techmap/inferred/ddrphy_datapath.vhd
# read_vhdl -library techmap ../../lib/techmap/inferred/fifo_inferred.vhd
# read_vhdl -library techmap ../../lib/techmap/inferred/sim_pll.vhd
# set_property used_in_synthesis false [get_files ../../lib/techmap/inferred/sim_pll.vhd]
# read_vhdl -library techmap ../../lib/techmap/inferred/lpddr2_phy_inferred.vhd
# set_property used_in_synthesis false [get_files ../../lib/techmap/inferred/lpddr2_phy_inferred.vhd]
# read_vhdl -library techmap ../../lib/techmap/unisim/memory_kintex7.vhd
# read_vhdl -library techmap ../../lib/techmap/unisim/memory_ultrascale.vhd
# read_vhdl -library techmap ../../lib/techmap/unisim/memory_unisim.vhd
# read_vhdl -library techmap ../../lib/techmap/unisim/buffer_unisim.vhd
# read_vhdl -library techmap ../../lib/techmap/unisim/pads_unisim.vhd
# read_vhdl -library techmap ../../lib/techmap/unisim/clkgen_unisim.vhd
# read_vhdl -library techmap ../../lib/techmap/unisim/tap_unisim.vhd
# read_vhdl -library techmap ../../lib/techmap/unisim/ddr_unisim.vhd
# read_vhdl -library techmap ../../lib/techmap/unisim/ddr_phy_unisim.vhd
# read_vhdl -library techmap ../../lib/techmap/unisim/sysmon_unisim.vhd
# read_vhdl -library techmap ../../lib/techmap/unisim/mul_unisim.vhd
# read_vhdl -library techmap ../../lib/techmap/unisim/spictrl_unisim.vhd
# read_vhdl -library techmap ../../lib/techmap/maps/techbuf.vhd
# read_vhdl -library techmap ../../lib/techmap/maps/clkgen.vhd
# read_vhdl -library techmap ../../lib/techmap/maps/clkmux.vhd
# read_vhdl -library techmap ../../lib/techmap/maps/clkinv.vhd
# read_vhdl -library techmap ../../lib/techmap/maps/clkand.vhd
# read_vhdl -library techmap ../../lib/techmap/maps/grgates.vhd
# read_vhdl -library techmap ../../lib/techmap/maps/ddr_ireg.vhd
# read_vhdl -library techmap ../../lib/techmap/maps/ddr_oreg.vhd
# read_vhdl -library techmap ../../lib/techmap/maps/clkpad.vhd
# read_vhdl -library techmap ../../lib/techmap/maps/clkpad_ds.vhd
# read_vhdl -library techmap ../../lib/techmap/maps/inpad.vhd
# read_vhdl -library techmap ../../lib/techmap/maps/inpad_ds.vhd
# read_vhdl -library techmap ../../lib/techmap/maps/iodpad.vhd
# read_vhdl -library techmap ../../lib/techmap/maps/iopad.vhd
# read_vhdl -library techmap ../../lib/techmap/maps/iopad_ds.vhd
# read_vhdl -library techmap ../../lib/techmap/maps/lvds_combo.vhd
# read_vhdl -library techmap ../../lib/techmap/maps/odpad.vhd
# read_vhdl -library techmap ../../lib/techmap/maps/outpad.vhd
# read_vhdl -library techmap ../../lib/techmap/maps/outpad_ds.vhd
# read_vhdl -library techmap ../../lib/techmap/maps/toutpad.vhd
# read_vhdl -library techmap ../../lib/techmap/maps/toutpad_ds.vhd
# read_vhdl -library techmap ../../lib/techmap/maps/skew_outpad.vhd
# read_vhdl -library techmap ../../lib/techmap/maps/ddrphy.vhd
# read_vhdl -library techmap ../../lib/techmap/maps/syncram.vhd
# read_vhdl -library techmap ../../lib/techmap/maps/syncram64.vhd
# read_vhdl -library techmap ../../lib/techmap/maps/syncram_2p.vhd
# read_vhdl -library techmap ../../lib/techmap/maps/syncram_dp.vhd
# read_vhdl -library techmap ../../lib/techmap/maps/syncfifo_2p.vhd
# read_vhdl -library techmap ../../lib/techmap/maps/regfile_3p.vhd
# read_vhdl -library techmap ../../lib/techmap/maps/tap.vhd
# read_vhdl -library techmap ../../lib/techmap/maps/nandtree.vhd
# read_vhdl -library techmap ../../lib/techmap/maps/grlfpw_net.vhd
# read_vhdl -library techmap ../../lib/techmap/maps/grfpw_net.vhd
# read_vhdl -library techmap ../../lib/techmap/maps/leon3_net.vhd
# read_vhdl -library techmap ../../lib/techmap/maps/leon4_net.vhd
# read_vhdl -library techmap ../../lib/techmap/maps/mul_61x61.vhd
# read_vhdl -library techmap ../../lib/techmap/maps/cpu_disas_net.vhd
# read_vhdl -library techmap ../../lib/techmap/maps/ringosc.vhd
# read_vhdl -library techmap ../../lib/techmap/maps/grpci2_phy_net.vhd
# read_vhdl -library techmap ../../lib/techmap/maps/system_monitor.vhd
# read_vhdl -library techmap ../../lib/techmap/maps/inpad_ddr.vhd
# read_vhdl -library techmap ../../lib/techmap/maps/outpad_ddr.vhd
# read_vhdl -library techmap ../../lib/techmap/maps/iopad_ddr.vhd
# read_vhdl -library techmap ../../lib/techmap/maps/syncram128bw.vhd
# read_vhdl -library techmap ../../lib/techmap/maps/syncram256bw.vhd
# read_vhdl -library techmap ../../lib/techmap/maps/syncram128.vhd
# read_vhdl -library techmap ../../lib/techmap/maps/syncram156bw.vhd
# read_vhdl -library techmap ../../lib/techmap/maps/techmult.vhd
# read_vhdl -library techmap ../../lib/techmap/maps/spictrl_net.vhd
# read_vhdl -library techmap ../../lib/techmap/maps/scanreg.vhd
# read_vhdl -library techmap ../../lib/techmap/maps/syncrambw.vhd
# read_vhdl -library techmap ../../lib/techmap/maps/syncram_2pbw.vhd
# read_vhdl -library techmap ../../lib/techmap/maps/sdram_phy.vhd
# read_vhdl -library techmap ../../lib/techmap/maps/syncreg.vhd
# read_vhdl -library techmap ../../lib/techmap/maps/serdes.vhd
# read_vhdl -library techmap ../../lib/techmap/maps/iopad_tm.vhd
# read_vhdl -library techmap ../../lib/techmap/maps/toutpad_tm.vhd
# read_vhdl -library techmap ../../lib/techmap/maps/memrwcol.vhd
# read_vhdl -library techmap ../../lib/techmap/maps/cdcbus.vhd
# read_vhdl -library eth ../../lib/eth/comp/ethcomp.vhd
# read_vhdl -library eth ../../lib/eth/core/greth_pkg.vhd
# read_vhdl -library eth ../../lib/eth/core/eth_rstgen.vhd
# read_vhdl -library eth ../../lib/eth/core/eth_edcl_ahb_mst.vhd
# read_vhdl -library eth ../../lib/eth/core/eth_ahb_mst.vhd
# read_vhdl -library eth ../../lib/eth/core/greth_tx.vhd
# read_vhdl -library eth ../../lib/eth/core/greth_rx.vhd
# read_vhdl -library eth ../../lib/eth/core/grethc.vhd
# read_vhdl -library eth ../../lib/eth/wrapper/greth_gen.vhd
# read_vhdl -library opencores ../../lib/opencores/can/cancomp.vhd
# read_vhdl -library opencores ../../lib/opencores/can/can_top.vhd
# read_vhdl -library opencores ../../lib/opencores/i2c/i2c_master_bit_ctrl.vhd
# read_vhdl -library opencores ../../lib/opencores/i2c/i2c_master_byte_ctrl.vhd
# read_vhdl -library opencores ../../lib/opencores/i2c/i2coc.vhd
# read_verilog -library opencores ../../lib/opencores/ge_1000baseX/clean_rst.v
WARNING: [filemgmt 56-99] Vivado Synthesis ignores library specification for Verilog or SystemVerilog files. [/home/zhichao/Downloads/GRLIB/grlib-gpl-2022.4-b4280/lib/opencores/ge_1000baseX/clean_rst.v:]
# read_verilog -library opencores ../../lib/opencores/ge_1000baseX/decoder_8b10b.v
WARNING: [filemgmt 56-99] Vivado Synthesis ignores library specification for Verilog or SystemVerilog files. [/home/zhichao/Downloads/GRLIB/grlib-gpl-2022.4-b4280/lib/opencores/ge_1000baseX/decoder_8b10b.v:]
# read_verilog -library opencores ../../lib/opencores/ge_1000baseX/encoder_8b10b.v
WARNING: [filemgmt 56-99] Vivado Synthesis ignores library specification for Verilog or SystemVerilog files. [/home/zhichao/Downloads/GRLIB/grlib-gpl-2022.4-b4280/lib/opencores/ge_1000baseX/encoder_8b10b.v:]
# read_verilog -library opencores ../../lib/opencores/ge_1000baseX/ge_1000baseX_constants.v
WARNING: [filemgmt 56-99] Vivado Synthesis ignores library specification for Verilog or SystemVerilog files. [/home/zhichao/Downloads/GRLIB/grlib-gpl-2022.4-b4280/lib/opencores/ge_1000baseX/ge_1000baseX_constants.v:]
# read_verilog -library opencores ../../lib/opencores/ge_1000baseX/ge_1000baseX_regs.v
WARNING: [filemgmt 56-99] Vivado Synthesis ignores library specification for Verilog or SystemVerilog files. [/home/zhichao/Downloads/GRLIB/grlib-gpl-2022.4-b4280/lib/opencores/ge_1000baseX/ge_1000baseX_regs.v:]
# read_verilog -library opencores ../../lib/opencores/ge_1000baseX/ge_1000baseX_test.v
WARNING: [filemgmt 56-99] Vivado Synthesis ignores library specification for Verilog or SystemVerilog files. [/home/zhichao/Downloads/GRLIB/grlib-gpl-2022.4-b4280/lib/opencores/ge_1000baseX/ge_1000baseX_test.v:]
# read_verilog -library opencores ../../lib/opencores/ge_1000baseX/timescale.v
WARNING: [filemgmt 56-99] Vivado Synthesis ignores library specification for Verilog or SystemVerilog files. [/home/zhichao/Downloads/GRLIB/grlib-gpl-2022.4-b4280/lib/opencores/ge_1000baseX/timescale.v:]
# read_vhdl -library opencores ../../lib/opencores/ge_1000baseX/ge_1000baseX_comp.vhd
# read_verilog -library opencores -sv ../../lib/opencores/ge_1000baseX/ge_1000baseX.v
WARNING: [filemgmt 56-99] Vivado Synthesis ignores library specification for Verilog or SystemVerilog files. [/home/zhichao/Downloads/GRLIB/grlib-gpl-2022.4-b4280/lib/opencores/ge_1000baseX/ge_1000baseX.v:]
# read_verilog -library opencores -sv ../../lib/opencores/ge_1000baseX/ge_1000baseX_an.v
WARNING: [filemgmt 56-99] Vivado Synthesis ignores library specification for Verilog or SystemVerilog files. [/home/zhichao/Downloads/GRLIB/grlib-gpl-2022.4-b4280/lib/opencores/ge_1000baseX/ge_1000baseX_an.v:]
# read_verilog -library opencores -sv ../../lib/opencores/ge_1000baseX/ge_1000baseX_mdio.v
WARNING: [filemgmt 56-99] Vivado Synthesis ignores library specification for Verilog or SystemVerilog files. [/home/zhichao/Downloads/GRLIB/grlib-gpl-2022.4-b4280/lib/opencores/ge_1000baseX/ge_1000baseX_mdio.v:]
# read_verilog -library opencores -sv ../../lib/opencores/ge_1000baseX/ge_1000baseX_rx.v
WARNING: [filemgmt 56-99] Vivado Synthesis ignores library specification for Verilog or SystemVerilog files. [/home/zhichao/Downloads/GRLIB/grlib-gpl-2022.4-b4280/lib/opencores/ge_1000baseX/ge_1000baseX_rx.v:]
# read_verilog -library opencores -sv ../../lib/opencores/ge_1000baseX/ge_1000baseX_sync.v
WARNING: [filemgmt 56-99] Vivado Synthesis ignores library specification for Verilog or SystemVerilog files. [/home/zhichao/Downloads/GRLIB/grlib-gpl-2022.4-b4280/lib/opencores/ge_1000baseX/ge_1000baseX_sync.v:]
# read_verilog -library opencores -sv ../../lib/opencores/ge_1000baseX/ge_1000baseX_tx.v
WARNING: [filemgmt 56-99] Vivado Synthesis ignores library specification for Verilog or SystemVerilog files. [/home/zhichao/Downloads/GRLIB/grlib-gpl-2022.4-b4280/lib/opencores/ge_1000baseX/ge_1000baseX_tx.v:]
# read_vhdl -library gaisler ../../lib/gaisler/arith/arith.vhd
# read_vhdl -library gaisler ../../lib/gaisler/arith/mul32.vhd
# read_vhdl -library gaisler ../../lib/gaisler/arith/div32.vhd
# read_vhdl -library gaisler ../../lib/gaisler/memctrl/memctrl.vhd
# read_vhdl -library gaisler ../../lib/gaisler/memctrl/sdctrl.vhd
# read_vhdl -library gaisler ../../lib/gaisler/memctrl/sdctrl64.vhd
# read_vhdl -library gaisler ../../lib/gaisler/memctrl/sdmctrl.vhd
# read_vhdl -library gaisler ../../lib/gaisler/memctrl/srctrl.vhd
# read_vhdl -library gaisler ../../lib/gaisler/srmmu/mmuconfig.vhd
# read_vhdl -library gaisler ../../lib/gaisler/srmmu/mmuiface.vhd
# read_vhdl -library gaisler ../../lib/gaisler/srmmu/libmmu.vhd
# read_vhdl -library gaisler ../../lib/gaisler/srmmu/mmutlbcam.vhd
# read_vhdl -library gaisler ../../lib/gaisler/srmmu/mmulrue.vhd
# read_vhdl -library gaisler ../../lib/gaisler/srmmu/mmulru.vhd
# read_vhdl -library gaisler ../../lib/gaisler/srmmu/mmutlb.vhd
# read_vhdl -library gaisler ../../lib/gaisler/srmmu/mmutw.vhd
# read_vhdl -library gaisler ../../lib/gaisler/srmmu/mmu.vhd
# read_vhdl -library gaisler ../../lib/gaisler/leon3/leon3.vhd
# read_vhdl -library gaisler ../../lib/gaisler/leon3/grfpushwx.vhd
# read_vhdl -library gaisler ../../lib/gaisler/leon3v3/tbufmem.vhd
# read_vhdl -library gaisler ../../lib/gaisler/leon3v3/tbufmem_2p.vhd
# read_vhdl -library gaisler ../../lib/gaisler/leon3v3/dsu3x.vhd
# read_vhdl -library gaisler ../../lib/gaisler/leon3v3/dsu3.vhd
# read_vhdl -library gaisler ../../lib/gaisler/leon3v3/dsu3_mb.vhd
# read_vhdl -library gaisler ../../lib/gaisler/leon3v3/libfpu.vhd
# read_vhdl -library gaisler ../../lib/gaisler/leon3v3/libiu.vhd
# read_vhdl -library gaisler ../../lib/gaisler/leon3v3/libcache.vhd
# read_vhdl -library gaisler ../../lib/gaisler/leon3v3/libleon3.vhd
# read_vhdl -library gaisler ../../lib/gaisler/leon3v3/regfile_3p_l3.vhd
# read_vhdl -library gaisler ../../lib/gaisler/leon3v3/mmu_acache.vhd
# read_vhdl -library gaisler ../../lib/gaisler/leon3v3/mmu_icache.vhd
# read_vhdl -library gaisler ../../lib/gaisler/leon3v3/mmu_dcache.vhd
# read_vhdl -library gaisler ../../lib/gaisler/leon3v3/cachemem.vhd
# read_vhdl -library gaisler ../../lib/gaisler/leon3v3/mmu_cache.vhd
# read_vhdl -library gaisler ../../lib/gaisler/leon3v3/grfpwx.vhd
# read_vhdl -library gaisler ../../lib/gaisler/leon3v3/grlfpwx.vhd
# read_vhdl -library gaisler ../../lib/gaisler/leon3v3/iu3.vhd
# read_vhdl -library gaisler ../../lib/gaisler/leon3v3/proc3.vhd
# read_vhdl -library gaisler ../../lib/gaisler/leon3v3/grfpwxsh.vhd
# read_vhdl -library gaisler ../../lib/gaisler/leon3v3/leon3x.vhd
# read_vhdl -library gaisler ../../lib/gaisler/leon3v3/leon3cg.vhd
# read_vhdl -library gaisler ../../lib/gaisler/leon3v3/leon3s.vhd
# read_vhdl -library gaisler ../../lib/gaisler/leon3v3/leon3sh.vhd
# read_vhdl -library gaisler ../../lib/gaisler/leon3v3/l3stat.vhd
# read_vhdl -library gaisler ../../lib/gaisler/leon3v3/cmvalidbits.vhd
# read_vhdl -library gaisler ../../lib/gaisler/leon4/leon4.vhd
# read_vhdl -library gaisler ../../lib/gaisler/irqmp/irqmp.vhd
# read_vhdl -library gaisler ../../lib/gaisler/irqmp/irqamp.vhd
# read_vhdl -library gaisler ../../lib/gaisler/irqmp/irqmp_bmode.vhd
# read_vhdl -library gaisler ../../lib/gaisler/l2cache/pkg/l2cache.vhd
# read_vhdl -library gaisler ../../lib/gaisler/can/can.vhd
# read_vhdl -library gaisler ../../lib/gaisler/can/can_mod.vhd
# read_vhdl -library gaisler ../../lib/gaisler/can/can_oc.vhd
# read_vhdl -library gaisler ../../lib/gaisler/can/can_mc.vhd
# read_vhdl -library gaisler ../../lib/gaisler/can/canmux.vhd
# read_vhdl -library gaisler ../../lib/gaisler/can/can_rd.vhd
# read_vhdl -library gaisler ../../lib/gaisler/canfd/canfd.vhd
# read_vhdl -library gaisler ../../lib/gaisler/axi/axi.vhd
# read_vhdl -library gaisler ../../lib/gaisler/axi/ahbm2axi.vhd
# read_vhdl -library gaisler ../../lib/gaisler/axi/ahbm2axi3.vhd
# read_vhdl -library gaisler ../../lib/gaisler/axi/ahbm2axi4.vhd
# read_vhdl -library gaisler ../../lib/gaisler/axi/axinullslv.vhd
# read_vhdl -library gaisler ../../lib/gaisler/axi/ahb2axib.vhd
# read_vhdl -library gaisler ../../lib/gaisler/axi/ahb2axi3b.vhd
# read_vhdl -library gaisler ../../lib/gaisler/axi/ahb2axi4b.vhd
# read_vhdl -library gaisler ../../lib/gaisler/axi/ahb2axi_l.vhd
# read_vhdl -library gaisler ../../lib/gaisler/misc/misc.vhd
# read_vhdl -library gaisler ../../lib/gaisler/misc/rstgen.vhd
# read_vhdl -library gaisler ../../lib/gaisler/misc/gptimer.vhd
# read_vhdl -library gaisler ../../lib/gaisler/misc/ahbram.vhd
# read_vhdl -library gaisler ../../lib/gaisler/misc/ahbdpram.vhd
# read_vhdl -library gaisler ../../lib/gaisler/misc/ahbtrace_mmb.vhd
# read_vhdl -library gaisler ../../lib/gaisler/misc/ahbtrace_mb.vhd
# read_vhdl -library gaisler ../../lib/gaisler/misc/ahbtrace.vhd
# read_vhdl -library gaisler ../../lib/gaisler/misc/grgpio.vhd
# read_vhdl -library gaisler ../../lib/gaisler/misc/ahbstat.vhd
# read_vhdl -library gaisler ../../lib/gaisler/misc/logan.vhd
# read_vhdl -library gaisler ../../lib/gaisler/misc/apbps2.vhd
# read_vhdl -library gaisler ../../lib/gaisler/misc/charrom_package.vhd
# read_vhdl -library gaisler ../../lib/gaisler/misc/charrom.vhd
# read_vhdl -library gaisler ../../lib/gaisler/misc/apbvga.vhd
# read_vhdl -library gaisler ../../lib/gaisler/misc/svgactrl.vhd
# read_vhdl -library gaisler ../../lib/gaisler/misc/grsysmon.vhd
# read_vhdl -library gaisler ../../lib/gaisler/misc/gracectrl.vhd
# read_vhdl -library gaisler ../../lib/gaisler/misc/grgpreg.vhd
# read_vhdl -library gaisler ../../lib/gaisler/misc/ahb_mst_iface.vhd
# read_vhdl -library gaisler ../../lib/gaisler/misc/grgprbank.vhd
# read_vhdl -library gaisler ../../lib/gaisler/misc/grversion.vhd
# read_vhdl -library gaisler ../../lib/gaisler/misc/apb3cdc.vhd
# read_vhdl -library gaisler ../../lib/gaisler/misc/ahbsmux.vhd
# read_vhdl -library gaisler ../../lib/gaisler/misc/ahbmmux.vhd
# read_vhdl -library gaisler ../../lib/gaisler/misc/grtachom.vhd
# read_vhdl -library gaisler ../../lib/gaisler/net/net.vhd
# read_vhdl -library gaisler ../../lib/gaisler/uart/uart.vhd
# read_vhdl -library gaisler ../../lib/gaisler/uart/libdcom.vhd
# read_vhdl -library gaisler ../../lib/gaisler/uart/apbuart.vhd
# read_vhdl -library gaisler ../../lib/gaisler/uart/dcom.vhd
# read_vhdl -library gaisler ../../lib/gaisler/uart/dcom_uart.vhd
# read_vhdl -library gaisler ../../lib/gaisler/uart/ahbuart.vhd
# read_vhdl -library gaisler ../../lib/gaisler/sim/sim.vhd
# set_property used_in_synthesis false [get_files ../../lib/gaisler/sim/sim.vhd]
# read_vhdl -library gaisler ../../lib/gaisler/sim/sram.vhd
# set_property used_in_synthesis false [get_files ../../lib/gaisler/sim/sram.vhd]
# read_vhdl -library gaisler ../../lib/gaisler/sim/sram16.vhd
# set_property used_in_synthesis false [get_files ../../lib/gaisler/sim/sram16.vhd]
# read_vhdl -library gaisler ../../lib/gaisler/sim/phy.vhd
# set_property used_in_synthesis false [get_files ../../lib/gaisler/sim/phy.vhd]
# read_vhdl -library gaisler ../../lib/gaisler/sim/ser_phy.vhd
# set_property used_in_synthesis false [get_files ../../lib/gaisler/sim/ser_phy.vhd]
# read_vhdl -library gaisler ../../lib/gaisler/sim/ahbrep.vhd
# set_property used_in_synthesis false [get_files ../../lib/gaisler/sim/ahbrep.vhd]
# read_vhdl -library gaisler ../../lib/gaisler/sim/delay_wire.vhd
# set_property used_in_synthesis false [get_files ../../lib/gaisler/sim/delay_wire.vhd]
# read_vhdl -library gaisler ../../lib/gaisler/sim/pwm_check.vhd
# set_property used_in_synthesis false [get_files ../../lib/gaisler/sim/pwm_check.vhd]
# read_vhdl -library gaisler ../../lib/gaisler/sim/ramback.vhd
# set_property used_in_synthesis false [get_files ../../lib/gaisler/sim/ramback.vhd]
# read_vhdl -library gaisler ../../lib/gaisler/sim/slavecheck_slv.vhd
# set_property used_in_synthesis false [get_files ../../lib/gaisler/sim/slavecheck_slv.vhd]
# read_vhdl -library gaisler ../../lib/gaisler/sim/ddrram.vhd
# set_property used_in_synthesis false [get_files ../../lib/gaisler/sim/ddrram.vhd]
# read_vhdl -library gaisler ../../lib/gaisler/sim/ddr2ram.vhd
# set_property used_in_synthesis false [get_files ../../lib/gaisler/sim/ddr2ram.vhd]
# read_vhdl -library gaisler ../../lib/gaisler/sim/ddr3ram.vhd
# set_property used_in_synthesis false [get_files ../../lib/gaisler/sim/ddr3ram.vhd]
# read_vhdl -library gaisler ../../lib/gaisler/sim/sdrtestmod.vhd
# set_property used_in_synthesis false [get_files ../../lib/gaisler/sim/sdrtestmod.vhd]
# read_vhdl -library gaisler ../../lib/gaisler/sim/ahbram_sim.vhd
# set_property used_in_synthesis false [get_files ../../lib/gaisler/sim/ahbram_sim.vhd]
# read_vhdl -library gaisler ../../lib/gaisler/sim/aximem.vhd
# set_property used_in_synthesis false [get_files ../../lib/gaisler/sim/aximem.vhd]
# read_vhdl -library gaisler ../../lib/gaisler/sim/axirep.vhd
# set_property used_in_synthesis false [get_files ../../lib/gaisler/sim/axirep.vhd]
# read_vhdl -library gaisler ../../lib/gaisler/sim/axixmem.vhd
# set_property used_in_synthesis false [get_files ../../lib/gaisler/sim/axixmem.vhd]
# read_vhdl -library gaisler ../../lib/gaisler/sim/sramtestmod.vhd
# set_property used_in_synthesis false [get_files ../../lib/gaisler/sim/sramtestmod.vhd]
# read_vhdl -library gaisler ../../lib/gaisler/sim/uartprint.vhd
# set_property used_in_synthesis false [get_files ../../lib/gaisler/sim/uartprint.vhd]
# read_vhdl -library gaisler ../../lib/gaisler/sim/dfi_phy_sim.vhd
# set_property used_in_synthesis false [get_files ../../lib/gaisler/sim/dfi_phy_sim.vhd]
# read_vhdl -library gaisler ../../lib/gaisler/sim/dfi_phy_sim_fr.vhd
# set_property used_in_synthesis false [get_files ../../lib/gaisler/sim/dfi_phy_sim_fr.vhd]
# read_vhdl -library gaisler ../../lib/gaisler/jtag/jtag.vhd
# read_vhdl -library gaisler ../../lib/gaisler/jtag/libjtagcom.vhd
# read_vhdl -library gaisler ../../lib/gaisler/jtag/jtagcom.vhd
# read_vhdl -library gaisler ../../lib/gaisler/jtag/bscanregs.vhd
# read_vhdl -library gaisler ../../lib/gaisler/jtag/bscanregsbd.vhd
# read_vhdl -library gaisler ../../lib/gaisler/jtag/jtagcom2.vhd
# read_vhdl -library gaisler ../../lib/gaisler/jtag/ahbjtag.vhd
# read_vhdl -library gaisler ../../lib/gaisler/jtag/ahbjtag_bsd.vhd
# read_vhdl -library gaisler ../../lib/gaisler/jtag/jtagcomrv.vhd
# read_vhdl -library gaisler ../../lib/gaisler/jtag/ahbjtagrv.vhd
# read_vhdl -library gaisler ../../lib/gaisler/jtag/jtagtst.vhd
# set_property used_in_synthesis false [get_files ../../lib/gaisler/jtag/jtagtst.vhd]
# read_vhdl -library gaisler ../../lib/gaisler/jtag/jtag_rv.vhd
# set_property used_in_synthesis false [get_files ../../lib/gaisler/jtag/jtag_rv.vhd]
# read_vhdl -library gaisler ../../lib/gaisler/greth/ethernet_mac.vhd
# read_vhdl -library gaisler ../../lib/gaisler/greth/greth.vhd
# read_vhdl -library gaisler ../../lib/gaisler/greth/greth_mb.vhd
# read_vhdl -library gaisler ../../lib/gaisler/greth/greth_gbit.vhd
# read_vhdl -library gaisler ../../lib/gaisler/greth/greths.vhd
# read_vhdl -library gaisler ../../lib/gaisler/greth/greth_gbit_mb.vhd
# read_vhdl -library gaisler ../../lib/gaisler/greth/greths_mb.vhd
# read_vhdl -library gaisler ../../lib/gaisler/greth/grethm.vhd
# read_vhdl -library gaisler ../../lib/gaisler/greth/grethm_mb.vhd
# read_vhdl -library gaisler ../../lib/gaisler/greth/adapters/rgmii.vhd
# read_vhdl -library gaisler ../../lib/gaisler/greth/adapters/rgmii_kc705.vhd
# read_vhdl -library gaisler ../../lib/gaisler/greth/adapters/rgmii_series7.vhd
# read_vhdl -library gaisler ../../lib/gaisler/greth/adapters/rgmii_series6.vhd
# read_vhdl -library gaisler ../../lib/gaisler/greth/adapters/comma_detect.vhd
# read_vhdl -library gaisler ../../lib/gaisler/greth/adapters/elastic_buffer.vhd
# read_vhdl -library gaisler ../../lib/gaisler/greth/adapters/gmii_to_mii.vhd
# read_vhdl -library gaisler ../../lib/gaisler/greth/adapters/word_aligner.vhd
# read_vhdl -library gaisler ../../lib/gaisler/usb/grusb.vhd
# read_vhdl -library gaisler ../../lib/gaisler/ddr/ddrpkg.vhd
# read_vhdl -library gaisler ../../lib/gaisler/ddr/ddrintpkg.vhd
# read_vhdl -library gaisler ../../lib/gaisler/ddr/ddrphy_wrap.vhd
# read_vhdl -library gaisler ../../lib/gaisler/ddr/ddr2spax_ahb.vhd
# read_vhdl -library gaisler ../../lib/gaisler/ddr/ddr2spax_ddr.vhd
# read_vhdl -library gaisler ../../lib/gaisler/ddr/ddr2buf.vhd
# read_vhdl -library gaisler ../../lib/gaisler/ddr/ddr2spax.vhd
# read_vhdl -library gaisler ../../lib/gaisler/ddr/ddr2spa.vhd
# read_vhdl -library gaisler ../../lib/gaisler/ddr/ddr1spax.vhd
# read_vhdl -library gaisler ../../lib/gaisler/ddr/ddr1spax_ddr.vhd
# read_vhdl -library gaisler ../../lib/gaisler/ddr/ddrspa.vhd
# read_vhdl -library gaisler ../../lib/gaisler/ddr/ahb2mig_7series_pkg.vhd
# read_vhdl -library gaisler ../../lib/gaisler/ddr/ahb2mig_7series.vhd
# read_vhdl -library gaisler ../../lib/gaisler/ddr/ahb2mig_7series_ddr2_dq16_ad13_ba3.vhd
# read_vhdl -library gaisler ../../lib/gaisler/ddr/ahb2mig_7series_ddr3_dq16_ad15_ba3.vhd
# read_vhdl -library gaisler ../../lib/gaisler/ddr/ahb2mig_7series_cpci_xc7k.vhd
# read_vhdl -library gaisler ../../lib/gaisler/ddr/ahb2axi_mig_7series.vhd
# read_vhdl -library gaisler ../../lib/gaisler/ddr/axi_mig_7series.vhd
# read_vhdl -library gaisler ../../lib/gaisler/ddr/ahb2avl_async.vhd
# read_vhdl -library gaisler ../../lib/gaisler/ddr/ahb2avl_async_be.vhd
# read_verilog -library gaisler ../../lib/gaisler/ddr/mig_interface_model.v
WARNING: [filemgmt 56-99] Vivado Synthesis ignores library specification for Verilog or SystemVerilog files. [/home/zhichao/Downloads/GRLIB/grlib-gpl-2022.4-b4280/lib/gaisler/ddr/mig_interface_model.v:]
# set_property used_in_synthesis false [get_files ../../lib/gaisler/ddr/mig_interface_model.v]
# read_vhdl -library gaisler ../../lib/gaisler/i2c/i2c.vhd
# read_vhdl -library gaisler ../../lib/gaisler/i2c/i2cmst.vhd
# read_vhdl -library gaisler ../../lib/gaisler/i2c/i2cmst_gen.vhd
# read_vhdl -library gaisler ../../lib/gaisler/i2c/i2cslv.vhd
# read_vhdl -library gaisler ../../lib/gaisler/i2c/i2c2ahbx.vhd
# read_vhdl -library gaisler ../../lib/gaisler/i2c/i2c2ahb.vhd
# read_vhdl -library gaisler ../../lib/gaisler/i2c/i2c2ahb_apb.vhd
# read_vhdl -library gaisler ../../lib/gaisler/i2c/i2c2ahb_gen.vhd
# read_vhdl -library gaisler ../../lib/gaisler/i2c/i2c2ahb_apb_gen.vhd
# read_verilog -library gaisler ../../lib/gaisler/i2c/i2c_slave_model.v
WARNING: [filemgmt 56-99] Vivado Synthesis ignores library specification for Verilog or SystemVerilog files. [/home/zhichao/Downloads/GRLIB/grlib-gpl-2022.4-b4280/lib/gaisler/i2c/i2c_slave_model.v:]
# set_property used_in_synthesis false [get_files ../../lib/gaisler/i2c/i2c_slave_model.v]
# read_vhdl -library gaisler ../../lib/gaisler/spi/spi.vhd
# read_vhdl -library gaisler ../../lib/gaisler/spi/spimctrl.vhd
# read_vhdl -library gaisler ../../lib/gaisler/spi/spictrlx.vhd
# read_vhdl -library gaisler ../../lib/gaisler/spi/spictrl.vhd
# read_vhdl -library gaisler ../../lib/gaisler/spi/spi2ahbx.vhd
# read_vhdl -library gaisler ../../lib/gaisler/spi/spi2ahb.vhd
# read_vhdl -library gaisler ../../lib/gaisler/spi/spi2ahb_apb.vhd
# read_vhdl -library gaisler ../../lib/gaisler/spi/spi_flash.vhd
# set_property used_in_synthesis false [get_files ../../lib/gaisler/spi/spi_flash.vhd]
# read_vhdl -library gaisler ../../lib/gaisler/nand/nandpkg.vhd
# read_vhdl -library gaisler ../../lib/gaisler/grdmac/grdmac_pkg.vhd
# read_vhdl -library gaisler ../../lib/gaisler/grdmac/apbmem.vhd
# read_vhdl -library gaisler ../../lib/gaisler/grdmac/grdmac_ahbmst.vhd
# read_vhdl -library gaisler ../../lib/gaisler/grdmac/grdmac_alignram.vhd
# read_vhdl -library gaisler ../../lib/gaisler/grdmac/grdmac.vhd
# read_vhdl -library gaisler ../../lib/gaisler/grdmac/grdmac_1p.vhd
# read_vhdl -library gaisler ../../lib/gaisler/grdmac2/grdmac2_pkg.vhd
# read_vhdl -library gaisler ../../lib/gaisler/grdmac2/grdmac2_apb.vhd
# read_vhdl -library gaisler ../../lib/gaisler/grdmac2/mem2buf.vhd
# read_vhdl -library gaisler ../../lib/gaisler/grdmac2/buf2mem.vhd
# read_vhdl -library gaisler ../../lib/gaisler/grdmac2/grdmac2_ctrl.vhd
# read_vhdl -library gaisler ../../lib/gaisler/grdmac2/grdmac2.vhd
# read_vhdl -library gaisler ../../lib/gaisler/grdmac2/grdmac2_ahb.vhd
# read_vhdl -library gaisler ../../lib/gaisler/grdmac2/grdmac2_acc.vhd
# read_vhdl -library gaisler ../../lib/gaisler/grdmac2/grdmac2_axi.vhd
# read_vhdl -library gaisler ../../lib/gaisler/subsys/subsys.vhd
# read_vhdl -library gaisler ../../lib/gaisler/subsys/leon_dsu_stat_base.vhd
# read_vhdl -library gaisler ../../lib/gaisler/plic/plic.vhd
# read_vhdl -library gaisler ../../lib/gaisler/plic/grplic.vhd
# read_vhdl -library gaisler ../../lib/gaisler/plic/plic_encoder.vhd
# read_vhdl -library gaisler ../../lib/gaisler/plic/plic_gateway.vhd
# read_vhdl -library gaisler ../../lib/gaisler/plic/plic_target.vhd
# read_vhdl -library gaisler ../../lib/gaisler/plic/grplic_ahb.vhd
# read_vhdl -library gaisler ../../lib/gaisler/leon5/leon5.vhd
# read_vhdl -library gaisler ../../lib/gaisler/leon5v0/leon5int.vhd
# read_vhdl -library gaisler ../../lib/gaisler/leon5v0/itbufmem5.vhd
# read_vhdl -library gaisler ../../lib/gaisler/leon5v0/bht_pap.vhd
# read_vhdl -library gaisler ../../lib/gaisler/leon5v0/btb.vhd
# read_vhdl -library gaisler ../../lib/gaisler/leon5v0/inst_text.vhd
# read_vhdl -library gaisler ../../lib/gaisler/leon5v0/iu5.vhd
# read_vhdl -library gaisler ../../lib/gaisler/leon5v0/cctrl5.vhd
# read_vhdl -library gaisler ../../lib/gaisler/leon5v0/cachemem5.vhd
# read_vhdl -library gaisler ../../lib/gaisler/leon5v0/regfile5_ram.vhd
# read_vhdl -library gaisler ../../lib/gaisler/leon5v0/regfile5_dff.vhd
# read_vhdl -library gaisler ../../lib/gaisler/leon5v0/nanofpu.vhd
# read_vhdl -library gaisler ../../lib/gaisler/leon5v0/cpucore5.vhd
# read_vhdl -library gaisler ../../lib/gaisler/leon5v0/tbufmem5.vhd
# read_vhdl -library gaisler ../../lib/gaisler/leon5v0/dbgmod5.vhd
# read_vhdl -library gaisler ../../lib/gaisler/leon5v0/irqmp5.vhd
# read_vhdl -library gaisler ../../lib/gaisler/leon5v0/l5stat.vhd
# read_vhdl -library gaisler ../../lib/gaisler/leon5v0/leon5sys.vhd
# read_vhdl -library gaisler ../../lib/gaisler/l2c_lite/l2c_lite.vhd
# read_vhdl -library gaisler ../../lib/gaisler/l2c_lite/l2c_lite_mem.vhd
# read_vhdl -library gaisler ../../lib/gaisler/l2c_lite/l2c_lite_ctrl.vhd
# read_vhdl -library gaisler ../../lib/gaisler/l2c_lite/l2c_lite_ahb.vhd
# read_vhdl -library gaisler ../../lib/gaisler/l2c_lite/l2c_lite_axi.vhd
# read_vhdl -library esa ../../lib/esa/memoryctrl/memoryctrl.vhd
# read_vhdl -library esa ../../lib/esa/memoryctrl/mctrl.vhd
# read_vhdl -library fmf ../../lib/fmf/utilities/conversions.vhd
# set_property used_in_synthesis false [get_files ../../lib/fmf/utilities/conversions.vhd]
# read_vhdl -library fmf ../../lib/fmf/utilities/gen_utils.vhd
# set_property used_in_synthesis false [get_files ../../lib/fmf/utilities/gen_utils.vhd]
# read_vhdl -library fmf ../../lib/fmf/flash/flash.vhd
# set_property used_in_synthesis false [get_files ../../lib/fmf/flash/flash.vhd]
# read_vhdl -library fmf ../../lib/fmf/flash/s25fl064a.vhd
# set_property used_in_synthesis false [get_files ../../lib/fmf/flash/s25fl064a.vhd]
# read_vhdl -library fmf ../../lib/fmf/flash/m25p80.vhd
# set_property used_in_synthesis false [get_files ../../lib/fmf/flash/m25p80.vhd]
# read_vhdl -library fmf ../../lib/fmf/fifo/idt7202.vhd
# set_property used_in_synthesis false [get_files ../../lib/fmf/fifo/idt7202.vhd]
# read_verilog -library micron ../../lib/micron/sdram/mobile_sdr.v
WARNING: [filemgmt 56-99] Vivado Synthesis ignores library specification for Verilog or SystemVerilog files. [/home/zhichao/Downloads/GRLIB/grlib-gpl-2022.4-b4280/lib/micron/sdram/mobile_sdr.v:]
# set_property used_in_synthesis false [get_files ../../lib/micron/sdram/mobile_sdr.v]
# read_vhdl -library work ../../lib/work/debug/debug.vhd
# set_property used_in_synthesis false [get_files ../../lib/work/debug/debug.vhd]
# read_vhdl -library work ../../lib/work/debug/grtestmod.vhd
# set_property used_in_synthesis false [get_files ../../lib/work/debug/grtestmod.vhd]
# read_vhdl -library work ../../lib/work/debug/cpu_disas.vhd
# set_property used_in_synthesis false [get_files ../../lib/work/debug/cpu_disas.vhd]
# read_vhdl -library work config.vhd
# read_vhdl -library work ahbrom.vhd
# read_vhdl -library work leon5mp.vhd
# read_vhdl -library work ddr_dummy.vhd
# read_vhdl -library work testbench.vhd
# set_property used_in_synthesis false [get_files testbench.vhd]
# add_files -fileset sim_1 prom.srec ram.srec
# read_xdc ../../boards/xilinx-kc705-xc7k325t/xilinx-kc705-xc7k325t.xdc
# set_property used_in_synthesis true [get_files ../../boards/xilinx-kc705-xc7k325t/xilinx-kc705-xc7k325t.xdc]
# set_property used_in_implementation true [get_files ../../boards/xilinx-kc705-xc7k325t/xilinx-kc705-xc7k325t.xdc]
# set_property target_simulator ModelSim [current_project]
# set_property top_lib work [current_fileset]
# set_property top_arch rtl [current_fileset]
# set_property top leon5mp [current_fileset]
# if {[regexp -nocase {.*board_part.*} [list_property [current_project]]]} {
#   set_property board_part xilinx.com:kc705:part0:1.0 [current_project]
# } else {
#   set_property board xilinx.com:kc705:part0:1.0 [current_project]
# }
# set_property target_language verilog [current_project]
# import_ip -files vivado/mig.xci -name mig
WARNING: [IP_Flow 19-2162] IP 'mig' is locked:
* IP definition 'Memory Interface Generator (MIG 7 Series) (4.0)' for IP 'mig' (customized with software release 2017.3) has a newer minor version in the IP Catalog.
# generate_target  all [get_files ./vivado/leon5-xilinx-kc705/leon5-xilinx-kc705.srcs/sources_1/ip/mig/mig.xci] -force 
CRITICAL WARNING: [filemgmt 20-1365] Unable to generate target(s) for the following file is locked: /home/zhichao/Downloads/GRLIB/grlib-gpl-2022.4-b4280/designs/leon5-xilinx-kc705/vivado/leon5-xilinx-kc705/leon5-xilinx-kc705.srcs/sources_1/ip/mig/mig.xci
Locked reason: 
* IP definition 'Memory Interface Generator (MIG 7 Series) (4.0)' for IP 'mig' (customized with software release 2017.3) has a newer minor version in the IP Catalog.
update_compile_order -fileset sources_1
update_compile_order -fileset sources_1
launch_runs impl_1 -to_step write_bitstream -jobs 16
WARNING: [Runs 36-337] The following IPs are either missing output products or output products are not up-to-date for Synthesis target. Since these IPs are locked, no update to the output products can be done. 
Please select 'Report IP Status' from the 'Tools/Report' menu or run Tcl command 'report_ip_status' for more information.
/home/zhichao/Downloads/GRLIB/grlib-gpl-2022.4-b4280/designs/leon5-xilinx-kc705/vivado/leon5-xilinx-kc705/leon5-xilinx-kc705.srcs/sources_1/ip/mig/mig.xci

WARNING: [Runs 36-337] The following IPs are either missing output products or output products are not up-to-date for Implementation target. Since these IPs are locked, no update to the output products can be done. 
Please select 'Report IP Status' from the 'Tools/Report' menu or run Tcl command 'report_ip_status' for more information.
/home/zhichao/Downloads/GRLIB/grlib-gpl-2022.4-b4280/designs/leon5-xilinx-kc705/vivado/leon5-xilinx-kc705/leon5-xilinx-kc705.srcs/sources_1/ip/mig/mig.xci

WARNING: [filemgmt 56-99] Vivado Synthesis ignores library specification for Verilog or SystemVerilog files. [/home/zhichao/Downloads/GRLIB/grlib-gpl-2022.4-b4280/lib/opencores/ge_1000baseX/clean_rst.v:]
WARNING: [filemgmt 56-99] Vivado Synthesis ignores library specification for Verilog or SystemVerilog files. [/home/zhichao/Downloads/GRLIB/grlib-gpl-2022.4-b4280/lib/opencores/ge_1000baseX/decoder_8b10b.v:]
WARNING: [filemgmt 56-99] Vivado Synthesis ignores library specification for Verilog or SystemVerilog files. [/home/zhichao/Downloads/GRLIB/grlib-gpl-2022.4-b4280/lib/opencores/ge_1000baseX/encoder_8b10b.v:]
WARNING: [filemgmt 56-99] Vivado Synthesis ignores library specification for Verilog or SystemVerilog files. [/home/zhichao/Downloads/GRLIB/grlib-gpl-2022.4-b4280/lib/opencores/ge_1000baseX/ge_1000baseX_constants.v:]
WARNING: [filemgmt 56-99] Vivado Synthesis ignores library specification for Verilog or SystemVerilog files. [/home/zhichao/Downloads/GRLIB/grlib-gpl-2022.4-b4280/lib/opencores/ge_1000baseX/ge_1000baseX_regs.v:]
WARNING: [filemgmt 56-99] Vivado Synthesis ignores library specification for Verilog or SystemVerilog files. [/home/zhichao/Downloads/GRLIB/grlib-gpl-2022.4-b4280/lib/opencores/ge_1000baseX/ge_1000baseX_test.v:]
WARNING: [filemgmt 56-99] Vivado Synthesis ignores library specification for Verilog or SystemVerilog files. [/home/zhichao/Downloads/GRLIB/grlib-gpl-2022.4-b4280/lib/opencores/ge_1000baseX/timescale.v:]
WARNING: [filemgmt 56-99] Vivado Synthesis ignores library specification for Verilog or SystemVerilog files. [/home/zhichao/Downloads/GRLIB/grlib-gpl-2022.4-b4280/lib/opencores/ge_1000baseX/ge_1000baseX.v:]
WARNING: [filemgmt 56-99] Vivado Synthesis ignores library specification for Verilog or SystemVerilog files. [/home/zhichao/Downloads/GRLIB/grlib-gpl-2022.4-b4280/lib/opencores/ge_1000baseX/ge_1000baseX_an.v:]
WARNING: [filemgmt 56-99] Vivado Synthesis ignores library specification for Verilog or SystemVerilog files. [/home/zhichao/Downloads/GRLIB/grlib-gpl-2022.4-b4280/lib/opencores/ge_1000baseX/ge_1000baseX_mdio.v:]
WARNING: [filemgmt 56-99] Vivado Synthesis ignores library specification for Verilog or SystemVerilog files. [/home/zhichao/Downloads/GRLIB/grlib-gpl-2022.4-b4280/lib/opencores/ge_1000baseX/ge_1000baseX_rx.v:]
WARNING: [filemgmt 56-99] Vivado Synthesis ignores library specification for Verilog or SystemVerilog files. [/home/zhichao/Downloads/GRLIB/grlib-gpl-2022.4-b4280/lib/opencores/ge_1000baseX/ge_1000baseX_sync.v:]
WARNING: [filemgmt 56-99] Vivado Synthesis ignores library specification for Verilog or SystemVerilog files. [/home/zhichao/Downloads/GRLIB/grlib-gpl-2022.4-b4280/lib/opencores/ge_1000baseX/ge_1000baseX_tx.v:]
WARNING: [filemgmt 56-99] Vivado Synthesis ignores library specification for Verilog or SystemVerilog files. [/home/zhichao/Downloads/GRLIB/grlib-gpl-2022.4-b4280/lib/gaisler/ddr/mig_interface_model.v:]
WARNING: [filemgmt 56-99] Vivado Synthesis ignores library specification for Verilog or SystemVerilog files. [/home/zhichao/Downloads/GRLIB/grlib-gpl-2022.4-b4280/lib/gaisler/i2c/i2c_slave_model.v:]
WARNING: [filemgmt 56-99] Vivado Synthesis ignores library specification for Verilog or SystemVerilog files. [/home/zhichao/Downloads/GRLIB/grlib-gpl-2022.4-b4280/lib/micron/sdram/mobile_sdr.v:]
WARNING: [filemgmt 56-99] Vivado Synthesis ignores library specification for Verilog or SystemVerilog files. [/home/zhichao/Downloads/GRLIB/grlib-gpl-2022.4-b4280/lib/opencores/ge_1000baseX/clean_rst.v:]
WARNING: [filemgmt 56-99] Vivado Synthesis ignores library specification for Verilog or SystemVerilog files. [/home/zhichao/Downloads/GRLIB/grlib-gpl-2022.4-b4280/lib/opencores/ge_1000baseX/decoder_8b10b.v:]
WARNING: [filemgmt 56-99] Vivado Synthesis ignores library specification for Verilog or SystemVerilog files. [/home/zhichao/Downloads/GRLIB/grlib-gpl-2022.4-b4280/lib/opencores/ge_1000baseX/encoder_8b10b.v:]
WARNING: [filemgmt 56-99] Vivado Synthesis ignores library specification for Verilog or SystemVerilog files. [/home/zhichao/Downloads/GRLIB/grlib-gpl-2022.4-b4280/lib/opencores/ge_1000baseX/ge_1000baseX_constants.v:]
WARNING: [filemgmt 56-99] Vivado Synthesis ignores library specification for Verilog or SystemVerilog files. [/home/zhichao/Downloads/GRLIB/grlib-gpl-2022.4-b4280/lib/opencores/ge_1000baseX/ge_1000baseX_regs.v:]
WARNING: [filemgmt 56-99] Vivado Synthesis ignores library specification for Verilog or SystemVerilog files. [/home/zhichao/Downloads/GRLIB/grlib-gpl-2022.4-b4280/lib/opencores/ge_1000baseX/ge_1000baseX_test.v:]
WARNING: [filemgmt 56-99] Vivado Synthesis ignores library specification for Verilog or SystemVerilog files. [/home/zhichao/Downloads/GRLIB/grlib-gpl-2022.4-b4280/lib/opencores/ge_1000baseX/timescale.v:]
WARNING: [filemgmt 56-99] Vivado Synthesis ignores library specification for Verilog or SystemVerilog files. [/home/zhichao/Downloads/GRLIB/grlib-gpl-2022.4-b4280/lib/opencores/ge_1000baseX/ge_1000baseX.v:]
WARNING: [filemgmt 56-99] Vivado Synthesis ignores library specification for Verilog or SystemVerilog files. [/home/zhichao/Downloads/GRLIB/grlib-gpl-2022.4-b4280/lib/opencores/ge_1000baseX/ge_1000baseX_an.v:]
WARNING: [filemgmt 56-99] Vivado Synthesis ignores library specification for Verilog or SystemVerilog files. [/home/zhichao/Downloads/GRLIB/grlib-gpl-2022.4-b4280/lib/opencores/ge_1000baseX/ge_1000baseX_mdio.v:]
WARNING: [filemgmt 56-99] Vivado Synthesis ignores library specification for Verilog or SystemVerilog files. [/home/zhichao/Downloads/GRLIB/grlib-gpl-2022.4-b4280/lib/opencores/ge_1000baseX/ge_1000baseX_rx.v:]
WARNING: [filemgmt 56-99] Vivado Synthesis ignores library specification for Verilog or SystemVerilog files. [/home/zhichao/Downloads/GRLIB/grlib-gpl-2022.4-b4280/lib/opencores/ge_1000baseX/ge_1000baseX_sync.v:]
WARNING: [filemgmt 56-99] Vivado Synthesis ignores library specification for Verilog or SystemVerilog files. [/home/zhichao/Downloads/GRLIB/grlib-gpl-2022.4-b4280/lib/opencores/ge_1000baseX/ge_1000baseX_tx.v:]
WARNING: [filemgmt 56-99] Vivado Synthesis ignores library specification for Verilog or SystemVerilog files. [/home/zhichao/Downloads/GRLIB/grlib-gpl-2022.4-b4280/lib/gaisler/ddr/mig_interface_model.v:]
WARNING: [filemgmt 56-99] Vivado Synthesis ignores library specification for Verilog or SystemVerilog files. [/home/zhichao/Downloads/GRLIB/grlib-gpl-2022.4-b4280/lib/gaisler/i2c/i2c_slave_model.v:]
WARNING: [filemgmt 56-99] Vivado Synthesis ignores library specification for Verilog or SystemVerilog files. [/home/zhichao/Downloads/GRLIB/grlib-gpl-2022.4-b4280/lib/micron/sdram/mobile_sdr.v:]
WARNING: [filemgmt 56-99] Vivado Synthesis ignores library specification for Verilog or SystemVerilog files. [/home/zhichao/Downloads/GRLIB/grlib-gpl-2022.4-b4280/lib/opencores/ge_1000baseX/clean_rst.v:]
WARNING: [filemgmt 56-99] Vivado Synthesis ignores library specification for Verilog or SystemVerilog files. [/home/zhichao/Downloads/GRLIB/grlib-gpl-2022.4-b4280/lib/opencores/ge_1000baseX/decoder_8b10b.v:]
WARNING: [filemgmt 56-99] Vivado Synthesis ignores library specification for Verilog or SystemVerilog files. [/home/zhichao/Downloads/GRLIB/grlib-gpl-2022.4-b4280/lib/opencores/ge_1000baseX/encoder_8b10b.v:]
WARNING: [filemgmt 56-99] Vivado Synthesis ignores library specification for Verilog or SystemVerilog files. [/home/zhichao/Downloads/GRLIB/grlib-gpl-2022.4-b4280/lib/opencores/ge_1000baseX/ge_1000baseX_constants.v:]
WARNING: [filemgmt 56-99] Vivado Synthesis ignores library specification for Verilog or SystemVerilog files. [/home/zhichao/Downloads/GRLIB/grlib-gpl-2022.4-b4280/lib/opencores/ge_1000baseX/ge_1000baseX_regs.v:]
WARNING: [filemgmt 56-99] Vivado Synthesis ignores library specification for Verilog or SystemVerilog files. [/home/zhichao/Downloads/GRLIB/grlib-gpl-2022.4-b4280/lib/opencores/ge_1000baseX/ge_1000baseX_test.v:]
WARNING: [filemgmt 56-99] Vivado Synthesis ignores library specification for Verilog or SystemVerilog files. [/home/zhichao/Downloads/GRLIB/grlib-gpl-2022.4-b4280/lib/opencores/ge_1000baseX/timescale.v:]
WARNING: [filemgmt 56-99] Vivado Synthesis ignores library specification for Verilog or SystemVerilog files. [/home/zhichao/Downloads/GRLIB/grlib-gpl-2022.4-b4280/lib/opencores/ge_1000baseX/ge_1000baseX.v:]
WARNING: [filemgmt 56-99] Vivado Synthesis ignores library specification for Verilog or SystemVerilog files. [/home/zhichao/Downloads/GRLIB/grlib-gpl-2022.4-b4280/lib/opencores/ge_1000baseX/ge_1000baseX_an.v:]
WARNING: [filemgmt 56-99] Vivado Synthesis ignores library specification for Verilog or SystemVerilog files. [/home/zhichao/Downloads/GRLIB/grlib-gpl-2022.4-b4280/lib/opencores/ge_1000baseX/ge_1000baseX_mdio.v:]
WARNING: [filemgmt 56-99] Vivado Synthesis ignores library specification for Verilog or SystemVerilog files. [/home/zhichao/Downloads/GRLIB/grlib-gpl-2022.4-b4280/lib/opencores/ge_1000baseX/ge_1000baseX_rx.v:]
WARNING: [filemgmt 56-99] Vivado Synthesis ignores library specification for Verilog or SystemVerilog files. [/home/zhichao/Downloads/GRLIB/grlib-gpl-2022.4-b4280/lib/opencores/ge_1000baseX/ge_1000baseX_sync.v:]
WARNING: [filemgmt 56-99] Vivado Synthesis ignores library specification for Verilog or SystemVerilog files. [/home/zhichao/Downloads/GRLIB/grlib-gpl-2022.4-b4280/lib/opencores/ge_1000baseX/ge_1000baseX_tx.v:]
WARNING: [filemgmt 56-99] Vivado Synthesis ignores library specification for Verilog or SystemVerilog files. [/home/zhichao/Downloads/GRLIB/grlib-gpl-2022.4-b4280/lib/gaisler/ddr/mig_interface_model.v:]
WARNING: [filemgmt 56-99] Vivado Synthesis ignores library specification for Verilog or SystemVerilog files. [/home/zhichao/Downloads/GRLIB/grlib-gpl-2022.4-b4280/lib/gaisler/i2c/i2c_slave_model.v:]
WARNING: [filemgmt 56-99] Vivado Synthesis ignores library specification for Verilog or SystemVerilog files. [/home/zhichao/Downloads/GRLIB/grlib-gpl-2022.4-b4280/lib/micron/sdram/mobile_sdr.v:]
WARNING: [filemgmt 56-99] Vivado Synthesis ignores library specification for Verilog or SystemVerilog files. [/home/zhichao/Downloads/GRLIB/grlib-gpl-2022.4-b4280/lib/opencores/ge_1000baseX/clean_rst.v:]
WARNING: [filemgmt 56-99] Vivado Synthesis ignores library specification for Verilog or SystemVerilog files. [/home/zhichao/Downloads/GRLIB/grlib-gpl-2022.4-b4280/lib/opencores/ge_1000baseX/decoder_8b10b.v:]
WARNING: [filemgmt 56-99] Vivado Synthesis ignores library specification for Verilog or SystemVerilog files. [/home/zhichao/Downloads/GRLIB/grlib-gpl-2022.4-b4280/lib/opencores/ge_1000baseX/encoder_8b10b.v:]
WARNING: [filemgmt 56-99] Vivado Synthesis ignores library specification for Verilog or SystemVerilog files. [/home/zhichao/Downloads/GRLIB/grlib-gpl-2022.4-b4280/lib/opencores/ge_1000baseX/ge_1000baseX_constants.v:]
WARNING: [filemgmt 56-99] Vivado Synthesis ignores library specification for Verilog or SystemVerilog files. [/home/zhichao/Downloads/GRLIB/grlib-gpl-2022.4-b4280/lib/opencores/ge_1000baseX/ge_1000baseX_regs.v:]
WARNING: [filemgmt 56-99] Vivado Synthesis ignores library specification for Verilog or SystemVerilog files. [/home/zhichao/Downloads/GRLIB/grlib-gpl-2022.4-b4280/lib/opencores/ge_1000baseX/ge_1000baseX_test.v:]
WARNING: [filemgmt 56-99] Vivado Synthesis ignores library specification for Verilog or SystemVerilog files. [/home/zhichao/Downloads/GRLIB/grlib-gpl-2022.4-b4280/lib/opencores/ge_1000baseX/timescale.v:]
WARNING: [filemgmt 56-99] Vivado Synthesis ignores library specification for Verilog or SystemVerilog files. [/home/zhichao/Downloads/GRLIB/grlib-gpl-2022.4-b4280/lib/opencores/ge_1000baseX/ge_1000baseX.v:]
WARNING: [filemgmt 56-99] Vivado Synthesis ignores library specification for Verilog or SystemVerilog files. [/home/zhichao/Downloads/GRLIB/grlib-gpl-2022.4-b4280/lib/opencores/ge_1000baseX/ge_1000baseX_an.v:]
WARNING: [filemgmt 56-99] Vivado Synthesis ignores library specification for Verilog or SystemVerilog files. [/home/zhichao/Downloads/GRLIB/grlib-gpl-2022.4-b4280/lib/opencores/ge_1000baseX/ge_1000baseX_mdio.v:]
WARNING: [filemgmt 56-99] Vivado Synthesis ignores library specification for Verilog or SystemVerilog files. [/home/zhichao/Downloads/GRLIB/grlib-gpl-2022.4-b4280/lib/opencores/ge_1000baseX/ge_1000baseX_rx.v:]
WARNING: [filemgmt 56-99] Vivado Synthesis ignores library specification for Verilog or SystemVerilog files. [/home/zhichao/Downloads/GRLIB/grlib-gpl-2022.4-b4280/lib/opencores/ge_1000baseX/ge_1000baseX_sync.v:]
WARNING: [filemgmt 56-99] Vivado Synthesis ignores library specification for Verilog or SystemVerilog files. [/home/zhichao/Downloads/GRLIB/grlib-gpl-2022.4-b4280/lib/opencores/ge_1000baseX/ge_1000baseX_tx.v:]
WARNING: [filemgmt 56-99] Vivado Synthesis ignores library specification for Verilog or SystemVerilog files. [/home/zhichao/Downloads/GRLIB/grlib-gpl-2022.4-b4280/lib/gaisler/ddr/mig_interface_model.v:]
WARNING: [filemgmt 56-99] Vivado Synthesis ignores library specification for Verilog or SystemVerilog files. [/home/zhichao/Downloads/GRLIB/grlib-gpl-2022.4-b4280/lib/gaisler/i2c/i2c_slave_model.v:]
WARNING: [filemgmt 56-99] Vivado Synthesis ignores library specification for Verilog or SystemVerilog files. [/home/zhichao/Downloads/GRLIB/grlib-gpl-2022.4-b4280/lib/micron/sdram/mobile_sdr.v:]
[Wed Feb  1 14:26:11 2023] Launched synth_1...
Run output will be captured here: /home/zhichao/Downloads/GRLIB/grlib-gpl-2022.4-b4280/designs/leon5-xilinx-kc705/vivado/leon5-xilinx-kc705/leon5-xilinx-kc705.runs/synth_1/runme.log
[Wed Feb  1 14:26:11 2023] Launched impl_1...
Run output will be captured here: /home/zhichao/Downloads/GRLIB/grlib-gpl-2022.4-b4280/designs/leon5-xilinx-kc705/vivado/leon5-xilinx-kc705/leon5-xilinx-kc705.runs/impl_1/runme.log
reset_run synth_1
launch_runs impl_1 -to_step write_bitstream -jobs 16
WARNING: [Runs 36-337] The following IPs are either missing output products or output products are not up-to-date for Synthesis target. Since these IPs are locked, no update to the output products can be done. 
Please select 'Report IP Status' from the 'Tools/Report' menu or run Tcl command 'report_ip_status' for more information.
/home/zhichao/Downloads/GRLIB/grlib-gpl-2022.4-b4280/designs/leon5-xilinx-kc705/vivado/leon5-xilinx-kc705/leon5-xilinx-kc705.srcs/sources_1/ip/mig/mig.xci

WARNING: [Runs 36-337] The following IPs are either missing output products or output products are not up-to-date for Implementation target. Since these IPs are locked, no update to the output products can be done. 
Please select 'Report IP Status' from the 'Tools/Report' menu or run Tcl command 'report_ip_status' for more information.
/home/zhichao/Downloads/GRLIB/grlib-gpl-2022.4-b4280/designs/leon5-xilinx-kc705/vivado/leon5-xilinx-kc705/leon5-xilinx-kc705.srcs/sources_1/ip/mig/mig.xci

WARNING: [filemgmt 56-99] Vivado Synthesis ignores library specification for Verilog or SystemVerilog files. [/home/zhichao/Downloads/GRLIB/grlib-gpl-2022.4-b4280/lib/opencores/ge_1000baseX/clean_rst.v:]
WARNING: [filemgmt 56-99] Vivado Synthesis ignores library specification for Verilog or SystemVerilog files. [/home/zhichao/Downloads/GRLIB/grlib-gpl-2022.4-b4280/lib/opencores/ge_1000baseX/decoder_8b10b.v:]
WARNING: [filemgmt 56-99] Vivado Synthesis ignores library specification for Verilog or SystemVerilog files. [/home/zhichao/Downloads/GRLIB/grlib-gpl-2022.4-b4280/lib/opencores/ge_1000baseX/encoder_8b10b.v:]
WARNING: [filemgmt 56-99] Vivado Synthesis ignores library specification for Verilog or SystemVerilog files. [/home/zhichao/Downloads/GRLIB/grlib-gpl-2022.4-b4280/lib/opencores/ge_1000baseX/ge_1000baseX_constants.v:]
WARNING: [filemgmt 56-99] Vivado Synthesis ignores library specification for Verilog or SystemVerilog files. [/home/zhichao/Downloads/GRLIB/grlib-gpl-2022.4-b4280/lib/opencores/ge_1000baseX/ge_1000baseX_regs.v:]
WARNING: [filemgmt 56-99] Vivado Synthesis ignores library specification for Verilog or SystemVerilog files. [/home/zhichao/Downloads/GRLIB/grlib-gpl-2022.4-b4280/lib/opencores/ge_1000baseX/ge_1000baseX_test.v:]
WARNING: [filemgmt 56-99] Vivado Synthesis ignores library specification for Verilog or SystemVerilog files. [/home/zhichao/Downloads/GRLIB/grlib-gpl-2022.4-b4280/lib/opencores/ge_1000baseX/timescale.v:]
WARNING: [filemgmt 56-99] Vivado Synthesis ignores library specification for Verilog or SystemVerilog files. [/home/zhichao/Downloads/GRLIB/grlib-gpl-2022.4-b4280/lib/opencores/ge_1000baseX/ge_1000baseX.v:]
WARNING: [filemgmt 56-99] Vivado Synthesis ignores library specification for Verilog or SystemVerilog files. [/home/zhichao/Downloads/GRLIB/grlib-gpl-2022.4-b4280/lib/opencores/ge_1000baseX/ge_1000baseX_an.v:]
WARNING: [filemgmt 56-99] Vivado Synthesis ignores library specification for Verilog or SystemVerilog files. [/home/zhichao/Downloads/GRLIB/grlib-gpl-2022.4-b4280/lib/opencores/ge_1000baseX/ge_1000baseX_mdio.v:]
WARNING: [filemgmt 56-99] Vivado Synthesis ignores library specification for Verilog or SystemVerilog files. [/home/zhichao/Downloads/GRLIB/grlib-gpl-2022.4-b4280/lib/opencores/ge_1000baseX/ge_1000baseX_rx.v:]
WARNING: [filemgmt 56-99] Vivado Synthesis ignores library specification for Verilog or SystemVerilog files. [/home/zhichao/Downloads/GRLIB/grlib-gpl-2022.4-b4280/lib/opencores/ge_1000baseX/ge_1000baseX_sync.v:]
WARNING: [filemgmt 56-99] Vivado Synthesis ignores library specification for Verilog or SystemVerilog files. [/home/zhichao/Downloads/GRLIB/grlib-gpl-2022.4-b4280/lib/opencores/ge_1000baseX/ge_1000baseX_tx.v:]
WARNING: [filemgmt 56-99] Vivado Synthesis ignores library specification for Verilog or SystemVerilog files. [/home/zhichao/Downloads/GRLIB/grlib-gpl-2022.4-b4280/lib/gaisler/ddr/mig_interface_model.v:]
WARNING: [filemgmt 56-99] Vivado Synthesis ignores library specification for Verilog or SystemVerilog files. [/home/zhichao/Downloads/GRLIB/grlib-gpl-2022.4-b4280/lib/gaisler/i2c/i2c_slave_model.v:]
WARNING: [filemgmt 56-99] Vivado Synthesis ignores library specification for Verilog or SystemVerilog files. [/home/zhichao/Downloads/GRLIB/grlib-gpl-2022.4-b4280/lib/micron/sdram/mobile_sdr.v:]
WARNING: [filemgmt 56-99] Vivado Synthesis ignores library specification for Verilog or SystemVerilog files. [/home/zhichao/Downloads/GRLIB/grlib-gpl-2022.4-b4280/lib/opencores/ge_1000baseX/clean_rst.v:]
WARNING: [filemgmt 56-99] Vivado Synthesis ignores library specification for Verilog or SystemVerilog files. [/home/zhichao/Downloads/GRLIB/grlib-gpl-2022.4-b4280/lib/opencores/ge_1000baseX/decoder_8b10b.v:]
WARNING: [filemgmt 56-99] Vivado Synthesis ignores library specification for Verilog or SystemVerilog files. [/home/zhichao/Downloads/GRLIB/grlib-gpl-2022.4-b4280/lib/opencores/ge_1000baseX/encoder_8b10b.v:]
WARNING: [filemgmt 56-99] Vivado Synthesis ignores library specification for Verilog or SystemVerilog files. [/home/zhichao/Downloads/GRLIB/grlib-gpl-2022.4-b4280/lib/opencores/ge_1000baseX/ge_1000baseX_constants.v:]
WARNING: [filemgmt 56-99] Vivado Synthesis ignores library specification for Verilog or SystemVerilog files. [/home/zhichao/Downloads/GRLIB/grlib-gpl-2022.4-b4280/lib/opencores/ge_1000baseX/ge_1000baseX_regs.v:]
WARNING: [filemgmt 56-99] Vivado Synthesis ignores library specification for Verilog or SystemVerilog files. [/home/zhichao/Downloads/GRLIB/grlib-gpl-2022.4-b4280/lib/opencores/ge_1000baseX/ge_1000baseX_test.v:]
WARNING: [filemgmt 56-99] Vivado Synthesis ignores library specification for Verilog or SystemVerilog files. [/home/zhichao/Downloads/GRLIB/grlib-gpl-2022.4-b4280/lib/opencores/ge_1000baseX/timescale.v:]
WARNING: [filemgmt 56-99] Vivado Synthesis ignores library specification for Verilog or SystemVerilog files. [/home/zhichao/Downloads/GRLIB/grlib-gpl-2022.4-b4280/lib/opencores/ge_1000baseX/ge_1000baseX.v:]
WARNING: [filemgmt 56-99] Vivado Synthesis ignores library specification for Verilog or SystemVerilog files. [/home/zhichao/Downloads/GRLIB/grlib-gpl-2022.4-b4280/lib/opencores/ge_1000baseX/ge_1000baseX_an.v:]
WARNING: [filemgmt 56-99] Vivado Synthesis ignores library specification for Verilog or SystemVerilog files. [/home/zhichao/Downloads/GRLIB/grlib-gpl-2022.4-b4280/lib/opencores/ge_1000baseX/ge_1000baseX_mdio.v:]
WARNING: [filemgmt 56-99] Vivado Synthesis ignores library specification for Verilog or SystemVerilog files. [/home/zhichao/Downloads/GRLIB/grlib-gpl-2022.4-b4280/lib/opencores/ge_1000baseX/ge_1000baseX_rx.v:]
WARNING: [filemgmt 56-99] Vivado Synthesis ignores library specification for Verilog or SystemVerilog files. [/home/zhichao/Downloads/GRLIB/grlib-gpl-2022.4-b4280/lib/opencores/ge_1000baseX/ge_1000baseX_sync.v:]
WARNING: [filemgmt 56-99] Vivado Synthesis ignores library specification for Verilog or SystemVerilog files. [/home/zhichao/Downloads/GRLIB/grlib-gpl-2022.4-b4280/lib/opencores/ge_1000baseX/ge_1000baseX_tx.v:]
WARNING: [filemgmt 56-99] Vivado Synthesis ignores library specification for Verilog or SystemVerilog files. [/home/zhichao/Downloads/GRLIB/grlib-gpl-2022.4-b4280/lib/gaisler/ddr/mig_interface_model.v:]
WARNING: [filemgmt 56-99] Vivado Synthesis ignores library specification for Verilog or SystemVerilog files. [/home/zhichao/Downloads/GRLIB/grlib-gpl-2022.4-b4280/lib/gaisler/i2c/i2c_slave_model.v:]
WARNING: [filemgmt 56-99] Vivado Synthesis ignores library specification for Verilog or SystemVerilog files. [/home/zhichao/Downloads/GRLIB/grlib-gpl-2022.4-b4280/lib/micron/sdram/mobile_sdr.v:]
WARNING: [filemgmt 56-99] Vivado Synthesis ignores library specification for Verilog or SystemVerilog files. [/home/zhichao/Downloads/GRLIB/grlib-gpl-2022.4-b4280/lib/opencores/ge_1000baseX/clean_rst.v:]
WARNING: [filemgmt 56-99] Vivado Synthesis ignores library specification for Verilog or SystemVerilog files. [/home/zhichao/Downloads/GRLIB/grlib-gpl-2022.4-b4280/lib/opencores/ge_1000baseX/decoder_8b10b.v:]
WARNING: [filemgmt 56-99] Vivado Synthesis ignores library specification for Verilog or SystemVerilog files. [/home/zhichao/Downloads/GRLIB/grlib-gpl-2022.4-b4280/lib/opencores/ge_1000baseX/encoder_8b10b.v:]
WARNING: [filemgmt 56-99] Vivado Synthesis ignores library specification for Verilog or SystemVerilog files. [/home/zhichao/Downloads/GRLIB/grlib-gpl-2022.4-b4280/lib/opencores/ge_1000baseX/ge_1000baseX_constants.v:]
WARNING: [filemgmt 56-99] Vivado Synthesis ignores library specification for Verilog or SystemVerilog files. [/home/zhichao/Downloads/GRLIB/grlib-gpl-2022.4-b4280/lib/opencores/ge_1000baseX/ge_1000baseX_regs.v:]
WARNING: [filemgmt 56-99] Vivado Synthesis ignores library specification for Verilog or SystemVerilog files. [/home/zhichao/Downloads/GRLIB/grlib-gpl-2022.4-b4280/lib/opencores/ge_1000baseX/ge_1000baseX_test.v:]
WARNING: [filemgmt 56-99] Vivado Synthesis ignores library specification for Verilog or SystemVerilog files. [/home/zhichao/Downloads/GRLIB/grlib-gpl-2022.4-b4280/lib/opencores/ge_1000baseX/timescale.v:]
WARNING: [filemgmt 56-99] Vivado Synthesis ignores library specification for Verilog or SystemVerilog files. [/home/zhichao/Downloads/GRLIB/grlib-gpl-2022.4-b4280/lib/opencores/ge_1000baseX/ge_1000baseX.v:]
WARNING: [filemgmt 56-99] Vivado Synthesis ignores library specification for Verilog or SystemVerilog files. [/home/zhichao/Downloads/GRLIB/grlib-gpl-2022.4-b4280/lib/opencores/ge_1000baseX/ge_1000baseX_an.v:]
WARNING: [filemgmt 56-99] Vivado Synthesis ignores library specification for Verilog or SystemVerilog files. [/home/zhichao/Downloads/GRLIB/grlib-gpl-2022.4-b4280/lib/opencores/ge_1000baseX/ge_1000baseX_mdio.v:]
WARNING: [filemgmt 56-99] Vivado Synthesis ignores library specification for Verilog or SystemVerilog files. [/home/zhichao/Downloads/GRLIB/grlib-gpl-2022.4-b4280/lib/opencores/ge_1000baseX/ge_1000baseX_rx.v:]
WARNING: [filemgmt 56-99] Vivado Synthesis ignores library specification for Verilog or SystemVerilog files. [/home/zhichao/Downloads/GRLIB/grlib-gpl-2022.4-b4280/lib/opencores/ge_1000baseX/ge_1000baseX_sync.v:]
WARNING: [filemgmt 56-99] Vivado Synthesis ignores library specification for Verilog or SystemVerilog files. [/home/zhichao/Downloads/GRLIB/grlib-gpl-2022.4-b4280/lib/opencores/ge_1000baseX/ge_1000baseX_tx.v:]
WARNING: [filemgmt 56-99] Vivado Synthesis ignores library specification for Verilog or SystemVerilog files. [/home/zhichao/Downloads/GRLIB/grlib-gpl-2022.4-b4280/lib/gaisler/ddr/mig_interface_model.v:]
WARNING: [filemgmt 56-99] Vivado Synthesis ignores library specification for Verilog or SystemVerilog files. [/home/zhichao/Downloads/GRLIB/grlib-gpl-2022.4-b4280/lib/gaisler/i2c/i2c_slave_model.v:]
WARNING: [filemgmt 56-99] Vivado Synthesis ignores library specification for Verilog or SystemVerilog files. [/home/zhichao/Downloads/GRLIB/grlib-gpl-2022.4-b4280/lib/micron/sdram/mobile_sdr.v:]
WARNING: [filemgmt 56-99] Vivado Synthesis ignores library specification for Verilog or SystemVerilog files. [/home/zhichao/Downloads/GRLIB/grlib-gpl-2022.4-b4280/lib/opencores/ge_1000baseX/clean_rst.v:]
WARNING: [filemgmt 56-99] Vivado Synthesis ignores library specification for Verilog or SystemVerilog files. [/home/zhichao/Downloads/GRLIB/grlib-gpl-2022.4-b4280/lib/opencores/ge_1000baseX/decoder_8b10b.v:]
WARNING: [filemgmt 56-99] Vivado Synthesis ignores library specification for Verilog or SystemVerilog files. [/home/zhichao/Downloads/GRLIB/grlib-gpl-2022.4-b4280/lib/opencores/ge_1000baseX/encoder_8b10b.v:]
WARNING: [filemgmt 56-99] Vivado Synthesis ignores library specification for Verilog or SystemVerilog files. [/home/zhichao/Downloads/GRLIB/grlib-gpl-2022.4-b4280/lib/opencores/ge_1000baseX/ge_1000baseX_constants.v:]
WARNING: [filemgmt 56-99] Vivado Synthesis ignores library specification for Verilog or SystemVerilog files. [/home/zhichao/Downloads/GRLIB/grlib-gpl-2022.4-b4280/lib/opencores/ge_1000baseX/ge_1000baseX_regs.v:]
WARNING: [filemgmt 56-99] Vivado Synthesis ignores library specification for Verilog or SystemVerilog files. [/home/zhichao/Downloads/GRLIB/grlib-gpl-2022.4-b4280/lib/opencores/ge_1000baseX/ge_1000baseX_test.v:]
WARNING: [filemgmt 56-99] Vivado Synthesis ignores library specification for Verilog or SystemVerilog files. [/home/zhichao/Downloads/GRLIB/grlib-gpl-2022.4-b4280/lib/opencores/ge_1000baseX/timescale.v:]
WARNING: [filemgmt 56-99] Vivado Synthesis ignores library specification for Verilog or SystemVerilog files. [/home/zhichao/Downloads/GRLIB/grlib-gpl-2022.4-b4280/lib/opencores/ge_1000baseX/ge_1000baseX.v:]
WARNING: [filemgmt 56-99] Vivado Synthesis ignores library specification for Verilog or SystemVerilog files. [/home/zhichao/Downloads/GRLIB/grlib-gpl-2022.4-b4280/lib/opencores/ge_1000baseX/ge_1000baseX_an.v:]
WARNING: [filemgmt 56-99] Vivado Synthesis ignores library specification for Verilog or SystemVerilog files. [/home/zhichao/Downloads/GRLIB/grlib-gpl-2022.4-b4280/lib/opencores/ge_1000baseX/ge_1000baseX_mdio.v:]
WARNING: [filemgmt 56-99] Vivado Synthesis ignores library specification for Verilog or SystemVerilog files. [/home/zhichao/Downloads/GRLIB/grlib-gpl-2022.4-b4280/lib/opencores/ge_1000baseX/ge_1000baseX_rx.v:]
WARNING: [filemgmt 56-99] Vivado Synthesis ignores library specification for Verilog or SystemVerilog files. [/home/zhichao/Downloads/GRLIB/grlib-gpl-2022.4-b4280/lib/opencores/ge_1000baseX/ge_1000baseX_sync.v:]
WARNING: [filemgmt 56-99] Vivado Synthesis ignores library specification for Verilog or SystemVerilog files. [/home/zhichao/Downloads/GRLIB/grlib-gpl-2022.4-b4280/lib/opencores/ge_1000baseX/ge_1000baseX_tx.v:]
WARNING: [filemgmt 56-99] Vivado Synthesis ignores library specification for Verilog or SystemVerilog files. [/home/zhichao/Downloads/GRLIB/grlib-gpl-2022.4-b4280/lib/gaisler/ddr/mig_interface_model.v:]
WARNING: [filemgmt 56-99] Vivado Synthesis ignores library specification for Verilog or SystemVerilog files. [/home/zhichao/Downloads/GRLIB/grlib-gpl-2022.4-b4280/lib/gaisler/i2c/i2c_slave_model.v:]
WARNING: [filemgmt 56-99] Vivado Synthesis ignores library specification for Verilog or SystemVerilog files. [/home/zhichao/Downloads/GRLIB/grlib-gpl-2022.4-b4280/lib/micron/sdram/mobile_sdr.v:]
[Wed Feb  1 14:55:48 2023] Launched synth_1...
Run output will be captured here: /home/zhichao/Downloads/GRLIB/grlib-gpl-2022.4-b4280/designs/leon5-xilinx-kc705/vivado/leon5-xilinx-kc705/leon5-xilinx-kc705.runs/synth_1/runme.log
[Wed Feb  1 14:55:48 2023] Launched impl_1...
Run output will be captured here: /home/zhichao/Downloads/GRLIB/grlib-gpl-2022.4-b4280/designs/leon5-xilinx-kc705/vivado/leon5-xilinx-kc705/leon5-xilinx-kc705.runs/impl_1/runme.log
upgrade_ip -vlnv xilinx.com:ip:mig_7series:4.2 [get_ips  mig] -log ip_upgrade.log
Upgrading 'mig'
INFO: [IP_Flow 19-1972] Upgraded mig from Memory Interface Generator (MIG 7 Series) 4.0 to Memory Interface Generator (MIG 7 Series) 4.2
INFO: [IP_Flow 19-1686] Generating 'Instantiation Template' target for IP 'mig'...
INFO: [Coretcl 2-1525] Wrote upgrade log to '/home/zhichao/Downloads/GRLIB/grlib-gpl-2022.4-b4280/designs/leon5-xilinx-kc705/vivado/leon5-xilinx-kc705/ip_upgrade.log'.
upgrade_ip: Time (s): cpu = 00:00:12 ; elapsed = 00:00:12 . Memory (MB): peak = 7191.824 ; gain = 0.000 ; free physical = 5561 ; free virtual = 47836
export_ip_user_files -of_objects [get_ips mig] -no_script -sync -force -quiet
generate_target all [get_files  /home/zhichao/Downloads/GRLIB/grlib-gpl-2022.4-b4280/designs/leon5-xilinx-kc705/vivado/leon5-xilinx-kc705/leon5-xilinx-kc705.srcs/sources_1/ip/mig/mig.xci]
INFO: [IP_Flow 19-1686] Generating 'Synthesis' target for IP 'mig'...
INFO: [IP_Flow 19-1686] Generating 'Simulation' target for IP 'mig'...
INFO: [IP_Flow 19-1686] Generating 'Implementation' target for IP 'mig'...
INFO: [IP_Flow 19-1686] Generating 'Change Log' target for IP 'mig'...
generate_target: Time (s): cpu = 00:00:11 ; elapsed = 00:00:11 . Memory (MB): peak = 7508.230 ; gain = 0.000 ; free physical = 5307 ; free virtual = 47582
export_ip_user_files -of_objects [get_files /home/zhichao/Downloads/GRLIB/grlib-gpl-2022.4-b4280/designs/leon5-xilinx-kc705/vivado/leon5-xilinx-kc705/leon5-xilinx-kc705.srcs/sources_1/ip/mig/mig.xci] -no_script -sync -force -quiet
export_simulation -of_objects [get_files /home/zhichao/Downloads/GRLIB/grlib-gpl-2022.4-b4280/designs/leon5-xilinx-kc705/vivado/leon5-xilinx-kc705/leon5-xilinx-kc705.srcs/sources_1/ip/mig/mig.xci] -directory /home/zhichao/Downloads/GRLIB/grlib-gpl-2022.4-b4280/designs/leon5-xilinx-kc705/vivado/leon5-xilinx-kc705/leon5-xilinx-kc705.ip_user_files/sim_scripts -ip_user_files_dir /home/zhichao/Downloads/GRLIB/grlib-gpl-2022.4-b4280/designs/leon5-xilinx-kc705/vivado/leon5-xilinx-kc705/leon5-xilinx-kc705.ip_user_files -ipstatic_source_dir /home/zhichao/Downloads/GRLIB/grlib-gpl-2022.4-b4280/designs/leon5-xilinx-kc705/vivado/leon5-xilinx-kc705/leon5-xilinx-kc705.ip_user_files/ipstatic -lib_map_path [list {modelsim=/home/zhichao/Downloads/GRLIB/grlib-gpl-2022.4-b4280/designs/leon5-xilinx-kc705/vivado/leon5-xilinx-kc705/leon5-xilinx-kc705.cache/compile_simlib/modelsim} {questa=/home/zhichao/Downloads/GRLIB/grlib-gpl-2022.4-b4280/designs/leon5-xilinx-kc705/vivado/leon5-xilinx-kc705/leon5-xilinx-kc705.cache/compile_simlib/questa} {ies=/home/zhichao/Downloads/GRLIB/grlib-gpl-2022.4-b4280/designs/leon5-xilinx-kc705/vivado/leon5-xilinx-kc705/leon5-xilinx-kc705.cache/compile_simlib/ies} {xcelium=/home/zhichao/Downloads/GRLIB/grlib-gpl-2022.4-b4280/designs/leon5-xilinx-kc705/vivado/leon5-xilinx-kc705/leon5-xilinx-kc705.cache/compile_simlib/xcelium} {vcs=/home/zhichao/Downloads/GRLIB/grlib-gpl-2022.4-b4280/designs/leon5-xilinx-kc705/vivado/leon5-xilinx-kc705/leon5-xilinx-kc705.cache/compile_simlib/vcs} {riviera=/home/zhichao/Downloads/GRLIB/grlib-gpl-2022.4-b4280/designs/leon5-xilinx-kc705/vivado/leon5-xilinx-kc705/leon5-xilinx-kc705.cache/compile_simlib/riviera}] -use_ip_compiled_libs -force -quiet
reset_run synth_1
launch_runs impl_1 -to_step write_bitstream -jobs 16
WARNING: [filemgmt 56-99] Vivado Synthesis ignores library specification for Verilog or SystemVerilog files. [/home/zhichao/Downloads/GRLIB/grlib-gpl-2022.4-b4280/lib/opencores/ge_1000baseX/clean_rst.v:]
WARNING: [filemgmt 56-99] Vivado Synthesis ignores library specification for Verilog or SystemVerilog files. [/home/zhichao/Downloads/GRLIB/grlib-gpl-2022.4-b4280/lib/opencores/ge_1000baseX/decoder_8b10b.v:]
WARNING: [filemgmt 56-99] Vivado Synthesis ignores library specification for Verilog or SystemVerilog files. [/home/zhichao/Downloads/GRLIB/grlib-gpl-2022.4-b4280/lib/opencores/ge_1000baseX/encoder_8b10b.v:]
WARNING: [filemgmt 56-99] Vivado Synthesis ignores library specification for Verilog or SystemVerilog files. [/home/zhichao/Downloads/GRLIB/grlib-gpl-2022.4-b4280/lib/opencores/ge_1000baseX/ge_1000baseX_constants.v:]
WARNING: [filemgmt 56-99] Vivado Synthesis ignores library specification for Verilog or SystemVerilog files. [/home/zhichao/Downloads/GRLIB/grlib-gpl-2022.4-b4280/lib/opencores/ge_1000baseX/ge_1000baseX_regs.v:]
WARNING: [filemgmt 56-99] Vivado Synthesis ignores library specification for Verilog or SystemVerilog files. [/home/zhichao/Downloads/GRLIB/grlib-gpl-2022.4-b4280/lib/opencores/ge_1000baseX/ge_1000baseX_test.v:]
WARNING: [filemgmt 56-99] Vivado Synthesis ignores library specification for Verilog or SystemVerilog files. [/home/zhichao/Downloads/GRLIB/grlib-gpl-2022.4-b4280/lib/opencores/ge_1000baseX/timescale.v:]
WARNING: [filemgmt 56-99] Vivado Synthesis ignores library specification for Verilog or SystemVerilog files. [/home/zhichao/Downloads/GRLIB/grlib-gpl-2022.4-b4280/lib/opencores/ge_1000baseX/ge_1000baseX.v:]
WARNING: [filemgmt 56-99] Vivado Synthesis ignores library specification for Verilog or SystemVerilog files. [/home/zhichao/Downloads/GRLIB/grlib-gpl-2022.4-b4280/lib/opencores/ge_1000baseX/ge_1000baseX_an.v:]
WARNING: [filemgmt 56-99] Vivado Synthesis ignores library specification for Verilog or SystemVerilog files. [/home/zhichao/Downloads/GRLIB/grlib-gpl-2022.4-b4280/lib/opencores/ge_1000baseX/ge_1000baseX_mdio.v:]
WARNING: [filemgmt 56-99] Vivado Synthesis ignores library specification for Verilog or SystemVerilog files. [/home/zhichao/Downloads/GRLIB/grlib-gpl-2022.4-b4280/lib/opencores/ge_1000baseX/ge_1000baseX_rx.v:]
WARNING: [filemgmt 56-99] Vivado Synthesis ignores library specification for Verilog or SystemVerilog files. [/home/zhichao/Downloads/GRLIB/grlib-gpl-2022.4-b4280/lib/opencores/ge_1000baseX/ge_1000baseX_sync.v:]
WARNING: [filemgmt 56-99] Vivado Synthesis ignores library specification for Verilog or SystemVerilog files. [/home/zhichao/Downloads/GRLIB/grlib-gpl-2022.4-b4280/lib/opencores/ge_1000baseX/ge_1000baseX_tx.v:]
WARNING: [filemgmt 56-99] Vivado Synthesis ignores library specification for Verilog or SystemVerilog files. [/home/zhichao/Downloads/GRLIB/grlib-gpl-2022.4-b4280/lib/gaisler/ddr/mig_interface_model.v:]
WARNING: [filemgmt 56-99] Vivado Synthesis ignores library specification for Verilog or SystemVerilog files. [/home/zhichao/Downloads/GRLIB/grlib-gpl-2022.4-b4280/lib/gaisler/i2c/i2c_slave_model.v:]
WARNING: [filemgmt 56-99] Vivado Synthesis ignores library specification for Verilog or SystemVerilog files. [/home/zhichao/Downloads/GRLIB/grlib-gpl-2022.4-b4280/lib/micron/sdram/mobile_sdr.v:]
WARNING: [filemgmt 56-99] Vivado Synthesis ignores library specification for Verilog or SystemVerilog files. [/home/zhichao/Downloads/GRLIB/grlib-gpl-2022.4-b4280/lib/opencores/ge_1000baseX/clean_rst.v:]
WARNING: [filemgmt 56-99] Vivado Synthesis ignores library specification for Verilog or SystemVerilog files. [/home/zhichao/Downloads/GRLIB/grlib-gpl-2022.4-b4280/lib/opencores/ge_1000baseX/decoder_8b10b.v:]
WARNING: [filemgmt 56-99] Vivado Synthesis ignores library specification for Verilog or SystemVerilog files. [/home/zhichao/Downloads/GRLIB/grlib-gpl-2022.4-b4280/lib/opencores/ge_1000baseX/encoder_8b10b.v:]
WARNING: [filemgmt 56-99] Vivado Synthesis ignores library specification for Verilog or SystemVerilog files. [/home/zhichao/Downloads/GRLIB/grlib-gpl-2022.4-b4280/lib/opencores/ge_1000baseX/ge_1000baseX_constants.v:]
WARNING: [filemgmt 56-99] Vivado Synthesis ignores library specification for Verilog or SystemVerilog files. [/home/zhichao/Downloads/GRLIB/grlib-gpl-2022.4-b4280/lib/opencores/ge_1000baseX/ge_1000baseX_regs.v:]
WARNING: [filemgmt 56-99] Vivado Synthesis ignores library specification for Verilog or SystemVerilog files. [/home/zhichao/Downloads/GRLIB/grlib-gpl-2022.4-b4280/lib/opencores/ge_1000baseX/ge_1000baseX_test.v:]
WARNING: [filemgmt 56-99] Vivado Synthesis ignores library specification for Verilog or SystemVerilog files. [/home/zhichao/Downloads/GRLIB/grlib-gpl-2022.4-b4280/lib/opencores/ge_1000baseX/timescale.v:]
WARNING: [filemgmt 56-99] Vivado Synthesis ignores library specification for Verilog or SystemVerilog files. [/home/zhichao/Downloads/GRLIB/grlib-gpl-2022.4-b4280/lib/opencores/ge_1000baseX/ge_1000baseX.v:]
WARNING: [filemgmt 56-99] Vivado Synthesis ignores library specification for Verilog or SystemVerilog files. [/home/zhichao/Downloads/GRLIB/grlib-gpl-2022.4-b4280/lib/opencores/ge_1000baseX/ge_1000baseX_an.v:]
WARNING: [filemgmt 56-99] Vivado Synthesis ignores library specification for Verilog or SystemVerilog files. [/home/zhichao/Downloads/GRLIB/grlib-gpl-2022.4-b4280/lib/opencores/ge_1000baseX/ge_1000baseX_mdio.v:]
WARNING: [filemgmt 56-99] Vivado Synthesis ignores library specification for Verilog or SystemVerilog files. [/home/zhichao/Downloads/GRLIB/grlib-gpl-2022.4-b4280/lib/opencores/ge_1000baseX/ge_1000baseX_rx.v:]
WARNING: [filemgmt 56-99] Vivado Synthesis ignores library specification for Verilog or SystemVerilog files. [/home/zhichao/Downloads/GRLIB/grlib-gpl-2022.4-b4280/lib/opencores/ge_1000baseX/ge_1000baseX_sync.v:]
WARNING: [filemgmt 56-99] Vivado Synthesis ignores library specification for Verilog or SystemVerilog files. [/home/zhichao/Downloads/GRLIB/grlib-gpl-2022.4-b4280/lib/opencores/ge_1000baseX/ge_1000baseX_tx.v:]
WARNING: [filemgmt 56-99] Vivado Synthesis ignores library specification for Verilog or SystemVerilog files. [/home/zhichao/Downloads/GRLIB/grlib-gpl-2022.4-b4280/lib/gaisler/ddr/mig_interface_model.v:]
WARNING: [filemgmt 56-99] Vivado Synthesis ignores library specification for Verilog or SystemVerilog files. [/home/zhichao/Downloads/GRLIB/grlib-gpl-2022.4-b4280/lib/gaisler/i2c/i2c_slave_model.v:]
WARNING: [filemgmt 56-99] Vivado Synthesis ignores library specification for Verilog or SystemVerilog files. [/home/zhichao/Downloads/GRLIB/grlib-gpl-2022.4-b4280/lib/micron/sdram/mobile_sdr.v:]
WARNING: [filemgmt 56-99] Vivado Synthesis ignores library specification for Verilog or SystemVerilog files. [/home/zhichao/Downloads/GRLIB/grlib-gpl-2022.4-b4280/lib/opencores/ge_1000baseX/clean_rst.v:]
WARNING: [filemgmt 56-99] Vivado Synthesis ignores library specification for Verilog or SystemVerilog files. [/home/zhichao/Downloads/GRLIB/grlib-gpl-2022.4-b4280/lib/opencores/ge_1000baseX/decoder_8b10b.v:]
WARNING: [filemgmt 56-99] Vivado Synthesis ignores library specification for Verilog or SystemVerilog files. [/home/zhichao/Downloads/GRLIB/grlib-gpl-2022.4-b4280/lib/opencores/ge_1000baseX/encoder_8b10b.v:]
WARNING: [filemgmt 56-99] Vivado Synthesis ignores library specification for Verilog or SystemVerilog files. [/home/zhichao/Downloads/GRLIB/grlib-gpl-2022.4-b4280/lib/opencores/ge_1000baseX/ge_1000baseX_constants.v:]
WARNING: [filemgmt 56-99] Vivado Synthesis ignores library specification for Verilog or SystemVerilog files. [/home/zhichao/Downloads/GRLIB/grlib-gpl-2022.4-b4280/lib/opencores/ge_1000baseX/ge_1000baseX_regs.v:]
WARNING: [filemgmt 56-99] Vivado Synthesis ignores library specification for Verilog or SystemVerilog files. [/home/zhichao/Downloads/GRLIB/grlib-gpl-2022.4-b4280/lib/opencores/ge_1000baseX/ge_1000baseX_test.v:]
WARNING: [filemgmt 56-99] Vivado Synthesis ignores library specification for Verilog or SystemVerilog files. [/home/zhichao/Downloads/GRLIB/grlib-gpl-2022.4-b4280/lib/opencores/ge_1000baseX/timescale.v:]
WARNING: [filemgmt 56-99] Vivado Synthesis ignores library specification for Verilog or SystemVerilog files. [/home/zhichao/Downloads/GRLIB/grlib-gpl-2022.4-b4280/lib/opencores/ge_1000baseX/ge_1000baseX.v:]
WARNING: [filemgmt 56-99] Vivado Synthesis ignores library specification for Verilog or SystemVerilog files. [/home/zhichao/Downloads/GRLIB/grlib-gpl-2022.4-b4280/lib/opencores/ge_1000baseX/ge_1000baseX_an.v:]
WARNING: [filemgmt 56-99] Vivado Synthesis ignores library specification for Verilog or SystemVerilog files. [/home/zhichao/Downloads/GRLIB/grlib-gpl-2022.4-b4280/lib/opencores/ge_1000baseX/ge_1000baseX_mdio.v:]
WARNING: [filemgmt 56-99] Vivado Synthesis ignores library specification for Verilog or SystemVerilog files. [/home/zhichao/Downloads/GRLIB/grlib-gpl-2022.4-b4280/lib/opencores/ge_1000baseX/ge_1000baseX_rx.v:]
WARNING: [filemgmt 56-99] Vivado Synthesis ignores library specification for Verilog or SystemVerilog files. [/home/zhichao/Downloads/GRLIB/grlib-gpl-2022.4-b4280/lib/opencores/ge_1000baseX/ge_1000baseX_sync.v:]
WARNING: [filemgmt 56-99] Vivado Synthesis ignores library specification for Verilog or SystemVerilog files. [/home/zhichao/Downloads/GRLIB/grlib-gpl-2022.4-b4280/lib/opencores/ge_1000baseX/ge_1000baseX_tx.v:]
WARNING: [filemgmt 56-99] Vivado Synthesis ignores library specification for Verilog or SystemVerilog files. [/home/zhichao/Downloads/GRLIB/grlib-gpl-2022.4-b4280/lib/gaisler/ddr/mig_interface_model.v:]
WARNING: [filemgmt 56-99] Vivado Synthesis ignores library specification for Verilog or SystemVerilog files. [/home/zhichao/Downloads/GRLIB/grlib-gpl-2022.4-b4280/lib/gaisler/i2c/i2c_slave_model.v:]
WARNING: [filemgmt 56-99] Vivado Synthesis ignores library specification for Verilog or SystemVerilog files. [/home/zhichao/Downloads/GRLIB/grlib-gpl-2022.4-b4280/lib/micron/sdram/mobile_sdr.v:]
WARNING: [filemgmt 56-99] Vivado Synthesis ignores library specification for Verilog or SystemVerilog files. [/home/zhichao/Downloads/GRLIB/grlib-gpl-2022.4-b4280/lib/opencores/ge_1000baseX/clean_rst.v:]
WARNING: [filemgmt 56-99] Vivado Synthesis ignores library specification for Verilog or SystemVerilog files. [/home/zhichao/Downloads/GRLIB/grlib-gpl-2022.4-b4280/lib/opencores/ge_1000baseX/decoder_8b10b.v:]
WARNING: [filemgmt 56-99] Vivado Synthesis ignores library specification for Verilog or SystemVerilog files. [/home/zhichao/Downloads/GRLIB/grlib-gpl-2022.4-b4280/lib/opencores/ge_1000baseX/encoder_8b10b.v:]
WARNING: [filemgmt 56-99] Vivado Synthesis ignores library specification for Verilog or SystemVerilog files. [/home/zhichao/Downloads/GRLIB/grlib-gpl-2022.4-b4280/lib/opencores/ge_1000baseX/ge_1000baseX_constants.v:]
WARNING: [filemgmt 56-99] Vivado Synthesis ignores library specification for Verilog or SystemVerilog files. [/home/zhichao/Downloads/GRLIB/grlib-gpl-2022.4-b4280/lib/opencores/ge_1000baseX/ge_1000baseX_regs.v:]
WARNING: [filemgmt 56-99] Vivado Synthesis ignores library specification for Verilog or SystemVerilog files. [/home/zhichao/Downloads/GRLIB/grlib-gpl-2022.4-b4280/lib/opencores/ge_1000baseX/ge_1000baseX_test.v:]
WARNING: [filemgmt 56-99] Vivado Synthesis ignores library specification for Verilog or SystemVerilog files. [/home/zhichao/Downloads/GRLIB/grlib-gpl-2022.4-b4280/lib/opencores/ge_1000baseX/timescale.v:]
WARNING: [filemgmt 56-99] Vivado Synthesis ignores library specification for Verilog or SystemVerilog files. [/home/zhichao/Downloads/GRLIB/grlib-gpl-2022.4-b4280/lib/opencores/ge_1000baseX/ge_1000baseX.v:]
WARNING: [filemgmt 56-99] Vivado Synthesis ignores library specification for Verilog or SystemVerilog files. [/home/zhichao/Downloads/GRLIB/grlib-gpl-2022.4-b4280/lib/opencores/ge_1000baseX/ge_1000baseX_an.v:]
WARNING: [filemgmt 56-99] Vivado Synthesis ignores library specification for Verilog or SystemVerilog files. [/home/zhichao/Downloads/GRLIB/grlib-gpl-2022.4-b4280/lib/opencores/ge_1000baseX/ge_1000baseX_mdio.v:]
WARNING: [filemgmt 56-99] Vivado Synthesis ignores library specification for Verilog or SystemVerilog files. [/home/zhichao/Downloads/GRLIB/grlib-gpl-2022.4-b4280/lib/opencores/ge_1000baseX/ge_1000baseX_rx.v:]
WARNING: [filemgmt 56-99] Vivado Synthesis ignores library specification for Verilog or SystemVerilog files. [/home/zhichao/Downloads/GRLIB/grlib-gpl-2022.4-b4280/lib/opencores/ge_1000baseX/ge_1000baseX_sync.v:]
WARNING: [filemgmt 56-99] Vivado Synthesis ignores library specification for Verilog or SystemVerilog files. [/home/zhichao/Downloads/GRLIB/grlib-gpl-2022.4-b4280/lib/opencores/ge_1000baseX/ge_1000baseX_tx.v:]
WARNING: [filemgmt 56-99] Vivado Synthesis ignores library specification for Verilog or SystemVerilog files. [/home/zhichao/Downloads/GRLIB/grlib-gpl-2022.4-b4280/lib/gaisler/ddr/mig_interface_model.v:]
WARNING: [filemgmt 56-99] Vivado Synthesis ignores library specification for Verilog or SystemVerilog files. [/home/zhichao/Downloads/GRLIB/grlib-gpl-2022.4-b4280/lib/gaisler/i2c/i2c_slave_model.v:]
WARNING: [filemgmt 56-99] Vivado Synthesis ignores library specification for Verilog or SystemVerilog files. [/home/zhichao/Downloads/GRLIB/grlib-gpl-2022.4-b4280/lib/micron/sdram/mobile_sdr.v:]
[Wed Feb  1 15:02:19 2023] Launched synth_1...
Run output will be captured here: /home/zhichao/Downloads/GRLIB/grlib-gpl-2022.4-b4280/designs/leon5-xilinx-kc705/vivado/leon5-xilinx-kc705/leon5-xilinx-kc705.runs/synth_1/runme.log
[Wed Feb  1 15:02:19 2023] Launched impl_1...
Run output will be captured here: /home/zhichao/Downloads/GRLIB/grlib-gpl-2022.4-b4280/designs/leon5-xilinx-kc705/vivado/leon5-xilinx-kc705/leon5-xilinx-kc705.runs/impl_1/runme.log
open_hw
open_run impl_1
INFO: [Device 21-403] Loading part xc7k325tffg900-2
INFO: [Netlist 29-17] Analyzing 4185 Unisim elements for replacement
INFO: [Netlist 29-28] Unisim Transformation completed in 0 CPU seconds
INFO: [Project 1-479] Netlist was created with Vivado 2019.1
INFO: [Project 1-570] Preparing netlist for logic optimization
INFO: [Timing 38-478] Restoring timing data from binary archive.
INFO: [Timing 38-479] Binary timing data restore complete.
INFO: [Project 1-856] Restoring constraints from binary archive.
INFO: [Project 1-853] Binary constraint restore complete.
Reading XDEF placement.
Reading placer database...
Reading XDEF routing.
Read XDEF File: Time (s): cpu = 00:00:03 ; elapsed = 00:00:03 . Memory (MB): peak = 8718.441 ; gain = 112.758 ; free physical = 4316 ; free virtual = 46127
Restored from archive | CPU: 3.500000 secs | Memory: 93.691719 MB |
Finished XDEF File Restore: Time (s): cpu = 00:00:03 ; elapsed = 00:00:03 . Memory (MB): peak = 8718.441 ; gain = 112.758 ; free physical = 4316 ; free virtual = 46127
Netlist sorting complete. Time (s): cpu = 00:00:00 ; elapsed = 00:00:00.01 . Memory (MB): peak = 8718.441 ; gain = 0.000 ; free physical = 4337 ; free virtual = 46147
INFO: [Project 1-111] Unisim Transformation Summary:
  A total of 466 instances were transformed.
  IOBUF => IOBUF (IBUF, OBUFT): 20 instances
  IOBUFDS_DIFF_OUT_DCIEN => IOBUFDS_DIFF_OUT_DCIEN (IBUFDS_IBUFDISABLE_INT, IBUFDS_IBUFDISABLE_INT, INV, OBUFTDS_DCIEN, OBUFTDS_DCIEN): 8 instances
  IOBUF_DCIEN => IOBUF_DCIEN (IBUF_IBUFDISABLE, OBUFT_DCIEN): 64 instances
  LUT6_2 => LUT6_2 (LUT5, LUT6): 19 instances
  OBUFDS => OBUFDS_DUAL_BUF (INV, OBUFDS, OBUFDS): 1 instances
  RAM32M => RAM32M (RAMD32, RAMD32, RAMD32, RAMD32, RAMD32, RAMD32, RAMS32, RAMS32): 353 instances
  SRLC32E => SRL16E: 1 instances

open_run: Time (s): cpu = 00:00:28 ; elapsed = 00:00:20 . Memory (MB): peak = 8876.805 ; gain = 1106.988 ; free physical = 4218 ; free virtual = 46035
CRITICAL WARNING: [Timing 38-282] The design failed to meet the timing requirements. Please see the timing summary report for details on the timing violations.
exit
INFO: [Common 17-206] Exiting Vivado at Thu Feb  2 01:06:50 2023...
