Copyright 1986-2019 Xilinx, Inc. All Rights Reserved.
---------------------------------------------------------------------------------------------------------------
| Tool Version : Vivado v.2019.1 (lin64) Build 2552052 Fri May 24 14:47:09 MDT 2019
| Date         : Fri Jan 20 23:05:58 2023
| Host         : coding running 64-bit Ubuntu 20.04.5 LTS
| Command      : report_drc -file noelvmp_drc_routed.rpt -pb noelvmp_drc_routed.pb -rpx noelvmp_drc_routed.rpx
| Design       : noelvmp
| Device       : xc7a100ticsg324-1L
| Speed File   : -1L
| Design State : Fully Routed
---------------------------------------------------------------------------------------------------------------

Report DRC

Table of Contents
-----------------
1. REPORT SUMMARY
2. REPORT DETAILS

1. REPORT SUMMARY
-----------------
            Netlist: netlist
          Floorplan: design_1
      Design limits: <entire design considered>
           Ruledeck: default
             Max violations: <unlimited>
             Violations found: 61
+-----------+----------+----------------------------+------------+
| Rule      | Severity | Description                | Violations |
+-----------+----------+----------------------------+------------+
| DPIP-1    | Warning  | Input pipelining           | 35         |
| DPOP-1    | Warning  | PREG Output pipelining     | 7          |
| DPOP-2    | Warning  | MREG Output pipelining     | 11         |
| REQP-1709 | Warning  | Clock output buffering     | 1          |
| REQP-1839 | Warning  | RAMB36 async control check | 6          |
| RTSTAT-10 | Warning  | No routable loads          | 1          |
+-----------+----------+----------------------------+------------+

2. REPORT DETAILS
-----------------
DPIP-1#1 Warning
Input pipelining  
DSP core0/noelv0/cpuloop[0].core/u0/fpu_gen.nano/p_0_out input core0/noelv0/cpuloop[0].core/u0/fpu_gen.nano/p_0_out/A[29:0] is not pipelined. Pipelining DSP48 input will improve performance.
Related violations: <none>

DPIP-1#2 Warning
Input pipelining  
DSP core0/noelv0/cpuloop[0].core/u0/fpu_gen.nano/p_0_out input core0/noelv0/cpuloop[0].core/u0/fpu_gen.nano/p_0_out/C[47:0] is not pipelined. Pipelining DSP48 input will improve performance.
Related violations: <none>

DPIP-1#3 Warning
Input pipelining  
DSP core0/noelv0/cpuloop[0].core/u0/fpu_gen.nano/srstregs.r_reg[mulo] input core0/noelv0/cpuloop[0].core/u0/fpu_gen.nano/srstregs.r_reg[mulo]/A[29:0] is not pipelined. Pipelining DSP48 input will improve performance.
Related violations: <none>

DPIP-1#4 Warning
Input pipelining  
DSP core0/noelv0/cpuloop[0].core/u0/mgen.mul0/m0/pipe2.arch0.dwm/ input core0/noelv0/cpuloop[0].core/u0/mgen.mul0/m0/pipe2.arch0.dwm//A[29:0] is not pipelined. Pipelining DSP48 input will improve performance.
Related violations: <none>

DPIP-1#5 Warning
Input pipelining  
DSP core0/noelv0/cpuloop[0].core/u0/mgen.mul0/m0/pipe2.arch0.dwm/ input core0/noelv0/cpuloop[0].core/u0/mgen.mul0/m0/pipe2.arch0.dwm//B[17:0] is not pipelined. Pipelining DSP48 input will improve performance.
Related violations: <none>

DPIP-1#6 Warning
Input pipelining  
DSP core0/noelv0/cpuloop[0].core/u0/mgen.mul0/m0/pipe2.arch0.dwm/__0 input core0/noelv0/cpuloop[0].core/u0/mgen.mul0/m0/pipe2.arch0.dwm/__0/A[29:0] is not pipelined. Pipelining DSP48 input will improve performance.
Related violations: <none>

DPIP-1#7 Warning
Input pipelining  
DSP core0/noelv0/cpuloop[0].core/u0/mgen.mul0/m0/pipe2.arch0.dwm/__0 input core0/noelv0/cpuloop[0].core/u0/mgen.mul0/m0/pipe2.arch0.dwm/__0/B[17:0] is not pipelined. Pipelining DSP48 input will improve performance.
Related violations: <none>

DPIP-1#8 Warning
Input pipelining  
DSP core0/noelv0/cpuloop[0].core/u0/mgen.mul0/m0/pipe2.arch0.dwm/__1 input core0/noelv0/cpuloop[0].core/u0/mgen.mul0/m0/pipe2.arch0.dwm/__1/A[29:0] is not pipelined. Pipelining DSP48 input will improve performance.
Related violations: <none>

DPIP-1#9 Warning
Input pipelining  
DSP core0/noelv0/cpuloop[0].core/u0/mgen.mul0/m0/pipe2.arch0.dwm/__1 input core0/noelv0/cpuloop[0].core/u0/mgen.mul0/m0/pipe2.arch0.dwm/__1/B[17:0] is not pipelined. Pipelining DSP48 input will improve performance.
Related violations: <none>

DPIP-1#10 Warning
Input pipelining  
DSP core0/noelv0/cpuloop[0].core/u0/mgen.mul0/m0/pipe2.arch0.dwm/__10 input core0/noelv0/cpuloop[0].core/u0/mgen.mul0/m0/pipe2.arch0.dwm/__10/A[29:0] is not pipelined. Pipelining DSP48 input will improve performance.
Related violations: <none>

DPIP-1#11 Warning
Input pipelining  
DSP core0/noelv0/cpuloop[0].core/u0/mgen.mul0/m0/pipe2.arch0.dwm/__10 input core0/noelv0/cpuloop[0].core/u0/mgen.mul0/m0/pipe2.arch0.dwm/__10/B[17:0] is not pipelined. Pipelining DSP48 input will improve performance.
Related violations: <none>

DPIP-1#12 Warning
Input pipelining  
DSP core0/noelv0/cpuloop[0].core/u0/mgen.mul0/m0/pipe2.arch0.dwm/__2 input core0/noelv0/cpuloop[0].core/u0/mgen.mul0/m0/pipe2.arch0.dwm/__2/A[29:0] is not pipelined. Pipelining DSP48 input will improve performance.
Related violations: <none>

DPIP-1#13 Warning
Input pipelining  
DSP core0/noelv0/cpuloop[0].core/u0/mgen.mul0/m0/pipe2.arch0.dwm/__2 input core0/noelv0/cpuloop[0].core/u0/mgen.mul0/m0/pipe2.arch0.dwm/__2/B[17:0] is not pipelined. Pipelining DSP48 input will improve performance.
Related violations: <none>

DPIP-1#14 Warning
Input pipelining  
DSP core0/noelv0/cpuloop[0].core/u0/mgen.mul0/m0/pipe2.arch0.dwm/__3 input core0/noelv0/cpuloop[0].core/u0/mgen.mul0/m0/pipe2.arch0.dwm/__3/A[29:0] is not pipelined. Pipelining DSP48 input will improve performance.
Related violations: <none>

DPIP-1#15 Warning
Input pipelining  
DSP core0/noelv0/cpuloop[0].core/u0/mgen.mul0/m0/pipe2.arch0.dwm/__3 input core0/noelv0/cpuloop[0].core/u0/mgen.mul0/m0/pipe2.arch0.dwm/__3/B[17:0] is not pipelined. Pipelining DSP48 input will improve performance.
Related violations: <none>

DPIP-1#16 Warning
Input pipelining  
DSP core0/noelv0/cpuloop[0].core/u0/mgen.mul0/m0/pipe2.arch0.dwm/__4 input core0/noelv0/cpuloop[0].core/u0/mgen.mul0/m0/pipe2.arch0.dwm/__4/A[29:0] is not pipelined. Pipelining DSP48 input will improve performance.
Related violations: <none>

DPIP-1#17 Warning
Input pipelining  
DSP core0/noelv0/cpuloop[0].core/u0/mgen.mul0/m0/pipe2.arch0.dwm/__4 input core0/noelv0/cpuloop[0].core/u0/mgen.mul0/m0/pipe2.arch0.dwm/__4/B[17:0] is not pipelined. Pipelining DSP48 input will improve performance.
Related violations: <none>

DPIP-1#18 Warning
Input pipelining  
DSP core0/noelv0/cpuloop[0].core/u0/mgen.mul0/m0/pipe2.arch0.dwm/__5 input core0/noelv0/cpuloop[0].core/u0/mgen.mul0/m0/pipe2.arch0.dwm/__5/A[29:0] is not pipelined. Pipelining DSP48 input will improve performance.
Related violations: <none>

DPIP-1#19 Warning
Input pipelining  
DSP core0/noelv0/cpuloop[0].core/u0/mgen.mul0/m0/pipe2.arch0.dwm/__5 input core0/noelv0/cpuloop[0].core/u0/mgen.mul0/m0/pipe2.arch0.dwm/__5/B[17:0] is not pipelined. Pipelining DSP48 input will improve performance.
Related violations: <none>

DPIP-1#20 Warning
Input pipelining  
DSP core0/noelv0/cpuloop[0].core/u0/mgen.mul0/m0/pipe2.arch0.dwm/__6 input core0/noelv0/cpuloop[0].core/u0/mgen.mul0/m0/pipe2.arch0.dwm/__6/A[29:0] is not pipelined. Pipelining DSP48 input will improve performance.
Related violations: <none>

DPIP-1#21 Warning
Input pipelining  
DSP core0/noelv0/cpuloop[0].core/u0/mgen.mul0/m0/pipe2.arch0.dwm/__6 input core0/noelv0/cpuloop[0].core/u0/mgen.mul0/m0/pipe2.arch0.dwm/__6/B[17:0] is not pipelined. Pipelining DSP48 input will improve performance.
Related violations: <none>

DPIP-1#22 Warning
Input pipelining  
DSP core0/noelv0/cpuloop[0].core/u0/mgen.mul0/m0/pipe2.arch0.dwm/__7 input core0/noelv0/cpuloop[0].core/u0/mgen.mul0/m0/pipe2.arch0.dwm/__7/A[29:0] is not pipelined. Pipelining DSP48 input will improve performance.
Related violations: <none>

DPIP-1#23 Warning
Input pipelining  
DSP core0/noelv0/cpuloop[0].core/u0/mgen.mul0/m0/pipe2.arch0.dwm/__7 input core0/noelv0/cpuloop[0].core/u0/mgen.mul0/m0/pipe2.arch0.dwm/__7/B[17:0] is not pipelined. Pipelining DSP48 input will improve performance.
Related violations: <none>

DPIP-1#24 Warning
Input pipelining  
DSP core0/noelv0/cpuloop[0].core/u0/mgen.mul0/m0/pipe2.arch0.dwm/__8 input core0/noelv0/cpuloop[0].core/u0/mgen.mul0/m0/pipe2.arch0.dwm/__8/A[29:0] is not pipelined. Pipelining DSP48 input will improve performance.
Related violations: <none>

DPIP-1#25 Warning
Input pipelining  
DSP core0/noelv0/cpuloop[0].core/u0/mgen.mul0/m0/pipe2.arch0.dwm/__8 input core0/noelv0/cpuloop[0].core/u0/mgen.mul0/m0/pipe2.arch0.dwm/__8/B[17:0] is not pipelined. Pipelining DSP48 input will improve performance.
Related violations: <none>

DPIP-1#26 Warning
Input pipelining  
DSP core0/noelv0/cpuloop[0].core/u0/mgen.mul0/m0/pipe2.arch0.dwm/__9 input core0/noelv0/cpuloop[0].core/u0/mgen.mul0/m0/pipe2.arch0.dwm/__9/A[29:0] is not pipelined. Pipelining DSP48 input will improve performance.
Related violations: <none>

DPIP-1#27 Warning
Input pipelining  
DSP core0/noelv0/cpuloop[0].core/u0/mgen.mul0/m0/pipe2.arch0.dwm/__9 input core0/noelv0/cpuloop[0].core/u0/mgen.mul0/m0/pipe2.arch0.dwm/__9/B[17:0] is not pipelined. Pipelining DSP48 input will improve performance.
Related violations: <none>

DPIP-1#28 Warning
Input pipelining  
DSP core0/noelv0/cpuloop[0].core/u0/mgen.mul0/m0/pipe2.arch0.dwm/w2.p_i_reg[1] input core0/noelv0/cpuloop[0].core/u0/mgen.mul0/m0/pipe2.arch0.dwm/w2.p_i_reg[1]/A[29:0] is not pipelined. Pipelining DSP48 input will improve performance.
Related violations: <none>

DPIP-1#29 Warning
Input pipelining  
DSP core0/noelv0/cpuloop[0].core/u0/mgen.mul0/m0/pipe2.arch0.dwm/w2.p_i_reg[1] input core0/noelv0/cpuloop[0].core/u0/mgen.mul0/m0/pipe2.arch0.dwm/w2.p_i_reg[1]/B[17:0] is not pipelined. Pipelining DSP48 input will improve performance.
Related violations: <none>

DPIP-1#30 Warning
Input pipelining  
DSP core0/noelv0/cpuloop[0].core/u0/mgen.mul0/m0/pipe2.arch0.dwm/w2.p_i_reg[1]__0 input core0/noelv0/cpuloop[0].core/u0/mgen.mul0/m0/pipe2.arch0.dwm/w2.p_i_reg[1]__0/A[29:0] is not pipelined. Pipelining DSP48 input will improve performance.
Related violations: <none>

DPIP-1#31 Warning
Input pipelining  
DSP core0/noelv0/cpuloop[0].core/u0/mgen.mul0/m0/pipe2.arch0.dwm/w2.p_i_reg[1]__0 input core0/noelv0/cpuloop[0].core/u0/mgen.mul0/m0/pipe2.arch0.dwm/w2.p_i_reg[1]__0/B[17:0] is not pipelined. Pipelining DSP48 input will improve performance.
Related violations: <none>

DPIP-1#32 Warning
Input pipelining  
DSP core0/noelv0/cpuloop[0].core/u0/mgen.mul0/m0/pipe2.arch0.dwm/w2.p_i_reg[1]__1 input core0/noelv0/cpuloop[0].core/u0/mgen.mul0/m0/pipe2.arch0.dwm/w2.p_i_reg[1]__1/A[29:0] is not pipelined. Pipelining DSP48 input will improve performance.
Related violations: <none>

DPIP-1#33 Warning
Input pipelining  
DSP core0/noelv0/cpuloop[0].core/u0/mgen.mul0/m0/pipe2.arch0.dwm/w2.p_i_reg[1]__1 input core0/noelv0/cpuloop[0].core/u0/mgen.mul0/m0/pipe2.arch0.dwm/w2.p_i_reg[1]__1/B[17:0] is not pipelined. Pipelining DSP48 input will improve performance.
Related violations: <none>

DPIP-1#34 Warning
Input pipelining  
DSP core0/noelv0/cpuloop[0].core/u0/mgen.mul0/m0/pipe2.arch0.dwm/w2.p_i_reg[1]__2 input core0/noelv0/cpuloop[0].core/u0/mgen.mul0/m0/pipe2.arch0.dwm/w2.p_i_reg[1]__2/A[29:0] is not pipelined. Pipelining DSP48 input will improve performance.
Related violations: <none>

DPIP-1#35 Warning
Input pipelining  
DSP core0/noelv0/cpuloop[0].core/u0/mgen.mul0/m0/pipe2.arch0.dwm/w2.p_i_reg[1]__2 input core0/noelv0/cpuloop[0].core/u0/mgen.mul0/m0/pipe2.arch0.dwm/w2.p_i_reg[1]__2/B[17:0] is not pipelined. Pipelining DSP48 input will improve performance.
Related violations: <none>

DPOP-1#1 Warning
PREG Output pipelining  
DSP core0/noelv0/cpuloop[0].core/u0/fpu_gen.nano/p_0_out output core0/noelv0/cpuloop[0].core/u0/fpu_gen.nano/p_0_out/P[47:0] is not pipelined (PREG=0). Pipelining the DSP48 output will improve performance and often saves power so it is suggested whenever possible to fully pipeline this function.  If this DSP48 function was inferred, it is suggested to describe an additional register stage after this function.  If the DSP48 was instantiated in the design, it is suggested to set the PREG attribute to 1.
Related violations: <none>

DPOP-1#2 Warning
PREG Output pipelining  
DSP core0/noelv0/cpuloop[0].core/u0/mgen.mul0/m0/pipe2.arch0.dwm/ output core0/noelv0/cpuloop[0].core/u0/mgen.mul0/m0/pipe2.arch0.dwm//P[47:0] is not pipelined (PREG=0). Pipelining the DSP48 output will improve performance and often saves power so it is suggested whenever possible to fully pipeline this function.  If this DSP48 function was inferred, it is suggested to describe an additional register stage after this function.  If the DSP48 was instantiated in the design, it is suggested to set the PREG attribute to 1.
Related violations: <none>

DPOP-1#3 Warning
PREG Output pipelining  
DSP core0/noelv0/cpuloop[0].core/u0/mgen.mul0/m0/pipe2.arch0.dwm/__1 output core0/noelv0/cpuloop[0].core/u0/mgen.mul0/m0/pipe2.arch0.dwm/__1/P[47:0] is not pipelined (PREG=0). Pipelining the DSP48 output will improve performance and often saves power so it is suggested whenever possible to fully pipeline this function.  If this DSP48 function was inferred, it is suggested to describe an additional register stage after this function.  If the DSP48 was instantiated in the design, it is suggested to set the PREG attribute to 1.
Related violations: <none>

DPOP-1#4 Warning
PREG Output pipelining  
DSP core0/noelv0/cpuloop[0].core/u0/mgen.mul0/m0/pipe2.arch0.dwm/__10 output core0/noelv0/cpuloop[0].core/u0/mgen.mul0/m0/pipe2.arch0.dwm/__10/P[47:0] is not pipelined (PREG=0). Pipelining the DSP48 output will improve performance and often saves power so it is suggested whenever possible to fully pipeline this function.  If this DSP48 function was inferred, it is suggested to describe an additional register stage after this function.  If the DSP48 was instantiated in the design, it is suggested to set the PREG attribute to 1.
Related violations: <none>

DPOP-1#5 Warning
PREG Output pipelining  
DSP core0/noelv0/cpuloop[0].core/u0/mgen.mul0/m0/pipe2.arch0.dwm/__3 output core0/noelv0/cpuloop[0].core/u0/mgen.mul0/m0/pipe2.arch0.dwm/__3/P[47:0] is not pipelined (PREG=0). Pipelining the DSP48 output will improve performance and often saves power so it is suggested whenever possible to fully pipeline this function.  If this DSP48 function was inferred, it is suggested to describe an additional register stage after this function.  If the DSP48 was instantiated in the design, it is suggested to set the PREG attribute to 1.
Related violations: <none>

DPOP-1#6 Warning
PREG Output pipelining  
DSP core0/noelv0/cpuloop[0].core/u0/mgen.mul0/m0/pipe2.arch0.dwm/__6 output core0/noelv0/cpuloop[0].core/u0/mgen.mul0/m0/pipe2.arch0.dwm/__6/P[47:0] is not pipelined (PREG=0). Pipelining the DSP48 output will improve performance and often saves power so it is suggested whenever possible to fully pipeline this function.  If this DSP48 function was inferred, it is suggested to describe an additional register stage after this function.  If the DSP48 was instantiated in the design, it is suggested to set the PREG attribute to 1.
Related violations: <none>

DPOP-1#7 Warning
PREG Output pipelining  
DSP core0/noelv0/cpuloop[0].core/u0/mgen.mul0/m0/pipe2.arch0.dwm/__8 output core0/noelv0/cpuloop[0].core/u0/mgen.mul0/m0/pipe2.arch0.dwm/__8/P[47:0] is not pipelined (PREG=0). Pipelining the DSP48 output will improve performance and often saves power so it is suggested whenever possible to fully pipeline this function.  If this DSP48 function was inferred, it is suggested to describe an additional register stage after this function.  If the DSP48 was instantiated in the design, it is suggested to set the PREG attribute to 1.
Related violations: <none>

DPOP-2#1 Warning
MREG Output pipelining  
DSP core0/noelv0/cpuloop[0].core/u0/fpu_gen.nano/srstregs.r_reg[mulo] multiplier stage core0/noelv0/cpuloop[0].core/u0/fpu_gen.nano/srstregs.r_reg[mulo]/P[47:0] is not pipelined (MREG=0). Pipelining the multiplier function will improve performance and will save significant power so it is suggested whenever possible to fully pipeline this function.  If this multiplier was inferred, it is suggested to describe an additional register stage after this function.  If there is no registered adder/accumulator following the multiply function, two pipeline stages are suggested to allow both the MREG and PREG registers to be used.  If the DSP48 was instantiated in the design, it is suggested to set both the MREG and PREG attributes to 1 when performing multiply functions.
Related violations: <none>

DPOP-2#2 Warning
MREG Output pipelining  
DSP core0/noelv0/cpuloop[0].core/u0/mgen.mul0/m0/pipe2.arch0.dwm/ multiplier stage core0/noelv0/cpuloop[0].core/u0/mgen.mul0/m0/pipe2.arch0.dwm//P[47:0] is not pipelined (MREG=0). Pipelining the multiplier function will improve performance and will save significant power so it is suggested whenever possible to fully pipeline this function.  If this multiplier was inferred, it is suggested to describe an additional register stage after this function.  If there is no registered adder/accumulator following the multiply function, two pipeline stages are suggested to allow both the MREG and PREG registers to be used.  If the DSP48 was instantiated in the design, it is suggested to set both the MREG and PREG attributes to 1 when performing multiply functions.
Related violations: <none>

DPOP-2#3 Warning
MREG Output pipelining  
DSP core0/noelv0/cpuloop[0].core/u0/mgen.mul0/m0/pipe2.arch0.dwm/__1 multiplier stage core0/noelv0/cpuloop[0].core/u0/mgen.mul0/m0/pipe2.arch0.dwm/__1/P[47:0] is not pipelined (MREG=0). Pipelining the multiplier function will improve performance and will save significant power so it is suggested whenever possible to fully pipeline this function.  If this multiplier was inferred, it is suggested to describe an additional register stage after this function.  If there is no registered adder/accumulator following the multiply function, two pipeline stages are suggested to allow both the MREG and PREG registers to be used.  If the DSP48 was instantiated in the design, it is suggested to set both the MREG and PREG attributes to 1 when performing multiply functions.
Related violations: <none>

DPOP-2#4 Warning
MREG Output pipelining  
DSP core0/noelv0/cpuloop[0].core/u0/mgen.mul0/m0/pipe2.arch0.dwm/__10 multiplier stage core0/noelv0/cpuloop[0].core/u0/mgen.mul0/m0/pipe2.arch0.dwm/__10/P[47:0] is not pipelined (MREG=0). Pipelining the multiplier function will improve performance and will save significant power so it is suggested whenever possible to fully pipeline this function.  If this multiplier was inferred, it is suggested to describe an additional register stage after this function.  If there is no registered adder/accumulator following the multiply function, two pipeline stages are suggested to allow both the MREG and PREG registers to be used.  If the DSP48 was instantiated in the design, it is suggested to set both the MREG and PREG attributes to 1 when performing multiply functions.
Related violations: <none>

DPOP-2#5 Warning
MREG Output pipelining  
DSP core0/noelv0/cpuloop[0].core/u0/mgen.mul0/m0/pipe2.arch0.dwm/__3 multiplier stage core0/noelv0/cpuloop[0].core/u0/mgen.mul0/m0/pipe2.arch0.dwm/__3/P[47:0] is not pipelined (MREG=0). Pipelining the multiplier function will improve performance and will save significant power so it is suggested whenever possible to fully pipeline this function.  If this multiplier was inferred, it is suggested to describe an additional register stage after this function.  If there is no registered adder/accumulator following the multiply function, two pipeline stages are suggested to allow both the MREG and PREG registers to be used.  If the DSP48 was instantiated in the design, it is suggested to set both the MREG and PREG attributes to 1 when performing multiply functions.
Related violations: <none>

DPOP-2#6 Warning
MREG Output pipelining  
DSP core0/noelv0/cpuloop[0].core/u0/mgen.mul0/m0/pipe2.arch0.dwm/__6 multiplier stage core0/noelv0/cpuloop[0].core/u0/mgen.mul0/m0/pipe2.arch0.dwm/__6/P[47:0] is not pipelined (MREG=0). Pipelining the multiplier function will improve performance and will save significant power so it is suggested whenever possible to fully pipeline this function.  If this multiplier was inferred, it is suggested to describe an additional register stage after this function.  If there is no registered adder/accumulator following the multiply function, two pipeline stages are suggested to allow both the MREG and PREG registers to be used.  If the DSP48 was instantiated in the design, it is suggested to set both the MREG and PREG attributes to 1 when performing multiply functions.
Related violations: <none>

DPOP-2#7 Warning
MREG Output pipelining  
DSP core0/noelv0/cpuloop[0].core/u0/mgen.mul0/m0/pipe2.arch0.dwm/__8 multiplier stage core0/noelv0/cpuloop[0].core/u0/mgen.mul0/m0/pipe2.arch0.dwm/__8/P[47:0] is not pipelined (MREG=0). Pipelining the multiplier function will improve performance and will save significant power so it is suggested whenever possible to fully pipeline this function.  If this multiplier was inferred, it is suggested to describe an additional register stage after this function.  If there is no registered adder/accumulator following the multiply function, two pipeline stages are suggested to allow both the MREG and PREG registers to be used.  If the DSP48 was instantiated in the design, it is suggested to set both the MREG and PREG attributes to 1 when performing multiply functions.
Related violations: <none>

DPOP-2#8 Warning
MREG Output pipelining  
DSP core0/noelv0/cpuloop[0].core/u0/mgen.mul0/m0/pipe2.arch0.dwm/w2.p_i_reg[1] multiplier stage core0/noelv0/cpuloop[0].core/u0/mgen.mul0/m0/pipe2.arch0.dwm/w2.p_i_reg[1]/P[47:0] is not pipelined (MREG=0). Pipelining the multiplier function will improve performance and will save significant power so it is suggested whenever possible to fully pipeline this function.  If this multiplier was inferred, it is suggested to describe an additional register stage after this function.  If there is no registered adder/accumulator following the multiply function, two pipeline stages are suggested to allow both the MREG and PREG registers to be used.  If the DSP48 was instantiated in the design, it is suggested to set both the MREG and PREG attributes to 1 when performing multiply functions.
Related violations: <none>

DPOP-2#9 Warning
MREG Output pipelining  
DSP core0/noelv0/cpuloop[0].core/u0/mgen.mul0/m0/pipe2.arch0.dwm/w2.p_i_reg[1]__0 multiplier stage core0/noelv0/cpuloop[0].core/u0/mgen.mul0/m0/pipe2.arch0.dwm/w2.p_i_reg[1]__0/P[47:0] is not pipelined (MREG=0). Pipelining the multiplier function will improve performance and will save significant power so it is suggested whenever possible to fully pipeline this function.  If this multiplier was inferred, it is suggested to describe an additional register stage after this function.  If there is no registered adder/accumulator following the multiply function, two pipeline stages are suggested to allow both the MREG and PREG registers to be used.  If the DSP48 was instantiated in the design, it is suggested to set both the MREG and PREG attributes to 1 when performing multiply functions.
Related violations: <none>

DPOP-2#10 Warning
MREG Output pipelining  
DSP core0/noelv0/cpuloop[0].core/u0/mgen.mul0/m0/pipe2.arch0.dwm/w2.p_i_reg[1]__1 multiplier stage core0/noelv0/cpuloop[0].core/u0/mgen.mul0/m0/pipe2.arch0.dwm/w2.p_i_reg[1]__1/P[47:0] is not pipelined (MREG=0). Pipelining the multiplier function will improve performance and will save significant power so it is suggested whenever possible to fully pipeline this function.  If this multiplier was inferred, it is suggested to describe an additional register stage after this function.  If there is no registered adder/accumulator following the multiply function, two pipeline stages are suggested to allow both the MREG and PREG registers to be used.  If the DSP48 was instantiated in the design, it is suggested to set both the MREG and PREG attributes to 1 when performing multiply functions.
Related violations: <none>

DPOP-2#11 Warning
MREG Output pipelining  
DSP core0/noelv0/cpuloop[0].core/u0/mgen.mul0/m0/pipe2.arch0.dwm/w2.p_i_reg[1]__2 multiplier stage core0/noelv0/cpuloop[0].core/u0/mgen.mul0/m0/pipe2.arch0.dwm/w2.p_i_reg[1]__2/P[47:0] is not pipelined (MREG=0). Pipelining the multiplier function will improve performance and will save significant power so it is suggested whenever possible to fully pipeline this function.  If this multiplier was inferred, it is suggested to describe an additional register stage after this function.  If there is no registered adder/accumulator following the multiply function, two pipeline stages are suggested to allow both the MREG and PREG registers to be used.  If the DSP48 was instantiated in the design, it is suggested to set both the MREG and PREG attributes to 1 when performing multiply functions.
Related violations: <none>

REQP-1709#1 Warning
Clock output buffering  
PLLE2_ADV connectivity violation. The signal mig_ahb_gen.ddrc/MCB_inst/u_mig_mig/u_ddr3_infrastructure/pll_clk3_out on the mig_ahb_gen.ddrc/MCB_inst/u_mig_mig/u_ddr3_infrastructure/plle2_i/CLKOUT3 pin of mig_ahb_gen.ddrc/MCB_inst/u_mig_mig/u_ddr3_infrastructure/plle2_i does not drive the same kind of BUFFER load as the other CLKOUT pins. Routing from the different buffer types will not be phase aligned.
Related violations: <none>

REQP-1839#1 Warning
RAMB36 async control check  
The RAMB36E1 mig_ahb_gen.ddrc/bridge/ahb2axibx/wbuffer/inf.x0/rfd_reg_0 has an input control pin mig_ahb_gen.ddrc/bridge/ahb2axibx/wbuffer/inf.x0/rfd_reg_0/ENARDEN (net: mig_ahb_gen.ddrc/bridge/ahb2axibx/wbuffer/inf.x0/rfd_reg_0_ENARDEN_cooolgate_en_sig_1) which is driven by a register (core0/rst0/async.r_reg[2]) that has an active asychronous set or reset. This may cause corruption of the memory contents and/or read values when the set/reset is asserted and is not analyzed by the default static timing analysis. It is suggested to eliminate the use of a set/reset to registers driving this RAMB pin or else use a synchronous reset in which the assertion of the reset is timed by default.
Related violations: <none>

REQP-1839#2 Warning
RAMB36 async control check  
The RAMB36E1 mig_ahb_gen.ddrc/bridge/ahb2axibx/wbuffer/inf.x0/rfd_reg_0 has an input control pin mig_ahb_gen.ddrc/bridge/ahb2axibx/wbuffer/inf.x0/rfd_reg_0/ENARDEN (net: mig_ahb_gen.ddrc/bridge/ahb2axibx/wbuffer/inf.x0/rfd_reg_0_ENARDEN_cooolgate_en_sig_1) which is driven by a register (core0/rst0/async.r_reg[3]) that has an active asychronous set or reset. This may cause corruption of the memory contents and/or read values when the set/reset is asserted and is not analyzed by the default static timing analysis. It is suggested to eliminate the use of a set/reset to registers driving this RAMB pin or else use a synchronous reset in which the assertion of the reset is timed by default.
Related violations: <none>

REQP-1839#3 Warning
RAMB36 async control check  
The RAMB36E1 mig_ahb_gen.ddrc/bridge/ahb2axibx/wbuffer/inf.x0/rfd_reg_0 has an input control pin mig_ahb_gen.ddrc/bridge/ahb2axibx/wbuffer/inf.x0/rfd_reg_0/ENARDEN (net: mig_ahb_gen.ddrc/bridge/ahb2axibx/wbuffer/inf.x0/rfd_reg_0_ENARDEN_cooolgate_en_sig_1) which is driven by a register (core0/rst0/async.r_reg[4]) that has an active asychronous set or reset. This may cause corruption of the memory contents and/or read values when the set/reset is asserted and is not analyzed by the default static timing analysis. It is suggested to eliminate the use of a set/reset to registers driving this RAMB pin or else use a synchronous reset in which the assertion of the reset is timed by default.
Related violations: <none>

REQP-1839#4 Warning
RAMB36 async control check  
The RAMB36E1 mig_ahb_gen.ddrc/bridge/ahb2axibx/wbuffer/inf.x0/rfd_reg_1 has an input control pin mig_ahb_gen.ddrc/bridge/ahb2axibx/wbuffer/inf.x0/rfd_reg_1/ENARDEN (net: mig_ahb_gen.ddrc/bridge/ahb2axibx/wbuffer/inf.x0/rfd_reg_1_ENARDEN_cooolgate_en_sig_2) which is driven by a register (core0/rst0/async.r_reg[2]) that has an active asychronous set or reset. This may cause corruption of the memory contents and/or read values when the set/reset is asserted and is not analyzed by the default static timing analysis. It is suggested to eliminate the use of a set/reset to registers driving this RAMB pin or else use a synchronous reset in which the assertion of the reset is timed by default.
Related violations: <none>

REQP-1839#5 Warning
RAMB36 async control check  
The RAMB36E1 mig_ahb_gen.ddrc/bridge/ahb2axibx/wbuffer/inf.x0/rfd_reg_1 has an input control pin mig_ahb_gen.ddrc/bridge/ahb2axibx/wbuffer/inf.x0/rfd_reg_1/ENARDEN (net: mig_ahb_gen.ddrc/bridge/ahb2axibx/wbuffer/inf.x0/rfd_reg_1_ENARDEN_cooolgate_en_sig_2) which is driven by a register (core0/rst0/async.r_reg[3]) that has an active asychronous set or reset. This may cause corruption of the memory contents and/or read values when the set/reset is asserted and is not analyzed by the default static timing analysis. It is suggested to eliminate the use of a set/reset to registers driving this RAMB pin or else use a synchronous reset in which the assertion of the reset is timed by default.
Related violations: <none>

REQP-1839#6 Warning
RAMB36 async control check  
The RAMB36E1 mig_ahb_gen.ddrc/bridge/ahb2axibx/wbuffer/inf.x0/rfd_reg_1 has an input control pin mig_ahb_gen.ddrc/bridge/ahb2axibx/wbuffer/inf.x0/rfd_reg_1/ENARDEN (net: mig_ahb_gen.ddrc/bridge/ahb2axibx/wbuffer/inf.x0/rfd_reg_1_ENARDEN_cooolgate_en_sig_2) which is driven by a register (core0/rst0/async.r_reg[4]) that has an active asychronous set or reset. This may cause corruption of the memory contents and/or read values when the set/reset is asserted and is not analyzed by the default static timing analysis. It is suggested to eliminate the use of a set/reset to registers driving this RAMB pin or else use a synchronous reset in which the assertion of the reset is timed by default.
Related violations: <none>

RTSTAT-10#1 Warning
No routable loads  
15 net(s) have no routable loads. The problem bus(es) and/or net(s) are mig_ahb_gen.ddrc/MCB_CDC/inst/gen_clock_conv.gen_async_conv.asyncfifo_axi/inst_fifo_gen/gaxi_full_lite.gwrite_ch.gwrch2.axi_wrch/grf.rf/gntv_or_sync_fifo.gl0.rd/gr1.gr1_int.rfwft/aempty_fwft_i, mig_ahb_gen.ddrc/MCB_CDC/inst/gen_clock_conv.gen_async_conv.asyncfifo_axi/inst_fifo_gen/gaxi_full_lite.gwrite_ch.gwach2.axi_wach/grf.rf/gntv_or_sync_fifo.gl0.rd/gr1.gr1_int.rfwft/aempty_fwft_i, mig_ahb_gen.ddrc/MCB_CDC/inst/gen_clock_conv.gen_async_conv.asyncfifo_axi/inst_fifo_gen/gaxi_full_lite.gread_ch.grach2.axi_rach/grf.rf/gntv_or_sync_fifo.gl0.rd/gr1.gr1_int.rfwft/aempty_fwft_i, mig_ahb_gen.ddrc/MCB_CDC/inst/gen_clock_conv.gen_async_conv.asyncfifo_axi/inst_fifo_gen/gaxi_full_lite.gread_ch.grdch2.axi_rdch/grf.rf/gntv_or_sync_fifo.gl0.rd/gr1.gr1_int.rfwft/aempty_fwft_i, mig_ahb_gen.ddrc/MCB_CDC/inst/gen_clock_conv.gen_async_conv.asyncfifo_axi/inst_fifo_gen/gaxi_full_lite.gwrite_ch.gwdch2.axi_wdch/grf.rf/gntv_or_sync_fifo.gl0.rd/gr1.gr1_int.rfwft/aempty_fwft_i, mig_ahb_gen.ddrc/MCB_CDC/inst/gen_clock_conv.gen_async_conv.asyncfifo_axi/inst_fifo_gen/gaxi_full_lite.gread_ch.grdch2.axi_rdch/grf.rf/gntv_or_sync_fifo.gl0.rd/gras.rsts/ram_empty_i, mig_ahb_gen.ddrc/MCB_CDC/inst/gen_clock_conv.gen_async_conv.asyncfifo_axi/inst_fifo_gen/gaxi_full_lite.gwrite_ch.gwrch2.axi_wrch/grf.rf/gntv_or_sync_fifo.gl0.rd/gras.rsts/ram_empty_i, mig_ahb_gen.ddrc/MCB_CDC/inst/gen_clock_conv.gen_async_conv.asyncfifo_axi/inst_fifo_gen/gaxi_full_lite.gwrite_ch.gwach2.axi_wach/grf.rf/gntv_or_sync_fifo.gl0.rd/gras.rsts/ram_empty_i, mig_ahb_gen.ddrc/MCB_CDC/inst/gen_clock_conv.gen_async_conv.asyncfifo_axi/inst_fifo_gen/gaxi_full_lite.gread_ch.grach2.axi_rach/grf.rf/gntv_or_sync_fifo.gl0.rd/gras.rsts/ram_empty_i, mig_ahb_gen.ddrc/MCB_CDC/inst/gen_clock_conv.gen_async_conv.asyncfifo_axi/inst_fifo_gen/gaxi_full_lite.gwrite_ch.gwdch2.axi_wdch/grf.rf/gntv_or_sync_fifo.gl0.rd/gras.rsts/ram_empty_i, mig_ahb_gen.ddrc/MCB_CDC/inst/gen_clock_conv.gen_async_conv.asyncfifo_axi/inst_fifo_gen/gaxi_full_lite.gread_ch.grdch2.axi_rdch/grf.rf/gntv_or_sync_fifo.gl0.rd/gr1.gr1_int.rfwft/user_valid, mig_ahb_gen.ddrc/MCB_CDC/inst/gen_clock_conv.gen_async_conv.asyncfifo_axi/inst_fifo_gen/gaxi_full_lite.gwrite_ch.gwrch2.axi_wrch/grf.rf/gntv_or_sync_fifo.gl0.rd/gr1.gr1_int.rfwft/user_valid, mig_ahb_gen.ddrc/MCB_CDC/inst/gen_clock_conv.gen_async_conv.asyncfifo_axi/inst_fifo_gen/gaxi_full_lite.gwrite_ch.gwach2.axi_wach/grf.rf/gntv_or_sync_fifo.gl0.rd/gr1.gr1_int.rfwft/user_valid, mig_ahb_gen.ddrc/MCB_CDC/inst/gen_clock_conv.gen_async_conv.asyncfifo_axi/inst_fifo_gen/gaxi_full_lite.gread_ch.grach2.axi_rach/grf.rf/gntv_or_sync_fifo.gl0.rd/gr1.gr1_int.rfwft/user_valid, mig_ahb_gen.ddrc/MCB_CDC/inst/gen_clock_conv.gen_async_conv.asyncfifo_axi/inst_fifo_gen/gaxi_full_lite.gwrite_ch.gwdch2.axi_wdch/grf.rf/gntv_or_sync_fifo.gl0.rd/gr1.gr1_int.rfwft/user_valid (the first 15 of 15 listed).
Related violations: <none>


