Vivado Simulator 2019.1
Copyright 1986-1999, 2001-2019 Xilinx, Inc. All Rights Reserved.
Running: /opt/Xilinx/Vivado/2019.1/bin/unwrapped/lnx64.o/xelab -wto f0a544b0364d4acd950c5e9b102a0e6b --incr --debug typical --relax --mt 8 -L xil_defaultlib -L axi_infrastructure_v1_1_0 -L fifo_generator_v13_2_4 -L axi_clock_converter_v2_1_18 -L grlib -L techmap -L eth -L gaisler -L work -L unisims_ver -L unimacro_ver -L secureip -L xpm --snapshot testbench_behav work.testbench work.glbl -log elaborate.log 
Using 8 slave threads.
Starting static elaboration
Completed static elaboration
Starting simulation data flow analysis
Completed simulation data flow analysis
Time Resolution for simulation is 1ps
Compiling package std.standard
Compiling package std.textio
Compiling package ieee.std_logic_1164
Compiling package ieee.numeric_std
Compiling package grlib.version
Compiling package grlib.stdlib
Compiling package grlib.stdio
Compiling package grlib.config_types
Compiling package grlib.config
Compiling package grlib.amba
Compiling package grlib.devices
Compiling package techmap.gencomp
Compiling package gaisler.sim
Compiling package ieee.math_real
Compiling package grlib.testlib
Compiling package work.debug
Compiling package work.config
Compiling package gaisler.leon3
Compiling package gaisler.uart
Compiling package gaisler.misc
Compiling package gaisler.net
Compiling package gaisler.jtag
Compiling package gaisler.axi
Compiling package gaisler.plic
Compiling package gaisler.l2cache
Compiling package gaisler.noelv_cfg
Compiling package gaisler.noelv
Compiling package work.config_local
Compiling package work.rev
Compiling package work.cfgmap
Compiling package techmap.allpads
Compiling package unisim.vcomponents
Compiling package ieee.std_logic_arith
Compiling package ieee.std_logic_signed
Compiling package ieee.vital_timing
Compiling package ieee.vital_primitives
Compiling package unisim.vpkg
Compiling package gaisler.noelv_cpu_cfg
Compiling package techmap.netcomp
Compiling package gaisler.noelvint
Compiling package gaisler.utilnv
Compiling package gaisler.mmucacheconfig
Compiling package grlib.riscv
Compiling package gaisler.nvsupport
Compiling package gaisler.fputilnv
Compiling package gaisler.alunv
Compiling package grlib.multlib
Compiling package techmap.allmul
Compiling package grlib.sparc
Compiling package techmap.allmem
Compiling package ieee.std_logic_textio
Compiling package gaisler.libdcom
Compiling package grlib.dftlib
Compiling package gaisler.libjtagcom
Compiling package techmap.alltap
Compiling package techmap.allclkgen
Compiling package gaisler.ethernet_mac
Compiling package eth.ethcomp
Compiling package eth.grethpkg
Compiling module work.glbl
Compiling architecture beh of entity grlib.report_version [\report_version(msg1="ahbram0:_A...]
Compiling architecture rtl of entity gaisler.ahbram_sim [\ahbram_sim(hmask=2048,tech=0,kb...]
Compiling architecture beh of entity grlib.report_version [\report_version(msg1="ahbram1:_A...]
Compiling architecture rtl of entity gaisler.ahbram_sim [\ahbram_sim(hindex=1,haddr=3072,...]
Compiling architecture obuf_v of entity unisim.OBUF [\OBUF(iostandard="LVTTL")(1,9)(1...]
Compiling architecture rtl of entity techmap.unisim_outpad [\unisim_outpad(voltage=3)\]
Compiling architecture rtl of entity techmap.outpad [\outpad(tech=50,voltage=3)\]
Compiling architecture iobuf_v of entity unisim.IOBUF [\IOBUF(iostandard="LVTTL")(1,5)(...]
Compiling architecture rtl of entity techmap.unisim_iopad [\unisim_iopad(voltage=3)\]
Compiling architecture rtl of entity techmap.iopad [\iopad(tech=50,voltage=3)\]
Compiling architecture ibufg_v of entity unisim.IBUFG [\IBUFG(iostandard="LVTTL")(1,9)(...]
Compiling architecture rtl of entity techmap.unisim_clkpad [\unisim_clkpad(voltage=3,arch=2,...]
Compiling architecture rtl of entity techmap.clkpad [\clkpad(tech=50,voltage=3,arch=2...]
Compiling architecture rtl of entity techmap.inpadv [\inpadv(tech=50,voltage=3,width=...]
Compiling architecture rtl of entity techmap.outpadv [\outpadv(tech=50,voltage=3,width...]
Compiling architecture ibuf_v of entity unisim.IBUF [\IBUF(iostandard="LVTTL")(1,9)(1...]
Compiling architecture rtl of entity techmap.unisim_inpad [\unisim_inpad(voltage=3)\]
Compiling architecture rtl of entity techmap.inpad [\inpad(tech=50,voltage=3)\]
Compiling architecture rtl of entity gaisler.rstgen [rstgen_default]
Compiling architecture bufg_v of entity unisim.BUFG [bufg_default]
Compiling architecture plle2_adv_v of entity unisim.PLLE2_ADV [\PLLE2_ADV(clkfbout_mult=10,clki...]
Compiling architecture impl of entity work.clockers_mig [clockers_mig_default]
Compiling architecture rtl of entity grlib.ahbmst [\ahbmst(venid=1,devid=7)\]
Compiling architecture rtl of entity gaisler.dcom_uart [\dcom_uart(pindex=6,paddr=2144)\]
Compiling architecture struct of entity gaisler.dcom [dcom_default]
Compiling architecture beh of entity grlib.report_version [\report_version(msg1="ahbuart6:_...]
Compiling architecture struct of entity gaisler.ahbuart [\ahbuart(pindex=6,paddr=2144)\]
Compiling architecture rtl of entity techmap.clkbuf_xilinx [\clkbuf_xilinx(buftype=2)\]
Compiling architecture rtl of entity techmap.techbuf [\techbuf(buftype=2,tech=50)\]
Compiling architecture rtl of entity techmap.grdff [\grdff(tech=0)\]
Compiling architecture rtl of entity techmap.grnand2 [\grnand2(tech=50)\]
Compiling architecture rtl of entity gaisler.jtagcom2 [\jtagcom2(gatetech=50,isel=1)\]
Compiling architecture rtl of entity grlib.ahbmst [\ahbmst(hindex=1,venid=1,devid=2...]
Compiling architecture bscane2_v of entity unisim.BSCANE2 [\BSCANE2(1,5)\]
Compiling architecture bscane2_v of entity unisim.BSCANE2 [\BSCANE2(jtag_chain=2)(1,5)\]
Compiling architecture rtl of entity techmap.artix7_tap [artix7_tap_default]
Compiling architecture rtl of entity techmap.tap [\tap(tech=50,irlen=6)\]
Compiling architecture rtl of entity grlib.trstmux [\trstmux(scantest=0)\]
Compiling architecture beh of entity grlib.report_version [\report_version(msg1="ahbjtag_AH...]
Compiling architecture struct of entity gaisler.ahbjtag [\ahbjtag(tech=50,hindex=1)\]
Compiling architecture beh of entity grlib.report_version [\report_version(msg1="ahbstat2:_...]
Compiling architecture rtl of entity gaisler.ahbstat [\ahbstat(pindex=2,paddr=2080,pir...]
Compiling architecture beh of entity grlib.report_version [\report_version(msg1="grgpio3:_2...]
Compiling architecture rtl of entity gaisler.grgpio [\grgpio(pindex=3,paddr=2096,imas...]
Compiling architecture behav of entity techmap.unisim_syncram_dp [\unisim_syncram_dp(abits=7)\]
Compiling architecture behav of entity techmap.unisim_syncram_2p [\unisim_syncram_2p(abits=7,dbits...]
Compiling architecture rtl of entity techmap.memrwcol [\memrwcol(techwrfst=0,techrwcol=...]
Compiling architecture rtl of entity techmap.syncram_2p [\syncram_2p(tech=50,abits=7,dbit...]
Compiling architecture behav of entity techmap.generic_syncram_2p [\generic_syncram_2p(abits=3)\]
Compiling architecture rtl of entity techmap.memrwcol [\memrwcol(techwrfst=0,techrwcol=...]
Compiling architecture rtl of entity techmap.syncram_2p [\syncram_2p(tech=50,abits=3,dbit...]
Compiling architecture behav of entity techmap.unisim_syncram_dp [\unisim_syncram_dp(abits=9,dbits...]
Compiling architecture behav of entity techmap.unisim_syncram_2p [\unisim_syncram_2p(abits=9,dbits...]
Compiling architecture rtl of entity techmap.memrwcol [\memrwcol(techwrfst=0,techrwcol=...]
Compiling architecture rtl of entity techmap.syncram_2p [\syncram_2p(tech=50,abits=9,dbit...]
Compiling architecture rtl of entity eth.eth_rstgen [eth_rstgen_default]
Compiling architecture rtl of entity eth.greth_tx [greth_tx_default]
Compiling architecture rtl of entity eth.greth_rx [greth_rx_default]
Compiling architecture rtl of entity eth.eth_edcl_ahb_mst [eth_edcl_ahb_mst_default]
Compiling architecture rtl of entity eth.eth_ahb_mst [eth_ahb_mst_default]
Compiling architecture rtl of entity eth.grethc [\grethc(mdcscaler=83,enable_mdio...]
Compiling architecture beh of entity grlib.report_version [\report_version(msg1="greth1:_10...]
Compiling architecture rtl of entity gaisler.greth_mb [\greth_mb(hindex=1,ehindex=2,pin...]
Compiling architecture rtl of entity gaisler.grethm_mb [\grethm_mb(hindex=1,ehindex=2,pi...]
Compiling architecture rtl of entity grlib.apbctrlx [\apbctrlx(hindex0=4,haddr0=4032,...]
Compiling architecture struct of entity grlib.apbctrl [\apbctrl(hindex=4,haddr=4032,nsl...]
Compiling architecture simple of entity techmap.gen_mult_pipe [\gen_mult_pipe(a_width=65,b_widt...]
Compiling architecture rtl of entity techmap.techmult [\techmult(tech=50,a_width=65,b_w...]
Compiling architecture rtl of entity gaisler.mul64 [\mul64(fabtech=50,split=0)(63,0)...]
Compiling architecture rtl of entity gaisler.div64 [\div64(fabtech=50,hiperf=1)\]
Compiling architecture behav of entity techmap.generic_syncram_2p [\generic_syncram_2p(abits=5,dbit...]
Compiling architecture rtl of entity techmap.memrwcol [\memrwcol(techwrfst=0,techrwcol=...]
Compiling architecture rtl of entity techmap.syncram_2p [\syncram_2p(tech=50,abits=5,dbit...]
Compiling architecture rtl of entity gaisler.regfile64sramnv [\regfile64sramnv(tech=50,testen=...]
Compiling architecture rtl of entity gaisler.regfile64sramnv [\regfile64sramnv(tech=50,reg0wri...]
Compiling architecture behav of entity techmap.unisim_syncram64 [\unisim_syncram64(abits=6)\]
Compiling architecture rtl of entity techmap.syncram64 [\syncram64(tech=50,custombits=84...]
Compiling architecture rtl of entity gaisler.tbufmemnv [\tbufmemnv(tech=50,tbuf=4,proc=1...]
Compiling architecture rtl of entity gaisler.nanofpunv [nanofpunv_default]
Compiling architecture rtl of entity gaisler.itracenv [\itracenv(hindex=0,fabtech=50,me...]
Compiling architecture rtl of entity gaisler.iunv [\iunv(hindex=0,fabtech=50,memtec...]
Compiling architecture rtl of entity gaisler.cctrlnv [\cctrlnv(hindex=0,physaddr=32,iw...]
Compiling architecture rb36_internal_vhdl_v of entity unisim.RB36_INTERNAL_VHDL [\RB36_INTERNAL_VHDL(init_a="0000...]
Compiling architecture ramb36e1_v of entity unisim.RAMB36E1 [\RAMB36E1(read_width_a=36,read_w...]
Compiling architecture ramb16_s36_s36_v of entity unisim.RAMB16_S36_S36 [\RAMB16_S36_S36(sim_collision_ch...]
Compiling architecture behav of entity techmap.unisim_syncram_dp [\unisim_syncram_dp(abits=6,dbits...]
Compiling architecture behav of entity techmap.unisim_syncram_2p [\unisim_syncram_2p(dbits=64)\]
Compiling architecture rtl of entity techmap.memrwcol [\memrwcol(techwrfst=0,techrwcol=...]
Compiling architecture rtl of entity techmap.syncram_2p [\syncram_2p(tech=50,dbits=64,cus...]
Compiling architecture rtl of entity gaisler.bhtnv [\bhtnv(tech=50,nentries=64,hleng...]
Compiling architecture rtl of entity gaisler.btbdmnv [\btbdmnv(nentries=16,pcbits=41,d...]
Compiling architecture rtl of entity gaisler.rasnv [\rasnv(depth=8,pcbits=41)\]
Compiling architecture behav of entity techmap.unisim_syncram [\unisim_syncram(abits=7,dbits=21...]
Compiling architecture rtl of entity techmap.syncram [\syncram(tech=50,abits=7,dbits=2...]
Compiling architecture rb36_internal_vhdl_v of entity unisim.RB36_INTERNAL_VHDL [\RB36_INTERNAL_VHDL(init_a="0000...]
Compiling architecture ramb36e1_v of entity unisim.RAMB36E1 [\RAMB36E1(read_width_a=36,sim_de...]
Compiling architecture ramb16_s36_v of entity unisim.RAMB16_S36 [\RAMB16_S36(0,35)(0,35)(1,11)(0,...]
Compiling architecture behav of entity techmap.unisim_syncram [unisim_syncram_default]
Compiling architecture rtl of entity techmap.syncram [\syncram(tech=50,abits=9,dbits=3...]
Compiling architecture behav of entity techmap.unisim_syncram_dp [\unisim_syncram_dp(abits=7,dbits...]
Compiling architecture behav of entity techmap.unisim_syncram_2p [\unisim_syncram_2p(abits=7,dbits...]
Compiling architecture rtl of entity techmap.memrwcol [\memrwcol(techwrfst=0,techrwcol=...]
Compiling architecture rtl of entity techmap.syncram_2p [\syncram_2p(tech=50,abits=7,dbit...]
Compiling architecture behav of entity techmap.unisim_syncram [\unisim_syncram(abits=7,dbits=20...]
Compiling architecture rtl of entity techmap.syncram [\syncram(tech=50,abits=7,dbits=2...]
Compiling architecture rtl of entity gaisler.cachememnv [\cachememnv(tech=50,iways=4,ilin...]
Compiling architecture rtl of entity gaisler.cpucorenv [\cpucorenv(fabtech=50,memtech=50...]
Compiling architecture hier of entity gaisler.noelvcpu [\noelvcpu(hindex=0,fabtech=50,me...]
Compiling architecture rtl of entity grlib.ahbctrl [\ahbctrl(split=1,rrobin=1,nahbm=...]
Compiling architecture rtl of entity gaisler.progbuf [\progbuf(size=8)\]
Compiling architecture rtl of entity gaisler.rvdmx [\rvdmx(hindex=8,haddr=4064,hmask...]
Compiling architecture rtl of entity gaisler.rvdm [\rvdm(hindex=8,haddr=4064,hmask=...]
Compiling architecture behav of entity techmap.unisim_syncram64 [\unisim_syncram64(abits=7)\]
Compiling architecture rtl of entity techmap.syncram64 [\syncram64(tech=50,abits=7,custo...]
Compiling architecture behav of entity techmap.unisim_syncram [\unisim_syncram(abits=7)\]
Compiling architecture rtl of entity techmap.syncram [\syncram(tech=50,abits=7,dbits=3...]
Compiling architecture beh of entity grlib.report_version [\report_version(msg1="ahbtrace11...]
Compiling architecture rtl of entity gaisler.ahbtrace_mmb [\ahbtrace_mmb(hindex=11,tech=50,...]
Compiling architecture beh of entity grlib.report_version [\report_version(msg1="apbuart8:_...]
Compiling architecture rtl of entity gaisler.apbuart [\apbuart(pindex=8,paddr=16,conso...]
Compiling architecture beh of entity grlib.report_version [\report_version(msg1="gptimer7:_...]
Compiling architecture rtl of entity gaisler.gptimer [\gptimer(pindex=7,pirq=2,sepirq=...]
Compiling architecture rtl of entity gaisler.clint_ahb [\clint_ahb(hindex=5,haddr=3584,n...]
Compiling architecture rtl of entity gaisler.plic_gateway [\plic_gateway(pendingbuff=1,irqt...]
Compiling architecture rtl of entity gaisler.plic_encoder [\plic_encoder(srcbits=5,prbits=3...]
Compiling architecture rtl of entity gaisler.plic_target [\plic_target(srcbits=5)\]
Compiling architecture rtl of entity gaisler.grplic_ahb [\grplic_ahb(hindex=6,haddr=3968,...]
Compiling architecture hier of entity gaisler.noelvsys [\noelvsys(fabtech=50,memtech=50,...]
Compiling architecture beh of entity grlib.report_version [\report_version(msg1="grversion1...]
Compiling architecture rtl of entity gaisler.grversion [\grversion(pindex=1,paddr=2064,v...]
Compiling architecture beh of entity grlib.report_version [\report_version(msg1="testmod2:_...]
Compiling architecture rtl of entity gaisler.ahbrep [\ahbrep(hindex=2,haddr=2048)\]
Compiling architecture rtl of entity work.noelvcore [\noelvcore(fabtech=50,memtech=50...]
Compiling architecture ibuf_v of entity unisim.IBUF [\IBUF(iostandard="LVCMOS12")(1,9...]
Compiling architecture rtl of entity techmap.unisim_inpad [\unisim_inpad(level=1,voltage=12...]
Compiling architecture rtl of entity techmap.inpad [\inpad(tech=50,level=1,voltage=1...]
Compiling architecture ibuf_v of entity unisim.IBUF [\IBUF(iostandard="LVCMOS18")(1,9...]
Compiling architecture rtl of entity techmap.unisim_inpad [\unisim_inpad(level=1,voltage=1)...]
Compiling architecture rtl of entity techmap.inpad [\inpad(tech=50,level=1,voltage=1...]
Compiling architecture obuf_v of entity unisim.OBUF [\OBUF(iostandard="LVCMOS18")(1,9...]
Compiling architecture rtl of entity techmap.unisim_outpad [\unisim_outpad(level=1,voltage=1...]
Compiling architecture rtl of entity techmap.outpad [\outpad(tech=50,level=1,voltage=...]
Compiling architecture beh of entity grlib.report_version [\report_version(msg1="NOEL-V_Dem...]
Compiling architecture beh of entity grlib.report_design [\report_design(msg1="NOEL-V_Demo...]
Compiling architecture rtl of entity work.noelvmp [\noelvmp(fabtech=50,memtech=50,p...]
Compiling architecture behav of entity work.testbench
Built simulation snapshot testbench_behav
